gene_id	likelihood	aic	w
aln_w	-11597.3259170626	23208.7	0.0988734
aln_w	-4483.37653629797	8980.75	0.130057
aln_w	-6066.56605800402	12147.1	0.104723
aln_w	-3923.2637244479	7860.53	0.145625
aln_w	-6578.74378502132	13171.5	0.0848569
aln_w	-4641.84306239124	9297.69	0.0793658
aln_w	-6911.84531257008	13837.7	0.207258
aln_w	-763.459871510667	1540.92	0.171531
aln_w	-4913.04595693872	9840.09	0.168066
aln_w	-12659.0132641796	25332	0.138188
aln_w	-2494.37343850708	5002.75	0.170059
aln_w	-2364.08204584949	4742.16	0.189583
aln_w	-4302.58589429911	8619.17	0.0854683
aln_w	-4143.52619625502	8301.05	0.140931
aln_w	-4981.41938996591	9976.84	0.105947
aln_w	-12062.3285039892	24138.7	0.0486485
aln_w	-2234.99654839723	4483.99	0.10495
aln_w	-4346.50695875313	8707.01	0.113838
aln_w	-1783.99198748194	3581.98	0.132838
aln_w	-3686.03603309173	7386.07	0.116198
aln_w	-5243.61060770882	10501.2	0.161198
aln_w	-6246.38297796542	12506.8	0.138511
aln_w	-12054.2870640565	24122.6	0.152356
aln_w	-4049.63470751777	8113.27	0.115217
aln_w	-3062.96497307544	6139.93	0.106637
aln_w	-13428.9370364911	26871.9	0.136012
aln_w	-4064.38309694869	8142.77	0.166668
aln_w	-8740.23613149929	17494.5	0.166567
aln_w	-5094.8610255049	10203.7	0.163386
aln_w	-2890.273636583	5794.55	0.111045
aln_w	-6071.81371835665	12157.6	0.0771632
aln_w	-4986.78124223345	9987.56	0.0893206
aln_w	-7156.83425437841	14327.7	0.0974097
aln_w	-4309.03919900866	8632.08	0.0596961
aln_w	-1914.46113510675	3842.92	0.117693
aln_w	-4339.7862360129	8693.57	0.128498
aln_w	-1513.79493617266	3041.59	0.110137
aln_w	-7337.98739906868	14690	0.108084
aln_w	-7411.20858606474	14836.4	0.161883
aln_w	-7454.7185876541	14923.4	0.195694
aln_w	-4051.21812884881	8116.44	0.0567569
aln_w	-6936.07402957696	13886.1	0.133698
aln_w	-5552.8216237763	11119.6	0.0990532
aln_w	-5242.45626324006	10498.9	0.145508
aln_w	-6453.49850596075	12921	0.0895062
aln_w	-4087.145124269	8188.29	0.173915
aln_w	-4541.15428465897	9096.31	0.0372093
aln_w	-3309.21555497284	6632.43	0.0636613
aln_w	-3358.88271522389	6731.77	0.386425
aln_w	-10929.9988404291	21874	0.0778905
aln_w	-2387.0012620106	4788	0.204322
aln_w	-4204.45181032379	8422.9	0.190402
aln_w	-3810.27644162784	7634.55	0.217678
aln_w	-4821.83500626174	9657.67	0.183033
aln_w	-6879.02409569141	13772	0.125413
aln_w	-3354.1249316999	6722.25	0.08094
aln_w	-9598.65612628195	19211.3	0.0824546
aln_w	-7522.68999901904	15059.4	0.140668
aln_w	-4934.95397917072	9883.91	0.0649813
aln_w	-10471.9105927192	20957.8	0.0636156
aln_w	-3202.94944760252	6419.9	0.060419
aln_w	-3984.67327998122	7983.35	0.116022
aln_w	-2304.64312980014	4623.29	0.130932
aln_w	-3096.13200123224	6206.26	0.113725
aln_w	-4221.871974289	8457.74	0.0956816
aln_w	-3403.35061565472	6820.7	0.0798475
aln_w	-1733.31884383992	3480.64	0.110005
aln_w	-4760.3928718385	9534.79	0.14055
aln_w	-4223.65648043395	8461.31	0.126902
aln_w	-3057.53601058947	6129.07	0.196948
aln_w	-6964.19507581333	13942.4	0.14867
aln_w	-5389.03913265186	10792.1	0.2169
aln_w	-1443.8469601938	2901.69	0.027536
aln_w	-4055.68566153848	8125.37	0.212549
aln_w	-12356.7094791291	24727.4	0.119178
aln_w	-5671.32688313922	11356.7	0.0997824
aln_w	-1358.50208684154	2731	0.0670734
aln_w	-3465.58459836963	6945.17	0.143178
aln_w	-1608.23765482792	3230.48	0.077066
aln_w	-3451.10773269043	6916.22	0.0656075
aln_w	-13733.9885779895	27482	0.131967
aln_w	-3425.3092585955	6864.62	0.112251
aln_w	-2145.54978592403	4305.1	0.0699718
aln_w	-3331.09381102725	6676.19	0.184806
aln_w	-2674.67205424584	5363.34	0.0547499
aln_w	-2312.0453895116	4638.09	0.122778
aln_w	-6473.71033267432	12961.4	0.178219
aln_w	-3799.02380577769	7612.05	0.164573
aln_w	-4359.57475973264	8733.15	0.178472
aln_w	-6740.60562358689	13495.2	0.189748
aln_w	-10795.9605110201	21605.9	0.116363
aln_w	-2419.1794067505	4852.36	0.219869
aln_w	-4387.59816581994	8789.2	0.111263
aln_w	-1712.21768208999	3438.44	0.0751721
aln_w	-3567.76945883198	7149.54	0.132799
aln_w	-5682.38932942294	11378.8	0.118673
aln_w	-2862.98888321567	5739.98	0.109197
aln_w	-14296.7474615303	28607.5	0.0733151
aln_w	-3675.06743147862	7364.13	0.0735871
aln_w	-9232.7839323752	18479.6	0.282325
aln_w	-1475.29792129601	2964.6	0.183438
aln_w	-7237.73022591468	14489.5	0.0944471
aln_w	-3585.5438916149	7185.09	0.164872
aln_w	-2339.58156912989	4693.16	0.290519
aln_w	-3441.98317839066	6897.97	0.0768999
aln_w	-2951.21153166143	5916.42	0.0653553
aln_w	-4824.29043467288	9662.58	0.102168
aln_w	-2745.79030948617	5505.58	0.141334
aln_w	-4683.66780492716	9381.34	0.130806
aln_w	-6969.91825367947	13953.8	0.198179
aln_w	-4486.26344147875	8986.53	0.208466
aln_w	-4157.47342723341	8328.95	0.197813
aln_w	-2243.05769896954	4500.12	0.0957883
aln_w	-3559.49490767246	7132.99	0.111446
aln_w	-2427.13830960929	4868.28	0.076463
aln_w	-3617.70644134218	7249.41	0.101316
aln_w	-7054.04844901401	14122.1	0.13466
aln_w	-1746.50431318562	3507.01	0.0523093
aln_w	-7095.30366657046	14204.6	0.185093
aln_w	-5101.43598934453	10216.9	0.0868904
aln_w	-6525.60443808527	13065.2	0.162254
aln_w	-5759.72042702537	11533.4	0.198143
aln_w	-4946.18997100028	9906.38	0.304202
aln_w	-3594.56979903698	7203.14	0.312601
aln_w	-4333.94944675121	8681.9	0.126627
aln_w	-6623.16645352685	13260.3	0.147372
aln_w	-6253.38468965915	12520.8	0.133947
aln_w	-4871.51746000905	9757.03	0.100358
aln_w	-4278.09317325762	8570.19	0.0581013
aln_w	-1241.29206755121	2496.58	0.12683
aln_w	-7789.48029070658	15593	0.104649
aln_w	-4251.07048991162	8516.14	0.121037
aln_w	-6104.03239288805	12222.1	0.154159
aln_w	-1972.47009294796	3958.94	0.141675
aln_w	-1774.31744909568	3562.63	0.137465
aln_w	-5172.37845977733	10358.8	0.156456
aln_w	-2562.5747408103	5139.15	0.101649
aln_w	-8493.08697054217	17000.2	0.0821121
aln_w	-4896.72277294357	9807.45	0.169331
aln_w	-6715.52545814516	13445.1	0.112389
aln_w	-5370.8007227101	10755.6	0.212066
aln_w	-3148.89550989395	6311.79	0.164046
aln_w	-1578.53892183791	3171.08	0.136682
aln_w	-4984.14086497182	9982.28	0.137982
aln_w	-2286.05309979397	4586.11	0.0475407
aln_w	-4687.16600569113	9388.33	0.0465758
aln_w	-9024.10450857611	18062.2	0.0533257
aln_w	-1033.80868747591	2081.62	0.0804811
aln_w	-10729.60999588	21473.2	0.251541
aln_w	-3353.58004657709	6721.16	0.111436
aln_w	-9444.15495325138	18902.3	0.130267
aln_w	-9611.72113142766	19237.4	0.134617
aln_w	-1379.72054121628	2773.44	0.0857374
aln_w	-6441.91159450031	12897.8	0.137474
aln_w	-868.184564120442	1750.37	0.054765
aln_w	-6087.33896071596	12188.7	0.177602
aln_w	-3700.01037542158	7414.02	0.219268
aln_w	-2680.77376155834	5375.55	0.142689
aln_w	-10484.9823397637	20984	0.190521
aln_w	-1105.65881157571	2225.32	0.0323691
aln_w	-2545.62383702306	5105.25	0.0591566
aln_w	-7833.62615739799	15681.3	0.0899134
aln_w	-2701.38153502714	5416.76	0.106602
aln_w	-5504.48465473655	11023	0.183218
aln_w	-5302.14221835508	10618.3	0.286073
aln_w	-3948.38001522107	7910.76	0.0874345
aln_w	-3250.69749789163	6515.39	0.141213
aln_w	-5503.30199131905	11020.6	0.134047
aln_w	-2509.08937589994	5032.18	0.135539
aln_w	-4062.87960174438	8139.76	0.227543
aln_w	-1843.77335503018	3701.55	0.0968201
aln_w	-6034.76912048831	12083.5	0.086537
aln_w	-3989.26632953688	7992.53	0.0954669
aln_w	-2887.0095525398	5788.02	0.238637
aln_w	-3628.25653484785	7270.51	0.240529
aln_w	-3821.30856058246	7656.62	0.0496321
aln_w	-3430.22289744444	6874.45	0.169338
aln_w	-979.497415554387	1972.99	0.0510329
aln_w	-5167.25689109568	10348.5	0.112872
aln_w	-4694.05261349518	9402.11	0.0717425
aln_w	-8666.68339106406	17347.4	0.0930135
aln_w	-1875.17976083455	3764.36	0.0517458
aln_w	-3877.02889248502	7768.06	0.229431
aln_w	-5694.80531633573	11403.6	0.188766
aln_w	-3354.41489252752	6722.83	0.270798
aln_w	-10588.1766569988	21190.4	0.100349
aln_w	-4140.48961629286	8294.98	0.112783
aln_w	-8459.61400293431	16933.2	0.162436
aln_w	-3598.73444914299	7211.47	0.0639624
aln_w	-2257.26636541506	4528.53	0.116231
aln_w	-4476.5046867281	8967.01	0.0766956
aln_w	-5720.56770516533	11455.1	0.0652048
aln_w	-6434.50009184035	12883	0.197908
aln_w	-9342.10790784279	18698.2	0.182226
aln_w	-5830.98606393204	11676	0.11678
aln_w	-5829.89387672912	11673.8	0.177588
aln_w	-3701.78579625126	7417.57	0.120818
aln_w	-10781.1857099709	21576.4	0.235921
aln_w	-6897.50672504319	13809	0.0866395
aln_w	-1874.04123472837	3762.08	0.070799
aln_w	-2115.52131292431	4245.04	0.0854093
aln_w	-1534.93834329132	3083.88	0.136804
aln_w	-4583.33788061787	9180.68	0.245387
aln_w	-2779.71652471956	5573.43	0.195715
aln_w	-7366.13757812688	14746.3	0.0942364
aln_w	-3619.68724357138	7253.37	0.147729
aln_w	-5344.67856749669	10703.4	0.40078
aln_w	-5265.53562894866	10545.1	0.0746963
aln_w	-1573.51340045432	3161.03	0.193936
aln_w	-1591.04702214954	3196.09	0.181477
aln_w	-6462.9952161066	12940	0.048437
aln_w	-2803.00600906339	5620.01	0.0632388
aln_w	-11510.1777019765	23034.4	0.0891446
aln_w	-5007.8541603816	10029.7	0.124911
aln_w	-4218.04075853745	8450.08	0.070555
aln_w	-3343.56265447881	6701.13	0.0548281
aln_w	-6349.07080566074	12712.1	0.0987648
aln_w	-5130.85732077063	10275.7	0.155815
aln_w	-2780.72646282681	5575.45	0.0571624
aln_w	-2044.90089852157	4103.8	0.125978
aln_w	-7052.27980620706	14118.6	0.288813
aln_w	-5564.58762596481	11143.2	0.11161
aln_w	-1882.26270491953	3778.53	0.105206
aln_w	-3794.23077355814	7602.46	0.189964
aln_w	-4787.81377739402	9589.63	0.0783101
aln_w	-3041.88723926202	6097.77	0.0689495
aln_w	-5739.87638264573	11493.8	0.1686
aln_w	-4783.44589562208	9580.89	0.154611
aln_w	-5485.17123642093	10984.3	0.154571
aln_w	-3949.83069183665	7913.66	0.160633
aln_w	-5729.00755903287	11472	0.215429
aln_w	-6754.86252250549	13523.7	0.147596
aln_w	-4719.25672196781	9452.51	0.082086
aln_w	-7127.32823445668	14268.7	0.245258
aln_w	-5197.23770189137	10408.5	0.281867
aln_w	-4177.76821404278	8369.54	0.220187
aln_w	-8789.52371913347	17593	0.0657238
aln_w	-4678.50210133886	9371	0.119598
aln_w	-2120.63333989657	4255.27	0.0976453
aln_w	-6980.27210900133	13974.5	0.147642
aln_w	-2108.97267751078	4231.95	0.11991
aln_w	-6217.81529420174	12449.6	0.0784398
aln_w	-6923.8093611276	13861.6	0.203561
aln_w	-1188.16728549881	2390.33	0.135528
aln_w	-3327.75890895382	6669.52	0.11242
aln_w	-3534.11469585458	7082.23	0.124784
aln_w	-3488.99805078447	6992	0.132648
aln_w	-3251.63326323705	6517.27	0.112034
aln_w	-5159.12875060929	10332.3	0.248241
aln_w	-5258.22644753881	10530.5	0.193699
aln_w	-7227.92866433906	14469.9	0.260942
aln_w	-11843.4433968035	23700.9	0.222479
aln_w	-876.041159036133	1766.08	0.114305
aln_w	-1385.46366511202	2784.93	0.210448
aln_w	-9395.22528564938	18804.5	0.0639649
aln_w	-555.966420767218	1125.93	0.00438639
aln_w	-10038.4115574833	20090.8	0.203218
aln_w	-9924.10741056167	19862.2	0.19123
aln_w	-4252.07660677784	8518.15	0.0757488
aln_w	-1688.22642085474	3390.45	0.0115998
aln_w	-22439.2724831582	44892.5	0.222958
aln_w	-2968.80899872787	5951.62	0.155429
aln_w	-5807.71819452653	11629.4	0.0678988
aln_w	-5360.19342834762	10734.4	0.107974
aln_w	-3144.4294479886	6302.86	0.0683636
aln_w	-3952.10228458295	7918.2	0.12255
aln_w	-5301.34465899329	10616.7	0.118621
aln_w	-6447.09379452635	12908.2	0.135855
aln_w	-3144.56227217811	6303.12	0.125228
aln_w	-4768.32656228079	9550.65	0.0582067
aln_w	-1012.99930790117	2040	0.0653245
aln_w	-7602.75270708263	15219.5	0.0791428
aln_w	-5611.85654801383	11237.7	0.235715
aln_w	-4742.21872126652	9498.44	0.235398
aln_w	-4164.90861535339	8343.82	0.212038
aln_w	-5424.20884456181	10862.4	0.101059
aln_w	-3064.40267548381	6142.81	0.110791
aln_w	-2834.33933257022	5682.68	0.14138
aln_w	-3469.91480586135	6953.83	0.179747
aln_w	-5490.4956698897	10995	0.105557
aln_w	-5700.10469732395	11414.2	0.0852076
aln_w	-12454.1877446936	24922.4	0.113314
aln_w	-4531.52975589083	9077.06	0.0795639
aln_w	-6230.27868328099	12474.6	0.19758
aln_w	-10556.719634426	21127.4	0.138084
aln_w	-9421.77437273695	18857.5	0.134405
aln_w	-6907.63853437152	13829.3	0.17373
aln_w	-8700.25173786096	17414.5	0.165078
aln_w	-3629.88091123611	7273.76	0.220906
aln_w	-2082.1467803637	4178.29	0.0901683
aln_w	-2274.87116191089	4563.74	0.112343
aln_w	-4753.95990374999	9521.92	0.235112
aln_w	-11426.6372489246	22867.3	0.179281
aln_w	-2287.21198890085	4588.42	0.125348
aln_w	-1603.39749523477	3220.79	0.104994
aln_w	-1739.63035848077	3493.26	0.139782
aln_w	-4608.49042891043	9230.98	0.128497
aln_w	-4533.28461629334	9080.57	0.150777
aln_w	-3161.68177844388	6337.36	0.168099
aln_w	-5048.12593057682	10110.3	0.100937
aln_w	-5379.54349084178	10773.1	0.281083
aln_w	-5991.37984751228	11996.8	0.193336
aln_w	-3422.54105545812	6859.08	0.169339
aln_w	-6386.32779792393	12786.7	0.298316
aln_w	-4006.17125373116	8026.34	0.139175
aln_w	-1589.20041377227	3192.4	0.095625
aln_w	-3749.72114432034	7513.44	0.250414
aln_w	-5951.99700649223	11918	0.411898
aln_w	-7562.33613213344	15138.7	0.252554
aln_w	-5858.3856895578	11730.8	0.0839388
aln_w	-16091.9660691856	32197.9	0.10076
aln_w	-5962.16537004393	11938.3	0.132431
aln_w	-3520.50288812957	7055.01	0.101092
aln_w	-6188.87921297765	12391.8	0.123607
aln_w	-4295.84267525282	8605.69	0.146252
aln_w	-5121.40356461039	10256.8	0.131896
aln_w	-8239.9740403282	16493.9	0.193476
aln_w	-3250.69613666168	6515.39	0.0994091
aln_w	-5729.04232730907	11472.1	0.0780028
aln_w	-3350.13965086679	6714.28	0.172489
aln_w	-4994.02372081146	10002	0.0904852
aln_w	-2360.38309454487	4734.77	0.149769
aln_w	-1175.45372570402	2364.91	0.072374
aln_w	-3138.77173562243	6291.54	0.052067
aln_w	-3851.38862301606	7716.78	0.198985
aln_w	-1769.08157019886	3552.16	0.215047
aln_w	-3422.59646269392	6859.19	0.154912
aln_w	-2259.77689705325	4533.55	0.110505
aln_w	-2833.82054832784	5681.64	0.159405
aln_w	-4182.60310034455	8379.21	0.0633936
aln_w	-2794.40794694526	5602.82	0.12942
aln_w	-3151.58842545453	6317.18	0.0367962
aln_w	-4505.54698845093	9025.09	0.198005
aln_w	-3433.85024211742	6881.7	0.19247
aln_w	-5963.49504172521	11941	0.118855
aln_w	-4626.66171203759	9267.32	0.0938294
aln_w	-5129.62331346004	10273.2	0.237649
aln_w	-3397.04187564642	6808.08	0.068732
aln_w	-3674.46350927061	7362.93	0.0748458
aln_w	-5429.45415883491	10872.9	0.199572
aln_w	-4211.51906177335	8437.04	0.0939099
aln_w	-1712.97402739898	3439.95	0.153334
aln_w	-2962.24703956511	5938.49	0.128239
aln_w	-10078.400607241	20170.8	0.0762265
aln_w	-8336.13675758417	16686.3	0.138296
aln_w	-3825.74609776433	7665.49	0.053366
aln_w	-4881.50561382561	9777.01	0.0967894
aln_w	-4505.31495173505	9024.63	0.065214
aln_w	-6933.07585938861	13880.2	0.0955502
aln_w	-4680.00304933586	9374.01	0.29011
aln_w	-2607.84784909738	5229.7	0.114493
aln_w	-4584.23681041391	9182.47	0.257713
aln_w	-4284.54205826628	8583.08	0.155161
aln_w	-5107.52452794362	10229	0.0658714
aln_w	-6783.34462503454	13580.7	0.095914
aln_w	-8570.61056115446	17155.2	0.1648
aln_w	-4824.14662363969	9662.29	0.212377
aln_w	-2923.26782232157	5860.54	0.0872435
aln_w	-4449.376662559	8912.75	0.137924
aln_w	-5731.02231914546	11476	0.178964
aln_w	-11078.332022424	22170.7	0.0982789
aln_w	-4288.91536407294	8591.83	0.066493
aln_w	-2551.35530770091	5116.71	0.0679482
aln_w	-1689.18885360136	3392.38	0.179056
aln_w	-5693.97924225085	11402	0.120753
aln_w	-4071.91432527635	8157.83	0.161729
aln_w	-9663.31635152163	19340.6	0.158379
aln_w	-3218.89754874093	6451.8	0.0840569
aln_w	-3991.24539867815	7996.49	0.0763737
aln_w	-4299.59638831062	8613.19	0.0782827
aln_w	-4495.41850711261	9004.84	0.136988
aln_w	-4706.88470050938	9427.77	0.106833
aln_w	-8836.60732880966	17687.2	0.137341
aln_w	-5742.14108538938	11498.3	0.166059
aln_w	-2943.54146811995	5901.08	0.132322
aln_w	-2519.14269536618	5052.29	0.271096
aln_w	-5991.14334205127	11996.3	0.171651
aln_w	-8188.43483680612	16390.9	0.160101
aln_w	-8529.45719963211	17072.9	0.140179
aln_w	-4666.34629685573	9346.69	0.110301
aln_w	-2894.81983814842	5803.64	0.0477115
aln_w	-4432.25493412991	8878.51	0.0816644
aln_w	-3045.59272393604	6105.19	0.187054
aln_w	-18473.9300332724	36961.9	0.092459
aln_w	-3831.60861624096	7677.22	0.135934
aln_w	-4743.44365287047	9500.89	0.231619
aln_w	-6930.60099882741	13875.2	0.174676
aln_w	-1723.74492781597	3461.49	0.152764
aln_w	-2103.02939930079	4220.06	0.232091
aln_w	-5907.51136278567	11829	0.0734622
aln_w	-7104.97787029882	14224	0.103492
aln_w	-5059.90097578761	10133.8	0.194304
aln_w	-5945.68176907316	11905.4	0.242112
aln_w	-6624.81918505059	13263.6	0.0895309
aln_w	-6683.94881115506	13381.9	0.189929
aln_w	-10298.6283765614	20611.3	0.338819
aln_w	-2464.69874262236	4943.4	0.0538
aln_w	-3034.01618552777	6082.03	0.16538
aln_w	-13306.9714822209	26627.9	0.227215
aln_w	-6107.85062594064	12229.7	0.182929
aln_w	-3542.10237728079	7098.2	0.163415
aln_w	-3588.94940718128	7191.9	0.140986
aln_w	-2909.36829348531	5832.74	0.0829475
aln_w	-5393.59235861509	10801.2	0.0949171
aln_w	-3240.52102744629	6495.04	0.0928818
aln_w	-6231.50977757686	12477	0.15968
aln_w	-2497.57789015183	5009.16	0.151622
aln_w	-2195.1063670371	4404.21	0.135065
aln_w	-3237.76195065295	6489.52	0.135801
aln_w	-1439.23321614267	2892.47	0.0717437
aln_w	-3287.34631693581	6588.69	0.132779
aln_w	-5697.96878517567	11409.9	0.102848
aln_w	-763.159279948039	1540.32	0.185731
aln_w	-2331.66301683552	4677.33	0.182251
aln_w	-6746.97219707885	13507.9	0.147725
aln_w	-7842.07468289449	15698.1	0.245555
aln_w	-3212.09316899511	6438.19	0.0925775
aln_w	-6351.15969621299	12716.3	0.069031
aln_w	-6242.4540192479	12498.9	0.209348
aln_w	-10257.207075908	20528.4	0.0772428
aln_w	-4055.76018709208	8125.52	0.0866043
aln_w	-5522.60988570389	11059.2	0.132169
aln_w	-2625.09828160894	5264.2	0.154496
aln_w	-5518.06082675025	11050.1	0.33694
aln_w	-6348.88317047457	12711.8	0.285434
aln_w	-964.85806741003	1943.72	0.0311157
aln_w	-11140.5281390394	22295.1	0.139841
aln_w	-3880.77409144429	7775.55	0.074828
aln_w	-1006.08250526677	2026.17	0.0985774
aln_w	-7458.48785446994	14931	0.0813635
aln_w	-4488.04580369838	8990.09	0.178818
aln_w	-3176.09510106194	6366.19	0.173189
aln_w	-3533.85273165949	7081.71	0.221245
aln_w	-3977.62958640466	7969.26	0.108189
aln_w	-9457.19035944307	18928.4	0.108718
aln_w	-3055.02175786062	6124.04	0.187718
aln_w	-10169.5327167472	20353.1	0.183945
aln_w	-1512.55757670887	3039.12	0.135756
aln_w	-2229.02356197951	4472.05	0.136853
aln_w	-3234.76962804345	6483.54	0.0806614
aln_w	-2225.82424418374	4465.65	0.129329
aln_w	-6401.49229685421	12817	0.197958
aln_w	-3983.5735461491	7981.15	0.180539
aln_w	-1869.08675829742	3752.17	0.200711
aln_w	-8182.33630058973	16378.7	0.223984
aln_w	-6153.52660137474	12321.1	0.0999476
aln_w	-4475.28113657313	8964.56	0.124371
aln_w	-4444.3718461102	8902.74	0.126026
aln_w	-3622.17295643053	7258.35	0.100968
aln_w	-2784.02725135338	5582.05	0.280311
aln_w	-4847.20120836317	9708.4	0.267733
aln_w	-628.040895347426	1270.08	0.0977525
aln_w	-3829.62693409377	7673.25	0.0840043
aln_w	-9919.85441470598	19853.7	0.107175
aln_w	-3059.17752150965	6132.36	0.199462
aln_w	-2218.08592890917	4450.17	0.18378
aln_w	-1291.91871521529	2597.84	0.165303
aln_w	-6174.34905707612	12362.7	0.0758356
aln_w	-4161.49817584661	8337	0.104172
aln_w	-6031.71805744828	12077.4	0.0653171
aln_w	-5225.66350635672	10465.3	0.155993
aln_w	-6621.90329570551	13257.8	0.162324
aln_w	-4080.9082926681	8175.82	0.130409
aln_w	-4503.91670316875	9021.83	0.0870244
aln_w	-2879.8648077912	5773.73	0.109718
aln_w	-2432.85527622131	4879.71	0.0577912
aln_w	-3003.40009054221	6020.8	0.0751856
aln_w	-2281.98302171105	4577.97	0.195399
aln_w	-7821.12323361409	15656.2	0.110375
aln_w	-1990.08448841322	3994.17	0.161765
aln_w	-3444.92706246503	6903.85	0.114398
aln_w	-5020.53062940497	10055.1	0.116371
aln_w	-3499.59126968313	7013.18	0.24503
aln_w	-7648.98281120875	15312	0.11307
aln_w	-2565.73790666929	5145.48	0.151961
aln_w	-2511.29566386808	5036.59	0.106349
aln_w	-8449.93408684622	16913.9	0.0844987
aln_w	-2905.98610965132	5825.97	0.0965956
aln_w	-3852.47110199029	7718.94	0.160572
aln_w	-1463.70733506246	2941.41	0.138798
aln_w	-7728.36197346741	15470.7	0.154783
aln_w	-4700.79173452874	9415.58	0.194117
aln_w	-3850.09103978813	7714.18	0.0788835
aln_w	-8480.12546023069	16974.3	0.147856
aln_w	-5110.32240320612	10234.6	0.0988923
aln_w	-3007.35168587742	6028.7	0.125904
aln_w	-3901.27076372999	7816.54	0.168818
aln_w	-3520.63386395573	7055.27	0.0833251
aln_w	-3162.0947663598	6338.19	0.125447
aln_w	-6150.92183010984	12315.8	0.0576333
aln_w	-12191.1755594255	24396.4	0.284167
aln_w	-2427.33585417707	4868.67	0.0546027
aln_w	-2815.70856282595	5645.42	0.0954612
aln_w	-5323.37972922519	10660.8	0.0984118
aln_w	-8636.51992137757	17287	0.0855974
aln_w	-5093.35078295926	10200.7	0.202447
aln_w	-3564.55006217036	7143.1	0.116979
aln_w	-6139.35639239009	12292.7	0.230399
aln_w	-7130.28774304238	14274.6	0.264722
aln_w	-2766.35018775363	5546.7	0.0798138
aln_w	-6582.23409644873	13178.5	0.0930107
aln_w	-4203.63275557692	8421.27	0.078568
aln_w	-4510.04678947216	9034.09	0.259507
aln_w	-2806.22044540474	5626.44	0.178354
aln_w	-1967.59337347786	3949.19	0.209246
aln_w	-3571.71734991435	7157.43	0.138305
aln_w	-8043.877305968	16101.8	0.11568
aln_w	-1127.98060491606	2269.96	0.210616
aln_w	-4629.06979241523	9272.14	0.101817
aln_w	-9800.55003664799	19615.1	0.16855
aln_w	-6702.64405253646	13419.3	0.258264
aln_w	-17636.3939366564	35286.8	0.316463
aln_w	-2749.9162590107	5513.83	0.0818785
aln_w	-16789.7502555041	33593.5	0.21727
aln_w	-10827.7116761592	21669.4	0.0926117
aln_w	-3599.2574561992	7212.51	0.10648
aln_w	-8886.84187322779	17787.7	0.0644673
aln_w	-4315.93592099939	8645.87	0.0507968
aln_w	-6458.25910313544	12930.5	0.169818
aln_w	-4991.1720848704	9996.34	0.134172
aln_w	-10764.1726605133	21542.3	0.154303
aln_w	-5458.33877116761	10930.7	0.252101
aln_w	-10480.1284407563	20974.3	0.281551
aln_w	-6145.50898740487	12305	0.123383
aln_w	-6365.11404778961	12744.2	0.0899051
aln_w	-8079.45201257666	16172.9	0.113375
aln_w	-1134.16839159688	2282.34	0.083557
aln_w	-2541.30435007808	5096.61	0.214861
aln_w	-1879.59536813546	3773.19	0.0656253
aln_w	-3610.95212419633	7235.9	0.0735108
aln_w	-12032.7425126438	24079.5	0.126186
aln_w	-5223.80186895859	10461.6	0.0699333
aln_w	-2163.81616462907	4341.63	0.124835
aln_w	-6707.75799119684	13429.5	0.0644043
aln_w	-2394.92112960545	4803.84	0.0392919
aln_w	-1999.2705824808	4012.54	0.179367
aln_w	-4942.27457460336	9898.55	0.0488374
aln_w	-2231.47397395506	4476.95	0.148902
aln_w	-4665.64002235236	9345.28	0.105613
aln_w	-8377.50085625187	16769	0.0903979
aln_w	-2764.82803341112	5543.66	0.188497
aln_w	-4142.01632083171	8298.03	0.204833
aln_w	-5354.88920087527	10723.8	0.202643
aln_w	-2825.97155997041	5665.94	0.109556
aln_w	-6267.24568967915	12548.5	0.0585779
aln_w	-2176.96570648381	4367.93	0.126884
aln_w	-4043.7251504344	8101.45	0.206526
aln_w	-7215.85636996929	14445.7	0.224871
aln_w	-4059.81012805061	8133.62	0.0932803
aln_w	-3548.55841707284	7111.12	0.0807002
aln_w	-3935.33157718576	7884.66	0.139064
aln_w	-5284.65531577579	10583.3	0.171972
aln_w	-6231.87310341968	12477.7	0.15534
aln_w	-5179.00901512345	10372	0.0973875
aln_w	-1456.38979954202	2926.78	0.194793
aln_w	-4865.93841794233	9745.88	0.0765014
aln_w	-2831.79045924595	5677.58	0.0987437
aln_w	-2595.85538597272	5205.71	0.205213
aln_w	-3679.87503621584	7373.75	0.114185
aln_w	-5251.79727016005	10517.6	0.0918536
aln_w	-6274.33117890126	12562.7	0.107542
aln_w	-5336.34653214672	10686.7	0.168531
aln_w	-10008.3263706556	20030.7	0.128932
aln_w	-5815.21968462211	11644.4	0.284318
aln_w	-4047.7206013557	8109.44	0.164549
aln_w	-4034.6377415473	8083.28	0.0820888
aln_w	-807.880003528519	1629.76	0.0502823
aln_w	-1811.56148286871	3637.12	0.0564655
aln_w	-4433.43543096846	8880.87	0.117757
aln_w	-5473.58606046078	10961.2	0.117676
aln_w	-3843.85600330868	7701.71	0.0749313
aln_w	-5175.50833413916	10365	0.127112
aln_w	-22571.7384770581	45157.5	0.111285
aln_w	-2110.22623565844	4234.45	0.206626
aln_w	-5410.45988077462	10834.9	0.113712
aln_w	-14087.4185369788	28188.8	0.318334
aln_w	-2838.82512420213	5691.65	0.0763804
aln_w	-5997.38788735586	12008.8	0.237343
aln_w	-4089.4213822214	8192.84	0.132111
aln_w	-1917.12845794118	3848.26	0.0843903
aln_w	-8075.43506596781	16164.9	0.167833
aln_w	-3274.34463762163	6562.69	0.094721
aln_w	-2425.73074192922	4865.46	0.0538325
aln_w	-4568.99606836028	9151.99	0.108952
aln_w	-9199.48928017071	18413	0.0773795
aln_w	-7743.2792165305	15500.6	0.124771
aln_w	-6065.60345100894	12145.2	0.071594
aln_w	-5607.7654869414	11229.5	0.0627746
aln_w	-7560.40996995002	15134.8	0.159121
aln_w	-6409.88197365931	12833.8	0.0963066
aln_w	-5925.08514246892	11864.2	0.161689
aln_w	-3602.65257833637	7219.31	0.29102
aln_w	-5722.16522418962	11458.3	0.132433
aln_w	-4615.16398518523	9244.33	0.065143
aln_w	-6028.46867282669	12070.9	0.298385
aln_w	-4970.30960143628	9954.62	0.0802008
aln_w	-1787.28288040111	3588.57	0.112143
aln_w	-6539.50862244464	13093	0.142828
aln_w	-5068.63260395321	10151.3	0.106576
aln_w	-2137.84647279187	4289.69	0.103985
aln_w	-3498.39861119787	7010.8	0.110757
aln_w	-3382.45912262678	6778.92	0.0988866
aln_w	-4568.53715695143	9151.07	0.0746703
aln_w	-1156.38962047944	2326.78	0.0245934
aln_w	-5636.15804406212	11286.3	0.0817006
aln_w	-17850.2417927775	35714.5	0.102372
aln_w	-8425.81078109444	16865.6	0.198582
aln_w	-2896.49268832429	5806.99	0.191651
aln_w	-1300.74562513377	2615.49	0.0875129
aln_w	-1960.91672018457	3935.83	0.120906
aln_w	-3526.95608308854	7067.91	0.134629
aln_w	-3675.77949448752	7365.56	0.137655
aln_w	-3787.00117849412	7588	0.0716219
aln_w	-2593.79095031521	5201.58	0.0541134
aln_w	-5173.8819386181	10361.8	0.169291
aln_w	-6815.36909226329	13644.7	0.0502357
aln_w	-5373.90771452123	10761.8	0.218446
aln_w	-3522.03513047967	7058.07	0.236646
aln_w	-1982.59928386883	3979.2	0.0538377
aln_w	-6214.12950693617	12442.3	0.116217
aln_w	-3468.24351760209	6950.49	0.119232
aln_w	-5842.84161222086	11699.7	0.218971
aln_w	-14124.6504299523	28263.3	0.143251
aln_w	-6845.84280213258	13705.7	0.129029
aln_w	-10800.5341537681	21615.1	0.069394
aln_w	-4406.04357077017	8826.09	0.0954151
aln_w	-3358.92923976095	6731.86	0.120413
aln_w	-1554.70196378107	3123.4	0.165227
aln_w	-6033.49421972173	12081	0.134149
aln_w	-5335.96559205611	10685.9	0.106854
aln_w	-5056.7707213673	10127.5	0.106632
aln_w	-917.276290006513	1848.55	0.0887252
aln_w	-2712.61283247963	5439.23	0.136839
aln_w	-2205.597034903	4425.19	0.168125
aln_w	-868.636517184547	1751.27	0.146473
aln_w	-5370.69829647992	10755.4	0.0564874
aln_w	-4155.54895688372	8325.1	0.158123
aln_w	-2788.00793580252	5590.02	0.176296
aln_w	-4100.39901421055	8214.8	0.104303
aln_w	-8698.7599670093	17411.5	0.153386
aln_w	-1648.33183246816	3310.66	0.173595
aln_w	-2305.53942726913	4625.08	0.113433
aln_w	-1977.38598520503	3968.77	0.0570059
aln_w	-5217.96320142201	10449.9	0.114839
aln_w	-2543.39787007925	5100.8	0.122362
aln_w	-2100.44078189108	4214.88	0.0762803
aln_w	-8146.20658328406	16306.4	0.137696
aln_w	-11884.584991137	23783.2	0.117075
aln_w	-3961.14665139818	7936.29	0.0788456
aln_w	-11836.6855706345	23687.4	0.0930212
aln_w	-6127.74618255113	12269.5	0.281014
aln_w	-2963.09435871932	5940.19	0.129218
aln_w	-3936.23894406748	7886.48	0.139804
aln_w	-1942.19457648067	3898.39	0.0809688
aln_w	-4044.81701505053	8103.63	0.21349
aln_w	-1458.78049423406	2931.56	0.15993
aln_w	-3194.71280843803	6403.43	0.158072
aln_w	-7229.70526437652	14473.4	0.145541
aln_w	-3449.90490863477	6913.81	0.0491617
aln_w	-3614.66976846052	7243.34	0.113561
aln_w	-7903.45916982246	15820.9	0.0993363
aln_w	-9285.76928649697	18585.5	0.154371
aln_w	-1569.78480519113	3153.57	0.0901818
aln_w	-3349.72506621133	6713.45	0.119761
aln_w	-4277.69227188968	8569.38	0.0729059
aln_w	-6191.9293148927	12397.9	0.0692129
aln_w	-4067.23653353982	8148.47	0.156587
aln_w	-9632.28994883509	19278.6	0.0781428
aln_w	-7270.41768853921	14554.8	0.251264
aln_w	-15263.2775212973	30540.6	0.210053
aln_w	-2481.39969085276	4976.8	0.194104
aln_w	-4461.3145634567	8936.63	0.139261
aln_w	-6109.88792594304	12233.8	0.0921041
aln_w	-6074.04338401872	12162.1	0.123668
aln_w	-4339.39397583108	8692.79	0.167812
aln_w	-3605.00027143582	7224	0.176587
aln_w	-5278.86300685728	10571.7	0.106939
aln_w	-2087.69261689423	4189.39	0.147328
aln_w	-3900.58596595566	7815.17	0.0530316
aln_w	-6985.17698229861	13984.4	0.225589
aln_w	-2781.37639122393	5576.75	0.247907
aln_w	-3969.78688286333	7953.57	0.105301
aln_w	-6477.11525378723	12968.2	0.122337
aln_w	-11400.1450734003	22814.3	0.211821
aln_w	-21014.2388545401	42042.5	0.209536
aln_w	-16695.2935826869	33404.6	0.187856
aln_w	-19447.9740382839	38909.9	0.186231
aln_w	-3289.48966194915	6592.98	0.0640906
aln_w	-4145.1369776949	8304.27	0.105994
aln_w	-11405.797189837	22825.6	0.131737
aln_w	-2148.72138749006	4311.44	0.0829393
aln_w	-3639.2946617803	7292.59	0.134047
aln_w	-6721.28372218256	13456.6	0.141965
aln_w	-6291.60307898018	12597.2	0.106813
aln_w	-9124.39303211966	18262.8	0.136612
aln_w	-4141.7411150988	8297.48	0.199821
aln_w	-4418.38573612418	8850.77	0.101656
aln_w	-2530.46586814846	5074.93	0.123802
aln_w	-2668.78563507366	5351.57	0.295001
aln_w	-1193.27785204753	2400.56	0.123182
aln_w	-5430.8470684596	10875.7	0.193536
aln_w	-12681.699995863	25377.4	0.113133
aln_w	-1818.40907498725	3650.82	0.154092
aln_w	-5086.75240638939	10187.5	0.116232
aln_w	-6600.08180244785	13214.2	0.161055
aln_w	-7186.62214797781	14387.2	0.217946
aln_w	-6522.14682962419	13058.3	0.13247
aln_w	-3196.94699342904	6407.89	0.187154
aln_w	-1391.7379837334	2797.48	0.11816
aln_w	-3472.58246876988	6959.16	0.199326
aln_w	-5481.11215744374	10976.2	0.104192
aln_w	-2946.20854233652	5906.42	0.103873
aln_w	-3773.94693664736	7561.89	0.0463408
aln_w	-4002.26446646651	8018.53	0.182315
aln_w	-4909.15805774378	9832.32	0.203983
aln_w	-3882.15962806491	7778.32	0.0934758
aln_w	-4311.13517624938	8636.27	0.0848105
aln_w	-8615.09106078573	17244.2	0.096269
aln_w	-3868.10943898163	7750.22	0.0628951
aln_w	-8232.49423431764	16479	0.0709196
aln_w	-4316.30818186683	8646.62	0.0591975
aln_w	-2896.3597956021	5806.72	0.174473
aln_w	-3817.52223253552	7649.04	0.169397
aln_w	-3041.20029846435	6096.4	0.14899
aln_w	-2142.32902779479	4298.66	0.0983919
aln_w	-3664.66603565664	7343.33	0.197526
aln_w	-3060.59209465707	6135.18	0.201967
aln_w	-2863.01376183992	5740.03	0.125437
aln_w	-5745.00371648343	11504	0.0934541
aln_w	-4095.66936907943	8205.34	0.199502
aln_w	-3288.84522298385	6591.69	0.143951
aln_w	-5427.02110720543	10868	0.162757
aln_w	-1116.06646415028	2246.13	0.0993451
aln_w	-5037.84550273365	10089.7	0.102169
aln_w	-2074.93972742061	4163.88	0.140823
aln_w	-4404.36264828415	8822.73	0.17381
aln_w	-6276.59713222816	12567.2	0.146528
aln_w	-5414.69296579103	10843.4	0.254098
aln_w	-7246.58501092262	14507.2	0.155432
aln_w	-3827.98495552288	7669.97	0.146752
aln_w	-10045.3861298704	20104.8	0.0950851
aln_w	-7569.61469054366	15153.2	0.0571865
aln_w	-2846.42949505943	5706.86	0.151536
aln_w	-4244.13606054208	8502.27	0.16881
aln_w	-3210.04984791726	6434.1	0.180631
aln_w	-7519.36790468403	15052.7	0.153574
aln_w	-3338.08157173472	6690.16	0.164226
aln_w	-5261.10974795001	10536.2	0.0882432
aln_w	-2909.24679137137	5832.49	0.102296
aln_w	-2000.76499767769	4015.53	0.234265
aln_w	-6802.17406305879	13618.3	0.0934219
aln_w	-15588.2929262025	31190.6	0.163981
aln_w	-3191.70300602261	6397.41	0.211929
aln_w	-6625.97019203072	13265.9	0.165325
aln_w	-1922.53035870162	3859.06	0.175471
aln_w	-3040.63238304303	6095.26	0.113302
aln_w	-4537.45479996453	9088.91	0.0733906
aln_w	-448.292616800504	910.585	0
aln_w	-8647.59379313493	17309.2	0.131899
aln_w	-6364.82721813021	12743.7	0.053181
aln_w	-5026.55957920683	10067.1	0.141209
aln_w	-3424.06770356267	6862.14	0.127771
aln_w	-11971.8195692783	23957.6	0.102548
aln_w	-3953.53002034214	7921.06	0.0982128
aln_w	-12656.9353545185	25327.9	0.291346
aln_w	-2425.16007910661	4864.32	0.0488795
aln_w	-2954.21041831894	5922.42	0.151219
aln_w	-2707.20265875318	5428.41	0.251178
aln_w	-2018.17128429521	4050.34	0.287134
aln_w	-2719.0720048425	5452.14	0.208497
aln_w	-7495.33403050876	15004.7	0.121242
aln_w	-3314.01659680379	6642.03	0.183983
aln_w	-8308.80698731324	16631.6	0.105086
aln_w	-882.272756450898	1778.55	0.168324
aln_w	-5010.22725475477	10034.5	0.140109
aln_w	-1824.8689471063	3663.74	0.104792
aln_w	-10574.0580663678	21162.1	0.117049
aln_w	-5828.15683173799	11670.3	0.095297
aln_w	-1681.44050408451	3376.88	0.108787
aln_w	-1460.97711760107	2935.95	0.170191
aln_w	-6045.93696282187	12105.9	0.074536
aln_w	-4396.4542857218	8806.91	0.150234
aln_w	-7121.73181314065	14257.5	0.063867
aln_w	-2229.89164282577	4473.78	0.0614332
aln_w	-1190.25103788736	2394.5	0.147272
aln_w	-2012.33213965442	4038.66	0.0800652
aln_w	-5156.10051402021	10326.2	0.0993821
aln_w	-921.92941822115	1857.86	0.077591
aln_w	-911.68214783539	1837.36	0.199824
aln_w	-4481.23664655309	8976.47	0.0984761
aln_w	-1501.37446024443	3016.75	0.150634
aln_w	-5346.29516968603	10706.6	0.0664738
aln_w	-1108.09953242309	2230.2	0.107802
aln_w	-3002.96167119973	6019.92	0.116544
aln_w	-2740.7468118463	5495.49	0.170163
aln_w	-3375.3343027022	6764.67	0.0819764
aln_w	-3941.0592766394	7896.12	0.0908897
aln_w	-4800.39520371861	9614.79	0.139405
aln_w	-2806.99750402462	5628	0.14746
aln_w	-3029.8865294042	6073.77	0.203053
aln_w	-2832.2528426597	5678.51	0.163391
aln_w	-2906.72175657288	5827.44	0.0559366
aln_w	-6431.4324547485	12876.9	0.107655
aln_w	-2279.65423182044	4573.31	0.105901
aln_w	-3281.05839065448	6576.12	0.0360336
aln_w	-1235.33387736098	2484.67	0.0945307
aln_w	-3557.12972884578	7128.26	0.169831
aln_w	-11362.4902679141	22739	0.109591
aln_w	-2558.93862425292	5131.88	0.153274
aln_w	-2634.92090025409	5283.84	0.107742
aln_w	-1096.25520071935	2206.51	0.0997957
aln_w	-1103.61106249525	2221.22	0.135303
aln_w	-6177.17710350539	12368.4	0.160413
aln_w	-1817.58152224707	3649.16	0.147742
aln_w	-5458.92485013271	10931.8	0.127794
aln_w	-2024.64887958821	4063.3	0.0831263
aln_w	-6799.02893863493	13612.1	0.122552
aln_w	-5943.08914792331	11900.2	0.0541322
aln_w	-2330.81497431312	4675.63	0.138856
aln_w	-4878.83844591975	9771.68	0.115561
aln_w	-3681.21338109059	7376.43	0.0282842
aln_w	-1969.40616765553	3952.81	0.193669
aln_w	-4997.30172522899	10008.6	0.0608054
aln_w	-4035.03779905036	8084.08	0.10128
aln_w	-695.515272062139	1405.03	0.0110337
aln_w	-5030.1189771644	10074.2	0.176291
aln_w	-3356.6050003057	6727.21	0.209672
aln_w	-2170.52275318179	4355.05	0.0724098
aln_w	-4973.53047934292	9961.06	0.151924
aln_w	-7303.92402250231	14621.8	0.162632
aln_w	-5968.44436611894	11950.9	0.0461215
aln_w	-956.824981476864	1927.65	0.0729111
aln_w	-2310.38920832781	4634.78	0.0235971
aln_w	-1690.36368920849	3394.73	0.0921542
aln_w	-1083.64493979876	2181.29	0.133331
aln_w	-3782.308234499	7578.62	0.0369662
aln_w	-1375.89593013863	2765.79	0.136782
aln_w	-491.740400256576	997.481	0.13741
aln_w	-1296.67747452271	2607.35	0.0930217
aln_w	-913.069140274636	1840.14	0.113545
aln_w	-1610.75173694953	3235.5	0.131594
aln_w	-1031.56226473125	2077.12	0.127031
aln_w	-801.745566156267	1617.49	0.132859
aln_w	-1397.57444015734	2809.15	0.0789016
aln_w	-887.342525391093	1788.69	0.100145
aln_w	-985.405360673852	1984.81	0.0831775
aln_w	-1819.38282288858	3652.77	0.0474224
aln_w	-788.555103601978	1591.11	0.0799206
aln_w	-614.094976332725	1242.19	0.0436063
aln_w	-2257.38083367612	4528.76	0.0612258
aln_w	-757.418263112396	1528.84	0.147407
aln_w	-1616.06899675382	3246.14	0.0686428
aln_w	-684.483195320731	1382.97	0.0397954
aln_w	-7016.31183125958	14046.6	0.125629
aln_w	-1306.28592433794	2626.57	0.0584113
aln_w	-1011.61784366144	2037.24	0.0420293
aln_w	-2225.03752435781	4464.08	0.212481
aln_w	-2295.35186135322	4604.7	0.198889
aln_w	-3141.18436528466	6296.37	0.0769372
aln_w	-4046.08770291159	8106.18	0.187063
aln_w	-2219.37845082689	4452.76	0.135382
aln_w	-8856.04231139483	17726.1	0.102202
aln_w	-1102.54450752662	2219.09	0.258669
aln_w	-1834.00133361006	3682	0.100214
aln_w	-2032.71583490597	4079.43	0.010663
aln_w	-3009.86331946028	6033.73	0.150811
aln_w	-2642.23448578155	5298.47	0.122277
aln_w	-8076.61294022348	16167.2	0.20586
aln_w	-4374.63784931164	8763.28	0.0847919
aln_w	-2986.90634183855	5987.81	0.0861864
aln_w	-4247.48846380638	8508.98	0.150252
aln_w	-7419.90897100592	14853.8	0.304878
aln_w	-5345.95620860466	10705.9	0.138335
aln_w	-12261.4940357851	24537	0.117006
aln_w	-2901.95231350228	5817.9	0.152622
aln_w	-13659.4812864742	27333	0.290417
aln_w	-1978.77091490244	3971.54	0.143321
aln_w	-4490.93831662721	8995.88	0.16475
aln_w	-7298.26031806628	14610.5	0.0952854
aln_w	-6529.15930844592	13072.3	0.109149
aln_w	-2761.20527996027	5536.41	0.0493478
aln_w	-2270.62769913055	4555.26	0.102145
aln_w	-10277.2417127518	20568.5	0.0992542
aln_w	-4582.01296367992	9178.03	0.209486
aln_w	-2279.75818980641	4573.52	0.0538855
aln_w	-3481.7828679059	6977.57	0.0742856
aln_w	-4956.88521115104	9927.77	0.229376
aln_w	-1796.61721009516	3607.23	0.177193
aln_w	-7618.84721758559	15251.7	0.120343
aln_w	-4756.53906904064	9527.08	0.0882571
aln_w	-2597.01180157235	5208.02	0.158498
aln_w	-5116.86278251228	10247.7	0.10296
aln_w	-3153.19507510323	6320.39	0.119247
aln_w	-5955.55190727054	11925.1	0.198437
aln_w	-3164.03409488063	6342.07	0.0772389
aln_w	-5386.0187168282	10786	0.143305
aln_w	-2767.37098706335	5548.74	0.0730941
aln_w	-7864.06064252463	15742.1	0.227184
aln_w	-3336.17859786375	6686.36	0.209344
aln_w	-1585.16003531271	3184.32	0.226825
aln_w	-14870.919569156	29755.8	0.282986
aln_w	-1221.75548976493	2457.51	0.124457
aln_w	-3355.89521032165	6725.79	0.115928
aln_w	-7189.64949960375	14393.3	0.110968
aln_w	-1672.73201361648	3359.46	0.0530085
aln_w	-9360.31222411422	18734.6	0.108791
aln_w	-3925.89801891042	7865.8	0.106524
aln_w	-6033.50604375478	12081	0.0830466
aln_w	-4438.24012798121	8890.48	0.073668
aln_w	-4175.16064351431	8364.32	0.064683
aln_w	-3898.47152142554	7810.94	0.0728499
aln_w	-3984.46511657583	7982.93	0.0528189
aln_w	-3424.77576465159	6863.55	0.243536
aln_w	-9381.49095736736	18777	0.110488
aln_w	-2979.38116656687	5972.76	0.0299292
aln_w	-2186.75916528074	4387.52	0.0979434
aln_w	-3485.718075628	6985.44	0.0678779
aln_w	-4771.9790992592	9557.96	0.0999784
aln_w	-1808.54037770727	3631.08	0.0973323
aln_w	-2270.25668238969	4554.51	0.201157
aln_w	-7271.82864854359	14557.7	0.191288
aln_w	-5467.74151359986	10949.5	0.202105
aln_w	-3967.38299045975	7948.77	0.0751092
aln_w	-5263.36778348837	10540.7	0.135254
aln_w	-6076.13327001283	12166.3	0.207107
aln_w	-8361.52069819616	16737	0.226131
aln_w	-6447.78693468991	12909.6	0.117144
aln_w	-2467.81640746976	4949.63	0.121308
aln_w	-4134.53193209713	8283.06	0.112466
aln_w	-459.06919652618	932.138	0.0668567
aln_w	-653.902191735611	1321.8	0.147456
aln_w	-6072.85537191731	12159.7	0.142635
aln_w	-1968.81419207175	3951.63	0.0943087
aln_w	-2569.0235837279	5152.05	0.074289
aln_w	-2841.81067148585	5697.62	0.0836589
aln_w	-3255.57433705659	6525.15	0.105631
aln_w	-3830.79485945342	7675.59	0.0808532
aln_w	-2598.21593185557	5210.43	0.105306
aln_w	-820.407364941882	1654.81	0.125667
aln_w	-8093.00108903769	16200	0.0522064
aln_w	-10174.552435306	20363.1	0.108899
aln_w	-9594.43119868896	19202.9	0.174157
aln_w	-9328.02481409276	18670	0.0778295
aln_w	-4986.02883801808	9986.06	0.108065
aln_w	-4745.07728600421	9504.15	0.0695672
aln_w	-5383.65536346645	10781.3	0.0589834
aln_w	-1258.0953165901	2530.19	0.147805
aln_w	-7197.83584556957	14409.7	0.133109
aln_w	-6208.60156576615	12431.2	0.0859237
aln_w	-3037.62143127149	6089.24	0.0670548
aln_w	-4019.27108769814	8052.54	0.0701902
aln_w	-4689.8504783707	9393.7	0.141607
aln_w	-8031.15435408122	16076.3	0.101813
aln_w	-6806.67598132862	13627.4	0.129288
aln_w	-1544.82100830069	3103.64	0.0972738
aln_w	-4224.18641152679	8462.37	0.0542899
aln_w	-2940.35472208527	5894.71	0.0962726
aln_w	-4922.42294566377	9858.85	0.0583402
aln_w	-2228.53941359209	4471.08	0.218402
aln_w	-1586.42881558673	3186.86	0.12243
aln_w	-3353.78290966019	6721.57	0.16137
aln_w	-8250.75900603768	16515.5	0.0743346
aln_w	-2444.30969871393	4902.62	0.205275
aln_w	-1904.29203462034	3822.58	0.0579021
aln_w	-5213.24425150417	10440.5	0.181905
aln_w	-1464.37422366058	2942.75	0.124511
aln_w	-1273.08489333475	2560.17	0.246586
aln_w	-3752.91635881558	7519.83	0.0561257
aln_w	-7979.08832207858	15972.2	0.0607121
aln_w	-7092.47048148355	14198.9	0.0834781
aln_w	-4677.66222876298	9369.32	0.0841743
aln_w	-5676.87351305482	11367.7	0.0671951
aln_w	-9255.79994637889	18525.6	0.0703016
aln_w	-7868.27973921995	15750.6	0.152917
aln_w	-5178.15282640062	10370.3	0.0721792
aln_w	-1319.44227146458	2652.88	0.0947771
aln_w	-3897.60567640434	7809.21	0.017319
aln_w	-5670.14119244262	11354.3	0.132489
aln_w	-5945.81446237819	11905.6	0.168633
aln_w	-5754.91877240284	11523.8	0.122465
aln_w	-6162.80840892065	12339.6	0.11961
aln_w	-3959.68879389886	7933.38	0.341869
aln_w	-5238.39470645543	10490.8	0.114548
aln_w	-6455.43761347536	12924.9	0.15913
aln_w	-6760.93951186958	13535.9	0.120407
aln_w	-4015.39424049903	8044.79	0.150641
aln_w	-6783.66680996142	13581.3	0.247286
aln_w	-4372.36914658009	8758.74	0.277818
aln_w	-5106.83732440884	10227.7	0.178887
aln_w	-11378.2804414721	22770.6	0.10826
aln_w	-3597.82421104217	7209.65	0.0912408
aln_w	-4023.40880002844	8060.82	0.221462
aln_w	-4737.35465958917	9488.71	0.157444
aln_w	-4098.44045039789	8210.88	0.222032
aln_w	-8746.78822098003	17507.6	0.0522414
aln_w	-3878.18211281248	7770.36	0.0701416
aln_w	-5004.85493287085	10023.7	0.166512
aln_w	-2592.68131655262	5199.36	0.201305
aln_w	-8612.47646222682	17239	0.0992132
aln_w	-10357.0552869504	20728.1	0.102983
aln_w	-3241.35825581252	6496.72	0.0869757
aln_w	-7898.15957937822	15810.3	0.162732
aln_w	-3328.11201700715	6670.22	0.0857603
aln_w	-3806.48827963521	7626.98	0.321928
aln_w	-7664.08463101945	15342.2	0.0983166
aln_w	-3799.50683521793	7613.01	0.120443
aln_w	-2687.31835620973	5388.64	0.150307
aln_w	-6326.57970260609	12667.2	0.0631585
aln_w	-3546.39489525181	7106.79	0.114529
aln_w	-6706.08566658273	13426.2	0.126003
aln_w	-3188.92864071488	6391.86	0.224279
aln_w	-6342.65708870573	12699.3	0.0607687
aln_w	-3287.9312028538	6589.86	0.212189
aln_w	-2939.55335264108	5893.11	0.232301
aln_w	-5602.75824649884	11219.5	0.176164
aln_w	-3180.59802829847	6375.2	0.150024
aln_w	-13329.707193754	26673.4	0.120391
aln_w	-2945.53263105235	5905.07	0.122455
aln_w	-6380.19140929261	12774.4	0.0785849
aln_w	-4743.45064840213	9500.9	0.0754055
aln_w	-5451.44543244106	10916.9	0.0855802
aln_w	-6823.36104814612	13660.7	0.0913977
aln_w	-3231.21215780253	6476.42	0.161578
aln_w	-2062.59128781454	4139.18	0.142991
aln_w	-2534.3333236146	5082.67	0.0932268
aln_w	-5999.10682852379	12012.2	0.0780568
aln_w	-2787.52319217153	5589.05	0.0579794
aln_w	-3945.41168505905	7904.82	0.0842926
aln_w	-4525.09678358	9064.19	0.091468
aln_w	-3192.08290720709	6398.17	0.111692
aln_w	-3879.45058630572	7772.9	0.334501
aln_w	-3854.67408512616	7723.35	0.117857
aln_w	-6385.43643642513	12784.9	0.0791918
aln_w	-4774.29705853822	9562.59	0.217458
aln_w	-1094.39666521717	2202.79	0.170527
aln_w	-1947.84043103415	3909.68	0.0865566
aln_w	-5087.17520116487	10188.4	0.0818613
aln_w	-1973.29875107731	3960.6	0.0544732
aln_w	-5325.05805062335	10664.1	0.262244
aln_w	-11720.3880751867	23454.8	0.129703
aln_w	-792.534123597441	1599.07	0.112654
aln_w	-1041.96480214015	2097.93	0.0452296
aln_w	-5207.99344117588	10430	0.126843
aln_w	-3722.72666000534	7459.45	0.0647277
aln_w	-5618.33750651268	11250.7	0.116772
aln_w	-3540.17001914197	7094.34	0.110909
aln_w	-6141.13151245966	12296.3	0.0994265
aln_w	-4013.71526305924	8041.43	0.0664693
aln_w	-5978.8934459768	11971.8	0.0794589
aln_w	-2801.77268269203	5617.55	0.0759632
aln_w	-2066.88183766642	4147.76	0.223748
aln_w	-5413.76179015973	10841.5	0.119929
aln_w	-4628.10895527619	9270.22	0.190744
aln_w	-6126.31617832693	12266.6	0.195243
aln_w	-5290.91401846387	10595.8	0.129099
aln_w	-4408.77861534579	8831.56	0.0699581
aln_w	-1540.21244988585	3094.42	0.179737
aln_w	-1742.67497372807	3499.35	0.0314399
aln_w	-1245.36528206836	2504.73	0.0803272
aln_w	-2253.37247103013	4520.74	0.0891934
aln_w	-1362.29251413682	2738.59	0.198312
aln_w	-1107.62963337075	2229.26	0.159572
aln_w	-12329.1897656278	24672.4	0.0500525
aln_w	-13728.8790175808	27471.8	0.070821
aln_w	-5550.5287552552	11115.1	0.131727
aln_w	-4568.77743290699	9151.55	0.0816102
aln_w	-3706.5114971377	7427.02	0.160872
aln_w	-2598.11251162583	5210.23	0.0880114
aln_w	-928.211792092352	1870.42	0.106994
aln_w	-6163.43561952346	12340.9	0.121447
aln_w	-6925.2426099424	13864.5	0.0914621
aln_w	-4398.51322589248	8811.03	0.0956347
aln_w	-6714.94693464384	13443.9	0.166254
aln_w	-7023.86136259171	14061.7	0.0845799
aln_w	-4416.07561772107	8846.15	0.12646
aln_w	-11798.6036413742	23611.2	0.121315
aln_w	-2508.54009420093	5031.08	0.0678494
aln_w	-2862.98854129798	5739.98	0.158211
aln_w	-5245.66908353202	10505.3	0.129917
aln_w	-5808.40913105091	11630.8	0.0698095
aln_w	-6424.24379574974	12862.5	0.173445
aln_w	-11255.0317655384	22524.1	0.042224
aln_w	-2242.9371368329	4499.87	0.137021
aln_w	-7982.91248594503	15979.8	0.117085
aln_w	-3440.63443899932	6895.27	0.236947
aln_w	-10324.7681220417	20663.5	0.229993
aln_w	-5793.95260128666	11601.9	0.088671
aln_w	-1058.99341360663	2131.99	0.125893
aln_w	-5530.35339698845	11074.7	0.0877564
aln_w	-1931.92064482963	3877.84	0.180428
aln_w	-5339.13254077652	10692.3	0.163038
aln_w	-2096.64558179493	4207.29	0.0723338
aln_w	-2337.70799613888	4689.42	0.224893
aln_w	-4557.55720275629	9129.11	0.101497
aln_w	-17967.2733693523	35948.5	0.149855
aln_w	-4850.62938985679	9715.26	0.168062
aln_w	-5143.51621016332	10301	0.122797
aln_w	-2413.2077768133	4840.42	0.0793761
aln_w	-2400.44861237093	4814.9	0.155103
aln_w	-7902.94413593328	15819.9	0.225688
aln_w	-10860.8248195022	21735.6	0.211356
aln_w	-4204.45508350747	8422.91	0.13543
aln_w	-1162.6795179081	2339.36	0.140267
aln_w	-5385.78505480589	10785.6	0.0825476
aln_w	-5785.09517140618	11584.2	0.155566
aln_w	-4458.41105005934	8930.82	0.126213
aln_w	-4818.00320872549	9650.01	0.0913563
aln_w	-11240.2203805211	22494.4	0.11348
aln_w	-3184.39422538899	6382.79	0.0825043
aln_w	-1215.78154833676	2445.56	0.172674
aln_w	-520.44513022172	1054.89	0.045672
aln_w	-1565.414093127	3144.83	0.184972
aln_w	-3753.94878945807	7521.9	0.140835
aln_w	-1013.99551588589	2041.99	0.124069
aln_w	-9240.1851512885	18494.4	0.167262
aln_w	-21898.6824114533	43811.4	0.207022
aln_w	-1724.58430092316	3463.17	0.166298
aln_w	-1915.22408552974	3844.45	0.0584979
aln_w	-4120.38433709282	8254.77	0.0735751
aln_w	-6241.76345490585	12497.5	0.103724
aln_w	-2639.06236572532	5292.12	0.134521
aln_w	-1701.7387803711	3417.48	0.0924951
aln_w	-2181.8285816925	4377.66	0.129677
aln_w	-4038.53566597052	8091.07	0.087317
aln_w	-1956.57777987039	3927.16	0.142878
aln_w	-11591.0197126971	23196	0.0880172
aln_w	-2208.02640106357	4430.05	0.20581
aln_w	-6030.71193199066	12075.4	0.0538582
aln_w	-5409.02024983248	10832	0.13707
aln_w	-5108.05003749364	10230.1	0.0980313
aln_w	-5679.22724016449	11372.5	0.188036
aln_w	-2645.11462784632	5304.23	0.334249
aln_w	-2497.972818785	5009.95	0.173402
aln_w	-6262.26245205838	12538.5	0.0609081
aln_w	-3724.70615345847	7463.41	0.141827
aln_w	-5323.69994000097	10661.4	0.0994731
aln_w	-3507.07369892708	7028.15	0.205589
aln_w	-4856.09135743274	9726.18	0.138383
aln_w	-5613.86250276787	11241.7	0.048027
aln_w	-6344.845771754	12703.7	0.0613042
aln_w	-1829.25345761099	3672.51	0.172035
aln_w	-4722.07141845194	9458.14	0.163839
aln_w	-2584.93937166267	5183.88	0.044478
