gene_id	likelihood	aic	w
b0002	-11597.3259170626	23208.7	0.0988734
b0003	-4483.37653629797	8980.75	0.130057
b0004	-6066.56605800402	12147.1	0.104723
b0006	-3923.2637244479	7860.53	0.145625
b0014	-6578.74378502132	13171.5	0.0848569
b0015	-4641.84306239124	9297.69	0.0793658
b0019	-6911.84531257008	13837.7	0.207258
b0023	-763.459871510667	1540.92	0.171531
b0025	-4913.04595693872	9840.09	0.168066
b0026	-12659.0132641796	25332	0.138188
b0027	-2494.37343850708	5002.75	0.170059
b0028	-2364.08204584949	4742.16	0.189583
b0029	-4302.58589429911	8619.17	0.0854683
b0031	-4143.52619625502	8301.05	0.140931
b0032	-4981.41938996591	9976.84	0.105947
b0033	-12062.3285039892	24138.7	0.0486485
b0048	-2234.99654839723	4483.99	0.10495
b0049	-4346.50695875313	8707.01	0.113838
b0050	-1783.99198748194	3581.98	0.132838
b0051	-3686.03603309173	7386.07	0.116198
b0052	-5243.61060770882	10501.2	0.161198
b0053	-6246.38297796542	12506.8	0.138511
b0054	-12054.2870640565	24122.6	0.152356
b0055	-4049.63470751777	8113.27	0.115217
b0058	-3062.96497307544	6139.93	0.106637
b0059	-13428.9370364911	26871.9	0.136012
b0066	-4064.38309694869	8142.77	0.166668
b0067	-8740.23613149929	17494.5	0.166567
b0068	-5094.8610255049	10203.7	0.163386
b0071	-2890.273636583	5794.55	0.111045
b0072	-6071.81371835665	12157.6	0.0771632
b0073	-4986.78124223345	9987.56	0.0893206
b0074	-7156.83425437841	14327.7	0.0974097
b0080	-4309.03919900866	8632.08	0.0596961
b0081	-1914.46113510675	3842.92	0.117693
b0082	-4339.7862360129	8693.57	0.128498
b0083	-1513.79493617266	3041.59	0.110137
b0084	-7337.98739906868	14690	0.108084
b0085	-7411.20858606474	14836.4	0.161883
b0086	-7454.7185876541	14923.4	0.195694
b0087	-4051.21812884881	8116.44	0.0567569
b0088	-6936.07402957696	13886.1	0.133698
b0089	-5552.8216237763	11119.6	0.0990532
b0090	-5242.45626324006	10498.9	0.145508
b0091	-6453.49850596075	12921	0.0895062
b0093	-4087.145124269	8188.29	0.173915
b0094	-4541.15428465897	9096.31	0.0372093
b0096	-3309.21555497284	6632.43	0.0636613
b0097	-3358.88271522389	6731.77	0.386425
b0098	-10929.9988404291	21874	0.0778905
b0099	-2387.0012620106	4788	0.204322
b0102	-4204.45181032379	8422.9	0.190402
b0103	-3810.27644162784	7634.55	0.217678
b0109	-4821.83500626174	9657.67	0.183033
b0112	-6879.02409569141	13772	0.125413
b0113	-3354.1249316999	6722.25	0.08094
b0114	-9598.65612628195	19211.3	0.0824546
b0115	-7522.68999901904	15059.4	0.140668
b0116	-4934.95397917072	9883.91	0.0649813
b0118	-10471.9105927192	20957.8	0.0636156
b0120	-3202.94944760252	6419.9	0.060419
b0121	-3984.67327998122	7983.35	0.116022
b0125	-2304.64312980014	4623.29	0.130932
b0126	-3096.13200123224	6206.26	0.113725
b0127	-4221.871974289	8457.74	0.0956816
b0128	-3403.35061565472	6820.7	0.0798475
b0131	-1733.31884383992	3480.64	0.110005
b0133	-4760.3928718385	9534.79	0.14055
b0134	-4223.65648043395	8461.31	0.126902
b0142	-3057.53601058947	6129.07	0.196948
b0143	-6964.19507581333	13942.4	0.14867
b0144	-5389.03913265186	10792.1	0.2169
b0145	-1443.8469601938	2901.69	0.027536
b0146	-4055.68566153848	8125.37	0.212549
b0149	-12356.7094791291	24727.4	0.119178
b0154	-5671.32688313922	11356.7	0.0997824
b0156	-1358.50208684154	2731	0.0670734
b0159	-3465.58459836963	6945.17	0.143178
b0163	-1608.23765482792	3230.48	0.077066
b0166	-3451.10773269043	6916.22	0.0656075
b0167	-13733.9885779895	27482	0.131967
b0168	-3425.3092585955	6864.62	0.112251
b0169	-2145.54978592403	4305.1	0.0699718
b0170	-3331.09381102725	6676.19	0.184806
b0171	-2674.67205424584	5363.34	0.0547499
b0172	-2312.0453895116	4638.09	0.122778
b0173	-6473.71033267432	12961.4	0.178219
b0174	-3799.02380577769	7612.05	0.164573
b0175	-4359.57475973264	8733.15	0.178472
b0176	-6740.60562358689	13495.2	0.189748
b0177	-10795.9605110201	21605.9	0.116363
b0178	-2419.1794067505	4852.36	0.219869
b0179	-4387.59816581994	8789.2	0.111263
b0180	-1712.21768208999	3438.44	0.0751721
b0181	-3567.76945883198	7149.54	0.132799
b0182	-5682.38932942294	11378.8	0.118673
b0183	-2862.98888321567	5739.98	0.109197
b0184	-14296.7474615303	28607.5	0.0733151
b0185	-3675.06743147862	7364.13	0.0735871
b0188	-9232.7839323752	18479.6	0.282325
b0189	-1475.29792129601	2964.6	0.183438
b0194	-7237.73022591468	14489.5	0.0944471
b0195	-3585.5438916149	7185.09	0.164872
b0196	-2339.58156912989	4693.16	0.290519
b0197	-3441.98317839066	6897.97	0.0768999
b0198	-2951.21153166143	5916.42	0.0653553
b0199	-4824.29043467288	9662.58	0.102168
b0200	-2745.79030948617	5505.58	0.141334
b0209	-4683.66780492716	9381.34	0.130806
b0211	-6969.91825367947	13953.8	0.198179
b0212	-4486.26344147875	8986.53	0.208466
b0213	-4157.47342723341	8328.95	0.197813
b0214	-2243.05769896954	4500.12	0.0957883
b0215	-3559.49490767246	7132.99	0.111446
b0222	-2427.13830960929	4868.28	0.076463
b0223	-3617.70644134218	7249.41	0.101316
b0237	-7054.04844901401	14122.1	0.13466
b0238	-1746.50431318562	3507.01	0.0523093
b0239	-7095.30366657046	14204.6	0.185093
b0242	-5101.43598934453	10216.9	0.0868904
b0243	-6525.60443808527	13065.2	0.162254
b0369	-5759.72042702537	11533.4	0.198143
b0386	-4946.18997100028	9906.38	0.304202
b0388	-3594.56979903698	7203.14	0.312601
b0393	-4333.94944675121	8681.9	0.126627
b0401	-6623.16645352685	13260.3	0.147372
b0402	-6253.38468965915	12520.8	0.133947
b0405	-4871.51746000905	9757.03	0.100358
b0406	-4278.09317325762	8570.19	0.0581013
b0407	-1241.29206755121	2496.58	0.12683
b0408	-7789.48029070658	15593	0.104649
b0409	-4251.07048991162	8516.14	0.121037
b0414	-6104.03239288805	12222.1	0.154159
b0415	-1972.47009294796	3958.94	0.141675
b0416	-1774.31744909568	3562.63	0.137465
b0417	-5172.37845977733	10358.8	0.156456
b0418	-2562.5747408103	5139.15	0.101649
b0420	-8493.08697054217	17000.2	0.0821121
b0421	-4896.72277294357	9807.45	0.169331
b0423	-6715.52545814516	13445.1	0.112389
b0425	-5370.8007227101	10755.6	0.212066
b0434	-3148.89550989395	6311.79	0.164046
b0435	-1578.53892183791	3171.08	0.136682
b0436	-4984.14086497182	9982.28	0.137982
b0437	-2286.05309979397	4586.11	0.0475407
b0438	-4687.16600569113	9388.33	0.0465758
b0439	-9024.10450857611	18062.2	0.0533257
b0440	-1033.80868747591	2081.62	0.0804811
b0441	-10729.60999588	21473.2	0.251541
b0444	-3353.58004657709	6721.16	0.111436
b0448	-9444.15495325138	18902.3	0.130267
b0449	-9611.72113142766	19237.4	0.134617
b0450	-1379.72054121628	2773.44	0.0857374
b0451	-6441.91159450031	12897.8	0.137474
b0460	-868.184564120442	1750.37	0.054765
b0463	-6087.33896071596	12188.7	0.177602
b0464	-3700.01037542158	7414.02	0.219268
b0469	-2680.77376155834	5375.55	0.142689
b0470	-10484.9823397637	20984	0.190521
b0471	-1105.65881157571	2225.32	0.0323691
b0472	-2545.62383702306	5105.25	0.0591566
b0473	-7833.62615739799	15681.3	0.0899134
b0474	-2701.38153502714	5416.76	0.106602
b0475	-5504.48465473655	11023	0.183218
b0482	-5302.14221835508	10618.3	0.286073
b0489	-3948.38001522107	7910.76	0.0874345
b0495	-3250.69749789163	6515.39	0.141213
b0522	-5503.30199131905	11020.6	0.134047
b0523	-2509.08937589994	5032.18	0.135539
b0524	-4062.87960174438	8139.76	0.227543
b0525	-1843.77335503018	3701.55	0.0968201
b0526	-6034.76912048831	12083.5	0.086537
b0529	-3989.26632953688	7992.53	0.0954669
b0605	-2887.0095525398	5788.02	0.238637
b0622	-3628.25653484785	7270.51	0.240529
b0628	-3821.30856058246	7656.62	0.0496321
b0630	-3430.22289744444	6874.45	0.169338
b0631	-979.497415554387	1972.99	0.0510329
b0632	-5167.25689109568	10348.5	0.112872
b0634	-4694.05261349518	9402.11	0.0717425
b0635	-8666.68339106406	17347.4	0.0930135
b0636	-1875.17976083455	3764.36	0.0517458
b0639	-3877.02889248502	7768.06	0.229431
b0640	-5694.80531633573	11403.6	0.188766
b0641	-3354.41489252752	6722.83	0.270798
b0642	-10588.1766569988	21190.4	0.100349
b0655	-4140.48961629286	8294.98	0.112783
b0657	-8459.61400293431	16933.2	0.162436
b0658	-3598.73444914299	7211.47	0.0639624
b0659	-2257.26636541506	4528.53	0.116231
b0660	-4476.5046867281	8967.01	0.0766956
b0661	-5720.56770516533	11455.1	0.0652048
b0662	-6434.50009184035	12883	0.197908
b0674	-9342.10790784279	18698.2	0.182226
b0676	-5830.98606393204	11676	0.11678
b0677	-5829.89387672912	11673.8	0.177588
b0678	-3701.78579625126	7417.57	0.120818
b0679	-10781.1857099709	21576.4	0.235921
b0680	-6897.50672504319	13809	0.0866395
b0683	-1874.04123472837	3762.08	0.070799
b0684	-2115.52131292431	4245.04	0.0854093
b0685	-1534.93834329132	3083.88	0.136804
b0686	-4583.33788061787	9180.68	0.245387
b0687	-2779.71652471956	5573.43	0.195715
b0688	-7366.13757812688	14746.3	0.0942364
b0710	-3619.68724357138	7253.37	0.147729
b0713	-5344.67856749669	10703.4	0.40078
b0720	-5265.53562894866	10545.1	0.0746963
b0721	-1573.51340045432	3161.03	0.193936
b0722	-1591.04702214954	3196.09	0.181477
b0723	-6462.9952161066	12940	0.048437
b0724	-2803.00600906339	5620.01	0.0632388
b0726	-11510.1777019765	23034.4	0.0891446
b0727	-5007.8541603816	10029.7	0.124911
b0728	-4218.04075853745	8450.08	0.070555
b0729	-3343.56265447881	6701.13	0.0548281
b0733	-6349.07080566074	12712.1	0.0987648
b0734	-5130.85732077063	10275.7	0.155815
b0737	-2780.72646282681	5575.45	0.0571624
b0738	-2044.90089852157	4103.8	0.125978
b0739	-7052.27980620706	14118.6	0.288813
b0740	-5564.58762596481	11143.2	0.11161
b0741	-1882.26270491953	3778.53	0.105206
b0742	-3794.23077355814	7602.46	0.189964
b0754	-4787.81377739402	9589.63	0.0783101
b0755	-3041.88723926202	6097.77	0.0689495
b0757	-5739.87638264573	11493.8	0.1686
b0758	-4783.44589562208	9580.89	0.154611
b0759	-5485.17123642093	10984.3	0.154571
b0761	-3949.83069183665	7913.66	0.160633
b0767	-5729.00755903287	11472	0.215429
b0774	-6754.86252250549	13523.7	0.147596
b0775	-4719.25672196781	9452.51	0.082086
b0776	-7127.32823445668	14268.7	0.245258
b0777	-5197.23770189137	10408.5	0.281867
b0778	-4177.76821404278	8369.54	0.220187
b0779	-8789.52371913347	17593	0.0657238
b0780	-4678.50210133886	9371	0.119598
b0783	-2120.63333989657	4255.27	0.0976453
b0797	-6980.27210900133	13974.5	0.147642
b0812	-2108.97267751078	4231.95	0.11991
b0820	-6217.81529420174	12449.6	0.0784398
b0827	-6923.8093611276	13861.6	0.203561
b0849	-1188.16728549881	2390.33	0.135528
b0861	-3327.75890895382	6669.52	0.11242
b0862	-3534.11469585458	7082.23	0.124784
b0863	-3488.99805078447	6992	0.132648
b0864	-3251.63326323705	6517.27	0.112034
b0867	-5159.12875060929	10332.3	0.248241
b0874	-5258.22644753881	10530.5	0.193699
b0878	-7227.92866433906	14469.9	0.260942
b0879	-11843.4433968035	23700.9	0.222479
b0880	-876.041159036133	1766.08	0.114305
b0881	-1385.46366511202	2784.93	0.210448
b0882	-9395.22528564938	18804.5	0.0639649
b0884	-555.966420767218	1125.93	0.00438639
b0886	-10038.4115574833	20090.8	0.203218
b0887	-9924.10741056167	19862.2	0.19123
b0888	-4252.07660677784	8518.15	0.0757488
b0889	-1688.22642085474	3390.45	0.0115998
b0890	-22439.2724831582	44892.5	0.222958
b0891	-2968.80899872787	5951.62	0.155429
b0892	-5807.71819452653	11629.4	0.0678988
b0893	-5360.19342834762	10734.4	0.107974
b0902	-3144.4294479886	6302.86	0.0683636
b0904	-3952.10228458295	7918.2	0.12255
b0907	-5301.34465899329	10616.7	0.118621
b0908	-6447.09379452635	12908.2	0.135855
b0910	-3144.56227217811	6303.12	0.125228
b0911	-4768.32656228079	9550.65	0.0582067
b0912	-1012.99930790117	2040	0.0653245
b0914	-7602.75270708263	15219.5	0.0791428
b0915	-5611.85654801383	11237.7	0.235715
b0920	-4742.21872126652	9498.44	0.235398
b0921	-4164.90861535339	8343.82	0.212038
b0922	-5424.20884456181	10862.4	0.101059
b0923	-3064.40267548381	6142.81	0.110791
b0926	-2834.33933257022	5682.68	0.14138
b0927	-3469.91480586135	6953.83	0.179747
b0928	-5490.4956698897	10995	0.105557
b0930	-5700.10469732395	11414.2	0.0852076
b0932	-12454.1877446936	24922.4	0.113314
b0945	-4531.52975589083	9077.06	0.0795639
b0947	-6230.27868328099	12474.6	0.19758
b0948	-10556.719634426	21127.4	0.138084
b0949	-9421.77437273695	18857.5	0.134405
b0950	-6907.63853437152	13829.3	0.17373
b0951	-8700.25173786096	17414.5	0.165078
b0952	-3629.88091123611	7273.76	0.220906
b0954	-2082.1467803637	4178.29	0.0901683
b0956	-2274.87116191089	4563.74	0.112343
b0957	-4753.95990374999	9521.92	0.235112
b0962	-11426.6372489246	22867.3	0.179281
b0963	-2287.21198890085	4588.42	0.125348
b0966	-1603.39749523477	3220.79	0.104994
b0969	-1739.63035848077	3493.26	0.139782
b1091	-4608.49042891043	9230.98	0.128497
b1092	-4533.28461629334	9080.57	0.150777
b1093	-3161.68177844388	6337.36	0.168099
b1095	-5048.12593057682	10110.3	0.100937
b1096	-5379.54349084178	10773.1	0.281083
b1097	-5991.37984751228	11996.8	0.193336
b1098	-3422.54105545812	6859.08	0.169339
b1099	-6386.32779792393	12786.7	0.298316
b1100	-4006.17125373116	8026.34	0.139175
b1103	-1589.20041377227	3192.4	0.095625
b1105	-3749.72114432034	7513.44	0.250414
b1106	-5951.99700649223	11918	0.411898
b1107	-7562.33613213344	15138.7	0.252554
b1109	-5858.3856895578	11730.8	0.0839388
b1114	-16091.9660691856	32197.9	0.10076
b1116	-5962.16537004393	11938.3	0.132431
b1117	-3520.50288812957	7055.01	0.101092
b1118	-6188.87921297765	12391.8	0.123607
b1120	-4295.84267525282	8605.69	0.146252
b1128	-5121.40356461039	10256.8	0.131896
b1129	-8239.9740403282	16493.9	0.193476
b1130	-3250.69613666168	6515.39	0.0994091
b1131	-5729.04232730907	11472.1	0.0780028
b1132	-3350.13965086679	6714.28	0.172489
b1133	-4994.02372081146	10002	0.0904852
b1134	-2360.38309454487	4734.77	0.149769
b1174	-1175.45372570402	2364.91	0.072374
b1175	-3138.77173562243	6291.54	0.052067
b1176	-3851.38862301606	7716.78	0.198985
b1179	-1769.08157019886	3552.16	0.215047
b1180	-3422.59646269392	6859.19	0.154912
b1181	-2259.77689705325	4533.55	0.110505
b1185	-2833.82054832784	5681.64	0.159405
b1203	-4182.60310034455	8379.21	0.0633936
b1204	-2794.40794694526	5602.82	0.12942
b1207	-3151.58842545453	6317.18	0.0367962
b1208	-4505.54698845093	9025.09	0.198005
b1209	-3433.85024211742	6881.7	0.19247
b1210	-5963.49504172521	11941	0.118855
b1211	-4626.66171203759	9267.32	0.0938294
b1212	-5129.62331346004	10273.2	0.237649
b1215	-3397.04187564642	6808.08	0.068732
b1232	-3674.46350927061	7362.93	0.0748458
b1235	-5429.45415883491	10872.9	0.199572
b1236	-4211.51906177335	8437.04	0.0939099
b1237	-1712.97402739898	3439.95	0.153334
b1238	-2962.24703956511	5938.49	0.128239
b1241	-10078.400607241	20170.8	0.0762265
b1243	-8336.13675758417	16686.3	0.138296
b1244	-3825.74609776433	7665.49	0.053366
b1246	-4881.50561382561	9777.01	0.0967894
b1247	-4505.31495173505	9024.63	0.065214
b1249	-6933.07585938861	13880.2	0.0955502
b1252	-4680.00304933586	9374.01	0.29011
b1254	-2607.84784909738	5229.7	0.114493
b1255	-4584.23681041391	9182.47	0.257713
b1260	-4284.54205826628	8583.08	0.155161
b1261	-5107.52452794362	10229	0.0658714
b1263	-6783.34462503454	13580.7	0.095914
b1264	-8570.61056115446	17155.2	0.1648
b1266	-4824.14662363969	9662.29	0.212377
b1267	-2923.26782232157	5860.54	0.0872435
b1269	-4449.376662559	8912.75	0.137924
b1272	-5731.02231914546	11476	0.178964
b1274	-11078.332022424	22170.7	0.0982789
b1275	-4288.91536407294	8591.83	0.066493
b1277	-2551.35530770091	5116.71	0.0679482
b1279	-1689.18885360136	3392.38	0.179056
b1280	-5693.97924225085	11402	0.120753
b1281	-4071.91432527635	8157.83	0.161729
b1286	-9663.31635152163	19340.6	0.158379
b1288	-3218.89754874093	6451.8	0.0840569
b1290	-3991.24539867815	7996.49	0.0763737
b1291	-4299.59638831062	8613.19	0.0782827
b1292	-4495.41850711261	9004.84	0.136988
b1293	-4706.88470050938	9427.77	0.106833
b1294	-8836.60732880966	17687.2	0.137341
b1303	-5742.14108538938	11498.3	0.166059
b1304	-2943.54146811995	5901.08	0.132322
b1306	-2519.14269536618	5052.29	0.271096
b1322	-5991.14334205127	11996.3	0.171651
b1323	-8188.43483680612	16390.9	0.160101
b1329	-8529.45719963211	17072.9	0.140179
b1333	-4666.34629685573	9346.69	0.110301
b1334	-2894.81983814842	5803.64	0.0477115
b1344	-4432.25493412991	8878.51	0.0816644
b1412	-3045.59272393604	6105.19	0.187054
b1413	-18473.9300332724	36961.9	0.092459
b1539	-3831.60861624096	7677.22	0.135934
b1593	-4743.44365287047	9500.89	0.231619
b1594	-6930.60099882741	13875.2	0.174676
b1599	-1723.74492781597	3461.49	0.152764
b1600	-2103.02939930079	4220.06	0.232091
b1602	-5907.51136278567	11829	0.0734622
b1603	-7104.97787029882	14224	0.103492
b1604	-5059.90097578761	10133.8	0.194304
b1610	-5945.68176907316	11905.4	0.242112
b1611	-6624.81918505059	13263.6	0.0895309
b1613	-6683.94881115506	13381.9	0.189929
b1614	-10298.6283765614	20611.3	0.338819
b1627	-2464.69874262236	4943.4	0.0538
b1628	-3034.01618552777	6082.03	0.16538
b1629	-13306.9714822209	26627.9	0.227215
b1630	-6107.85062594064	12229.7	0.182929
b1631	-3542.10237728079	7098.2	0.163415
b1632	-3588.94940718128	7191.9	0.140986
b1633	-2909.36829348531	5832.74	0.0829475
b1637	-5393.59235861509	10801.2	0.0949171
b1638	-3240.52102744629	6495.04	0.0928818
b1640	-6231.50977757686	12477	0.15968
b1641	-2497.57789015183	5009.16	0.151622
b1642	-2195.1063670371	4404.21	0.135065
b1652	-3237.76195065295	6489.52	0.135801
b1654	-1439.23321614267	2892.47	0.0717437
b1662	-3287.34631693581	6588.69	0.132779
b1676	-5697.96878517567	11409.9	0.102848
b1677	-763.159279948039	1540.32	0.185731
b1679	-2331.66301683552	4677.33	0.182251
b1680	-6746.97219707885	13507.9	0.147725
b1681	-7842.07468289449	15698.1	0.245555
b1682	-3212.09316899511	6438.19	0.0925775
b1683	-6351.15969621299	12716.3	0.069031
b1688	-6242.4540192479	12498.9	0.209348
b1702	-10257.207075908	20528.4	0.0772428
b1703	-4055.76018709208	8125.52	0.0866043
b1704	-5522.60988570389	11059.2	0.132169
b1708	-2625.09828160894	5264.2	0.154496
b1709	-5518.06082675025	11050.1	0.33694
b1711	-6348.88317047457	12711.8	0.285434
b1712	-964.85806741003	1943.72	0.0311157
b1713	-11140.5281390394	22295.1	0.139841
b1714	-3880.77409144429	7775.55	0.074828
b1716	-1006.08250526677	2026.17	0.0985774
b1719	-7458.48785446994	14931	0.0813635
b1725	-4488.04580369838	8990.09	0.178818
b1726	-3176.09510106194	6366.19	0.173189
b1728	-3533.85273165949	7081.71	0.221245
b1749	-3977.62958640466	7969.26	0.108189
b1763	-9457.19035944307	18928.4	0.108718
b1765	-3055.02175786062	6124.04	0.187718
b1766	-10169.5327167472	20353.1	0.183945
b1777	-1512.55757670887	3039.12	0.135756
b1778	-2229.02356197951	4472.05	0.136853
b1779	-3234.76962804345	6483.54	0.0806614
b1789	-2225.82424418374	4465.65	0.129329
b1804	-6401.49229685421	12817	0.197958
b1807	-3983.5735461491	7981.15	0.180539
b1809	-1869.08675829742	3752.17	0.200711
b1812	-8182.33630058973	16378.7	0.223984
b1814	-6153.52660137474	12321.1	0.0999476
b1817	-4475.28113657313	8964.56	0.124371
b1818	-4444.3718461102	8902.74	0.126026
b1819	-3622.17295643053	7258.35	0.100968
b1820	-2784.02725135338	5582.05	0.280311
b1822	-4847.20120836317	9708.4	0.267733
b1823	-628.040895347426	1270.08	0.0977525
b1829	-3829.62693409377	7673.25	0.0840043
b1830	-9919.85441470598	19853.7	0.107175
b1832	-3059.17752150965	6132.36	0.199462
b1839	-2218.08592890917	4450.17	0.18378
b1842	-1291.91871521529	2597.84	0.165303
b1852	-6174.34905707612	12362.7	0.0758356
b1853	-4161.49817584661	8337	0.104172
b1854	-6031.71805744828	12077.4	0.0653171
b1855	-5225.66350635672	10465.3	0.155993
b1856	-6621.90329570551	13257.8	0.162324
b1858	-4080.9082926681	8175.82	0.130409
b1860	-4503.91670316875	9021.83	0.0870244
b1861	-2879.8648077912	5773.73	0.109718
b1863	-2432.85527622131	4879.71	0.0577912
b1864	-3003.40009054221	6020.8	0.0751856
b1865	-2281.98302171105	4577.97	0.195399
b1866	-7821.12323361409	15656.2	0.110375
b1869	-1990.08448841322	3994.17	0.161765
b1870	-3444.92706246503	6903.85	0.114398
b1871	-5020.53062940497	10055.1	0.116371
b1875	-3499.59126968313	7013.18	0.24503
b1876	-7648.98281120875	15312	0.11307
b1905	-2565.73790666929	5145.48	0.151961
b1912	-2511.29566386808	5036.59	0.106349
b1913	-8449.93408684622	16913.9	0.0844987
b1914	-2905.98610965132	5825.97	0.0965956
b1918	-3852.47110199029	7718.94	0.160572
b2007	-1463.70733506246	2941.41	0.138798
b2011	-7728.36197346741	15470.7	0.154783
b2016	-4700.79173452874	9415.58	0.194117
b2019	-3850.09103978813	7714.18	0.0788835
b2020	-8480.12546023069	16974.3	0.147856
b2022	-5110.32240320612	10234.6	0.0988923
b2023	-3007.35168587742	6028.7	0.125904
b2024	-3901.27076372999	7816.54	0.168818
b2025	-3520.63386395573	7055.27	0.0833251
b2026	-3162.0947663598	6338.19	0.125447
b2029	-6150.92183010984	12315.8	0.0576333
b2064	-12191.1755594255	24396.4	0.284167
b2065	-2427.33585417707	4868.67	0.0546027
b2066	-2815.70856282595	5645.42	0.0954612
b2113	-5323.37972922519	10660.8	0.0984118
b2114	-8636.51992137757	17287	0.0855974
b2143	-5093.35078295926	10200.7	0.202447
b2144	-3564.55006217036	7143.1	0.116979
b2151	-6139.35639239009	12292.7	0.230399
b2152	-7130.28774304238	14274.6	0.264722
b2153	-2766.35018775363	5546.7	0.0798138
b2156	-6582.23409644873	13178.5	0.0930107
b2168	-4203.63275557692	8421.27	0.078568
b2174	-4510.04678947216	9034.09	0.259507
b2175	-2806.22044540474	5626.44	0.178354
b2181	-1967.59337347786	3949.19	0.209246
b2183	-3571.71734991435	7157.43	0.138305
b2184	-8043.877305968	16101.8	0.11568
b2185	-1127.98060491606	2269.96	0.210616
b2186	-4629.06979241523	9272.14	0.101817
b2188	-9800.55003664799	19615.1	0.16855
b2214	-6702.64405253646	13419.3	0.258264
b2216	-17636.3939366564	35286.8	0.316463
b2217	-2749.9162590107	5513.83	0.0818785
b2218	-16789.7502555041	33593.5	0.21727
b2231	-10827.7116761592	21669.4	0.0926117
b2232	-3599.2574561992	7212.51	0.10648
b2234	-8886.84187322779	17787.7	0.0644673
b2235	-4315.93592099939	8645.87	0.0507968
b2253	-6458.25910313544	12930.5	0.169818
b2254	-4991.1720848704	9996.34	0.134172
b2255	-10764.1726605133	21542.3	0.154303
b2256	-5458.33877116761	10930.7	0.252101
b2257	-10480.1284407563	20974.3	0.281551
b2276	-6145.50898740487	12305	0.123383
b2277	-6365.11404778961	12744.2	0.0899051
b2278	-8079.45201257666	16172.9	0.113375
b2279	-1134.16839159688	2282.34	0.083557
b2280	-2541.30435007808	5096.61	0.214861
b2281	-1879.59536813546	3773.19	0.0656253
b2282	-3610.95212419633	7235.9	0.0735108
b2283	-12032.7425126438	24079.5	0.126186
b2284	-5223.80186895859	10461.6	0.0699333
b2285	-2163.81616462907	4341.63	0.124835
b2286	-6707.75799119684	13429.5	0.0644043
b2287	-2394.92112960545	4803.84	0.0392919
b2288	-1999.2705824808	4012.54	0.179367
b2290	-4942.27457460336	9898.55	0.0488374
b2295	-2231.47397395506	4476.95	0.148902
b2296	-4665.64002235236	9345.28	0.105613
b2297	-8377.50085625187	16769	0.0903979
b2299	-2764.82803341112	5543.66	0.188497
b2302	-4142.01632083171	8298.03	0.204833
b2304	-5354.88920087527	10723.8	0.202643
b2311	-2825.97155997041	5665.94	0.109556
b2312	-6267.24568967915	12548.5	0.0585779
b2313	-2176.96570648381	4367.93	0.126884
b2314	-4043.7251504344	8101.45	0.206526
b2315	-7215.85636996929	14445.7	0.224871
b2316	-4059.81012805061	8133.62	0.0932803
b2317	-3548.55841707284	7111.12	0.0807002
b2318	-3935.33157718576	7884.66	0.139064
b2319	-5284.65531577579	10583.3	0.171972
b2320	-6231.87310341968	12477.7	0.15534
b2323	-5179.00901512345	10372	0.0973875
b2325	-1456.38979954202	2926.78	0.194793
b2329	-4865.93841794233	9745.88	0.0765014
b2331	-2831.79045924595	5677.58	0.0987437
b2340	-2595.85538597272	5205.71	0.205213
b2346	-3679.87503621584	7373.75	0.114185
b2393	-5251.79727016005	10517.6	0.0918536
b2400	-6274.33117890126	12562.7	0.107542
b2410	-5336.34653214672	10686.7	0.168531
b2411	-10008.3263706556	20030.7	0.128932
b2412	-5815.21968462211	11644.4	0.284318
b2413	-4047.7206013557	8109.44	0.164549
b2414	-4034.6377415473	8083.28	0.0820888
b2415	-807.880003528519	1629.76	0.0502823
b2417	-1811.56148286871	3637.12	0.0564655
b2421	-4433.43543096846	8880.87	0.117757
b2422	-5473.58606046078	10961.2	0.117676
b2424	-3843.85600330868	7701.71	0.0749313
b2425	-5175.50833413916	10365	0.127112
b2470	-22571.7384770581	45157.5	0.111285
b2471	-2110.22623565844	4234.45	0.206626
b2472	-5410.45988077462	10834.9	0.113712
b2474	-14087.4185369788	28188.8	0.318334
b2476	-2838.82512420213	5691.65	0.0763804
b2477	-5997.38788735586	12008.8	0.237343
b2478	-4089.4213822214	8192.84	0.132111
b2480	-1917.12845794118	3848.26	0.0843903
b2494	-8075.43506596781	16164.9	0.167833
b2496	-3274.34463762163	6562.69	0.094721
b2498	-2425.73074192922	4865.46	0.0538325
b2499	-4568.99606836028	9151.99	0.108952
b2501	-9199.48928017071	18413	0.0773795
b2502	-7743.2792165305	15500.6	0.124771
b2507	-6065.60345100894	12145.2	0.071594
b2508	-5607.7654869414	11229.5	0.0627746
b2509	-7560.40996995002	15134.8	0.159121
b2511	-6409.88197365931	12833.8	0.0963066
b2512	-5925.08514246892	11864.2	0.161689
b2513	-3602.65257833637	7219.31	0.29102
b2514	-5722.16522418962	11458.3	0.132433
b2515	-4615.16398518523	9244.33	0.065143
b2516	-6028.46867282669	12070.9	0.298385
b2517	-4970.30960143628	9954.62	0.0802008
b2518	-1787.28288040111	3588.57	0.112143
b2523	-6539.50862244464	13093	0.142828
b2530	-5068.63260395321	10151.3	0.106576
b2531	-2137.84647279187	4289.69	0.103985
b2532	-3498.39861119787	7010.8	0.110757
b2533	-3382.45912262678	6778.92	0.0988866
b2551	-4568.53715695143	9151.07	0.0746703
b2553	-1156.38962047944	2326.78	0.0245934
b2554	-5636.15804406212	11286.3	0.0817006
b2557	-17850.2417927775	35714.5	0.102372
b2558	-8425.81078109444	16865.6	0.198582
b2559	-2896.49268832429	5806.99	0.191651
b2562	-1300.74562513377	2615.49	0.0875129
b2563	-1960.91672018457	3935.83	0.120906
b2564	-3526.95608308854	7067.91	0.134629
b2565	-3675.77949448752	7365.56	0.137655
b2566	-3787.00117849412	7588	0.0716219
b2567	-2593.79095031521	5201.58	0.0541134
b2568	-5173.8819386181	10361.8	0.169291
b2569	-6815.36909226329	13644.7	0.0502357
b2571	-5373.90771452123	10761.8	0.218446
b2572	-3522.03513047967	7058.07	0.236646
b2573	-1982.59928386883	3979.2	0.0538377
b2576	-6214.12950693617	12442.3	0.116217
b2580	-3468.24351760209	6950.49	0.119232
b2581	-5842.84161222086	11699.7	0.218971
b2584	-14124.6504299523	28263.3	0.143251
b2585	-6845.84280213258	13705.7	0.129029
b2592	-10800.5341537681	21615.1	0.069394
b2594	-4406.04357077017	8826.09	0.0954151
b2595	-3358.92923976095	6731.86	0.120413
b2597	-1554.70196378107	3123.4	0.165227
b2599	-6033.49421972173	12081	0.134149
b2600	-5335.96559205611	10685.9	0.106854
b2601	-5056.7707213673	10127.5	0.106632
b2606	-917.276290006513	1848.55	0.0887252
b2607	-2712.61283247963	5439.23	0.136839
b2608	-2205.597034903	4425.19	0.168125
b2609	-868.636517184547	1751.27	0.146473
b2610	-5370.69829647992	10755.4	0.0564874
b2611	-4155.54895688372	8325.1	0.158123
b2614	-2788.00793580252	5590.02	0.176296
b2615	-4100.39901421055	8214.8	0.104303
b2616	-8698.7599670093	17411.5	0.153386
b2618	-1648.33183246816	3310.66	0.173595
b2619	-2305.53942726913	4625.08	0.113433
b2620	-1977.38598520503	3968.77	0.0570059
b2678	-5217.96320142201	10449.9	0.114839
b2684	-2543.39787007925	5100.8	0.122362
b2687	-2100.44078189108	4214.88	0.0762803
b2688	-8146.20658328406	16306.4	0.137696
b2697	-11884.584991137	23783.2	0.117075
b2699	-3961.14665139818	7936.29	0.0788456
b2733	-11836.6855706345	23687.4	0.0930212
b2742	-6127.74618255113	12269.5	0.281014
b2743	-2963.09435871932	5940.19	0.129218
b2744	-3936.23894406748	7886.48	0.139804
b2746	-1942.19457648067	3898.39	0.0809688
b2747	-4044.81701505053	8103.63	0.21349
b2748	-1458.78049423406	2931.56	0.15993
b2750	-3194.71280843803	6403.43	0.158072
b2751	-7229.70526437652	14473.4	0.145541
b2752	-3449.90490863477	6913.81	0.0491617
b2762	-3614.66976846052	7243.34	0.113561
b2763	-7903.45916982246	15820.9	0.0993363
b2764	-9285.76928649697	18585.5	0.154371
b2765	-1569.78480519113	3153.57	0.0901818
b2777	-3349.72506621133	6713.45	0.119761
b2779	-4277.69227188968	8569.38	0.0729059
b2780	-6191.9293148927	12397.9	0.0692129
b2781	-4067.23653353982	8148.47	0.156587
b2784	-9632.28994883509	19278.6	0.0781428
b2785	-7270.41768853921	14554.8	0.251264
b2786	-15263.2775212973	30540.6	0.210053
b2790	-2481.39969085276	4976.8	0.194104
b2794	-4461.3145634567	8936.63	0.139261
b2795	-6109.88792594304	12233.8	0.0921041
b2796	-6074.04338401872	12162.1	0.123668
b2798	-4339.39397583108	8692.79	0.167812
b2805	-3605.00027143582	7224	0.176587
b2806	-5278.86300685728	10571.7	0.106939
b2807	-2087.69261689423	4189.39	0.147328
b2808	-3900.58596595566	7815.17	0.0530316
b2810	-6985.17698229861	13984.4	0.225589
b2811	-2781.37639122393	5576.75	0.247907
b2812	-3969.78688286333	7953.57	0.105301
b2817	-6477.11525378723	12968.2	0.122337
b2819	-11400.1450734003	22814.3	0.211821
b2820	-21014.2388545401	42042.5	0.209536
b2821	-16695.2935826869	33404.6	0.187856
b2822	-19447.9740382839	38909.9	0.186231
b2827	-3289.48966194915	6592.98	0.0640906
b2828	-4145.1369776949	8304.27	0.105994
b2829	-11405.797189837	22825.6	0.131737
b2830	-2148.72138749006	4311.44	0.0829393
b2831	-3639.2946617803	7292.59	0.134047
b2838	-6721.28372218256	13456.6	0.141965
b2890	-6291.60307898018	12597.2	0.106813
b2892	-9124.39303211966	18262.8	0.136612
b2893	-4141.7411150988	8297.48	0.199821
b2894	-4418.38573612418	8850.77	0.101656
b2895	-2530.46586814846	5074.93	0.123802
b2896	-2668.78563507366	5351.57	0.295001
b2897	-1193.27785204753	2400.56	0.123182
b2898	-5430.8470684596	10875.7	0.193536
b2903	-12681.699995863	25377.4	0.113133
b2904	-1818.40907498725	3650.82	0.154092
b2905	-5086.75240638939	10187.5	0.116232
b2906	-6600.08180244785	13214.2	0.161055
b2907	-7186.62214797781	14387.2	0.217946
b2908	-6522.14682962419	13058.3	0.13247
b2909	-3196.94699342904	6407.89	0.187154
b2910	-1391.7379837334	2797.48	0.11816
b2912	-3472.58246876988	6959.16	0.199326
b2913	-5481.11215744374	10976.2	0.104192
b2914	-2946.20854233652	5906.42	0.103873
b2916	-3773.94693664736	7561.89	0.0463408
b2922	-4002.26446646651	8018.53	0.182315
b2924	-4909.15805774378	9832.32	0.203983
b2925	-3882.15962806491	7778.32	0.0934758
b2926	-4311.13517624938	8636.27	0.0848105
b2935	-8615.09106078573	17244.2	0.096269
b2937	-3868.10943898163	7750.22	0.0628951
b2938	-8232.49423431764	16479	0.0709196
b2942	-4316.30818186683	8646.62	0.0591975
b2944	-2896.3597956021	5806.72	0.174473
b2946	-3817.52223253552	7649.04	0.169397
b2948	-3041.20029846435	6096.4	0.14899
b2949	-2142.32902779479	4298.66	0.0983919
b2951	-3664.66603565664	7343.33	0.197526
b2952	-3060.59209465707	6135.18	0.201967
b2954	-2863.01376183992	5740.03	0.125437
b2955	-5745.00371648343	11504	0.0934541
b2958	-4095.66936907943	8205.34	0.199502
b2960	-3288.84522298385	6591.69	0.143951
b2961	-5427.02110720543	10868	0.162757
b2962	-1116.06646415028	2246.13	0.0993451
b2963	-5037.84550273365	10089.7	0.102169
b3005	-2074.93972742061	4163.88	0.140823
b3006	-4404.36264828415	8822.73	0.17381
b3008	-6276.59713222816	12567.2	0.146528
b3012	-5414.69296579103	10843.4	0.254098
b3017	-7246.58501092262	14507.2	0.155432
b3018	-3827.98495552288	7669.97	0.146752
b3019	-10045.3861298704	20104.8	0.0950851
b3030	-7569.61469054366	15153.2	0.0571865
b3031	-2846.42949505943	5706.86	0.151536
b3032	-4244.13606054208	8502.27	0.16881
b3034	-3210.04984791726	6434.1	0.180631
b3035	-7519.36790468403	15052.7	0.153574
b3037	-3338.08157173472	6690.16	0.164226
b3038	-5261.10974795001	10536.2	0.0882432
b3041	-2909.24679137137	5832.49	0.102296
b3042	-2000.76499767769	4015.53	0.234265
b3052	-6802.17406305879	13618.3	0.0934219
b3053	-15588.2929262025	31190.6	0.163981
b3055	-3191.70300602261	6397.41	0.211929
b3056	-6625.97019203072	13265.9	0.165325
b3058	-1922.53035870162	3859.06	0.175471
b3059	-3040.63238304303	6095.26	0.113302
b3064	-4537.45479996453	9088.91	0.0733906
b3065	-448.292616800504	910.585	0
b3066	-8647.59379313493	17309.2	0.131899
b3067	-6364.82721813021	12743.7	0.053181
b3088	-5026.55957920683	10067.1	0.141209
b3095	-3424.06770356267	6862.14	0.127771
b3114	-11971.8195692783	23957.6	0.102548
b3146	-3953.53002034214	7921.06	0.0982128
b3147	-12656.9353545185	25327.9	0.291346
b3149	-2425.16007910661	4864.32	0.0488795
b3150	-2954.21041831894	5922.42	0.151219
b3154	-2707.20265875318	5428.41	0.251178
b3155	-2018.17128429521	4050.34	0.287134
b3156	-2719.0720048425	5452.14	0.208497
b3162	-7495.33403050876	15004.7	0.121242
b3163	-3314.01659680379	6642.03	0.183983
b3164	-8308.80698731324	16631.6	0.105086
b3165	-882.272756450898	1778.55	0.168324
b3166	-5010.22725475477	10034.5	0.140109
b3167	-1824.8689471063	3663.74	0.104792
b3168	-10574.0580663678	21162.1	0.117049
b3169	-5828.15683173799	11670.3	0.095297
b3170	-1681.44050408451	3376.88	0.108787
b3175	-1460.97711760107	2935.95	0.170191
b3176	-6045.93696282187	12105.9	0.074536
b3177	-4396.4542857218	8806.91	0.150234
b3178	-7121.73181314065	14257.5	0.063867
b3179	-2229.89164282577	4473.78	0.0614332
b3180	-1190.25103788736	2394.5	0.147272
b3181	-2012.33213965442	4038.66	0.0800652
b3183	-5156.10051402021	10326.2	0.0993821
b3185	-921.92941822115	1857.86	0.077591
b3186	-911.68214783539	1837.36	0.199824
b3187	-4481.23664655309	8976.47	0.0984761
b3188	-1501.37446024443	3016.75	0.150634
b3189	-5346.29516968603	10706.6	0.0664738
b3190	-1108.09953242309	2230.2	0.107802
b3192	-3002.96167119973	6019.92	0.116544
b3193	-2740.7468118463	5495.49	0.170163
b3194	-3375.3343027022	6764.67	0.0819764
b3195	-3941.0592766394	7896.12	0.0908897
b3197	-4800.39520371861	9614.79	0.139405
b3198	-2806.99750402462	5628	0.14746
b3199	-3029.8865294042	6073.77	0.203053
b3200	-2832.2528426597	5678.51	0.163391
b3201	-2906.72175657288	5827.44	0.0559366
b3202	-6431.4324547485	12876.9	0.107655
b3204	-2279.65423182044	4573.31	0.105901
b3205	-3281.05839065448	6576.12	0.0360336
b3206	-1235.33387736098	2484.67	0.0945307
b3209	-3557.12972884578	7128.26	0.169831
b3210	-11362.4902679141	22739	0.109591
b3228	-2558.93862425292	5131.88	0.153274
b3229	-2634.92090025409	5283.84	0.107742
b3230	-1096.25520071935	2206.51	0.0997957
b3231	-1103.61106249525	2221.22	0.135303
b3232	-6177.17710350539	12368.4	0.160413
b3233	-1817.58152224707	3649.16	0.147742
b3235	-5458.92485013271	10931.8	0.127794
b3237	-2024.64887958821	4063.3	0.0831263
b3244	-6799.02893863493	13612.1	0.122552
b3247	-5943.08914792331	11900.2	0.0541322
b3249	-2330.81497431312	4675.63	0.138856
b3250	-4878.83844591975	9771.68	0.115561
b3251	-3681.21338109059	7376.43	0.0282842
b3255	-1969.40616765553	3952.81	0.193669
b3256	-4997.30172522899	10008.6	0.0608054
b3259	-4035.03779905036	8084.08	0.10128
b3261	-695.515272062139	1405.03	0.0110337
b3281	-5030.1189771644	10074.2	0.176291
b3282	-3356.6050003057	6727.21	0.209672
b3287	-2170.52275318179	4355.05	0.0724098
b3288	-4973.53047934292	9961.06	0.151924
b3289	-7303.92402250231	14621.8	0.162632
b3290	-5968.44436611894	11950.9	0.0461215
b3294	-956.824981476864	1927.65	0.0729111
b3295	-2310.38920832781	4634.78	0.0235971
b3296	-1690.36368920849	3394.73	0.0921542
b3298	-1083.64493979876	2181.29	0.133331
b3300	-3782.308234499	7578.62	0.0369662
b3301	-1375.89593013863	2765.79	0.136782
b3302	-491.740400256576	997.481	0.13741
b3303	-1296.67747452271	2607.35	0.0930217
b3304	-913.069140274636	1840.14	0.113545
b3305	-1610.75173694953	3235.5	0.131594
b3306	-1031.56226473125	2077.12	0.127031
b3307	-801.745566156267	1617.49	0.132859
b3308	-1397.57444015734	2809.15	0.0789016
b3309	-887.342525391093	1788.69	0.100145
b3313	-985.405360673852	1984.81	0.0831775
b3314	-1819.38282288858	3652.77	0.0474224
b3315	-788.555103601978	1591.11	0.0799206
b3316	-614.094976332725	1242.19	0.0436063
b3317	-2257.38083367612	4528.76	0.0612258
b3318	-757.418263112396	1528.84	0.147407
b3319	-1616.06899675382	3246.14	0.0686428
b3321	-684.483195320731	1382.97	0.0397954
b3340	-7016.31183125958	14046.6	0.125629
b3341	-1306.28592433794	2626.57	0.0584113
b3342	-1011.61784366144	2037.24	0.0420293
b3344	-2225.03752435781	4464.08	0.212481
b3345	-2295.35186135322	4604.7	0.198889
b3346	-3141.18436528466	6296.37	0.0769372
b3347	-4046.08770291159	8106.18	0.187063
b3349	-2219.37845082689	4452.76	0.135382
b3352	-8856.04231139483	17726.1	0.102202
b3354	-1102.54450752662	2219.09	0.258669
b3356	-1834.00133361006	3682	0.100214
b3357	-2032.71583490597	4079.43	0.010663
b3360	-3009.86331946028	6033.73	0.150811
b3363	-2642.23448578155	5298.47	0.122277
b3368	-8076.61294022348	16167.2	0.20586
b3384	-4374.63784931164	8763.28	0.0847919
b3386	-2986.90634183855	5987.81	0.0861864
b3387	-4247.48846380638	8508.98	0.150252
b3388	-7419.90897100592	14853.8	0.304878
b3389	-5345.95620860466	10705.9	0.138335
b3396	-12261.4940357851	24537	0.117006
b3397	-2901.95231350228	5817.9	0.152622
b3398	-13659.4812864742	27333	0.290417
b3400	-1978.77091490244	3971.54	0.143321
b3401	-4490.93831662721	8995.88	0.16475
b3403	-7298.26031806628	14610.5	0.0952854
b3404	-6529.15930844592	13072.3	0.109149
b3405	-2761.20527996027	5536.41	0.0493478
b3406	-2270.62769913055	4555.26	0.102145
b3407	-10277.2417127518	20568.5	0.0992542
b3412	-4582.01296367992	9178.03	0.209486
b3414	-2279.75818980641	4573.52	0.0538855
b3423	-3481.7828679059	6977.57	0.0742856
b3424	-4956.88521115104	9927.77	0.229376
b3425	-1796.61721009516	3607.23	0.177193
b3426	-7618.84721758559	15251.7	0.120343
b3433	-4756.53906904064	9527.08	0.0882571
b3437	-2597.01180157235	5208.02	0.158498
b3438	-5116.86278251228	10247.7	0.10296
b3439	-3153.19507510323	6320.39	0.119247
b3458	-5955.55190727054	11925.1	0.198437
b3461	-3164.03409488063	6342.07	0.0772389
b3462	-5386.0187168282	10786	0.143305
b3463	-2767.37098706335	5548.74	0.0730941
b3464	-7864.06064252463	15742.1	0.227184
b3465	-3336.17859786375	6686.36	0.209344
b3466	-1585.16003531271	3184.32	0.226825
b3469	-14870.919569156	29755.8	0.282986
b3470	-1221.75548976493	2457.51	0.124457
b3471	-3355.89521032165	6725.79	0.115928
b3493	-7189.64949960375	14393.3	0.110968
b3495	-1672.73201361648	3359.46	0.0530085
b3498	-9360.31222411422	18734.6	0.108791
b3499	-3925.89801891042	7865.8	0.106524
b3500	-6033.50604375478	12081	0.0830466
b3540	-4438.24012798121	8890.48	0.073668
b3541	-4175.16064351431	8364.32	0.064683
b3542	-3898.47152142554	7810.94	0.0728499
b3543	-3984.46511657583	7982.93	0.0528189
b3549	-3424.77576465159	6863.55	0.243536
b3559	-9381.49095736736	18777	0.110488
b3560	-2979.38116656687	5972.76	0.0299292
b3606	-2186.75916528074	4387.52	0.0979434
b3607	-3485.718075628	6985.44	0.0678779
b3608	-4771.9790992592	9557.96	0.0999784
b3609	-1808.54037770727	3631.08	0.0973323
b3611	-2270.25668238969	4554.51	0.201157
b3613	-7271.82864854359	14557.7	0.191288
b3614	-5467.74151359986	10949.5	0.202105
b3619	-3967.38299045975	7948.77	0.0751092
b3620	-5263.36778348837	10540.7	0.135254
b3621	-6076.13327001283	12166.3	0.207107
b3632	-8361.52069819616	16737	0.226131
b3633	-6447.78693468991	12909.6	0.117144
b3634	-2467.81640746976	4949.63	0.121308
b3635	-4134.53193209713	8283.06	0.112466
b3636	-459.06919652618	932.138	0.0668567
b3637	-653.902191735611	1321.8	0.147456
b3639	-6072.85537191731	12159.7	0.142635
b3640	-1968.81419207175	3951.63	0.0943087
b3641	-2569.0235837279	5152.05	0.074289
b3642	-2841.81067148585	5697.62	0.0836589
b3643	-3255.57433705659	6525.15	0.105631
b3644	-3830.79485945342	7675.59	0.0808532
b3648	-2598.21593185557	5210.43	0.105306
b3649	-820.407364941882	1654.81	0.125667
b3650	-8093.00108903769	16200	0.0522064
b3652	-10174.552435306	20363.1	0.108899
b3671	-9594.43119868896	19202.9	0.174157
b3699	-9328.02481409276	18670	0.0778295
b3700	-4986.02883801808	9986.06	0.108065
b3701	-4745.07728600421	9504.15	0.0695672
b3702	-5383.65536346645	10781.3	0.0589834
b3704	-1258.0953165901	2530.19	0.147805
b3705	-7197.83584556957	14409.7	0.133109
b3706	-6208.60156576615	12431.2	0.0859237
b3725	-3037.62143127149	6089.24	0.0670548
b3727	-4019.27108769814	8052.54	0.0701902
b3728	-4689.8504783707	9393.7	0.141607
b3729	-8031.15435408122	16076.3	0.101813
b3730	-6806.67598132862	13627.4	0.129288
b3731	-1544.82100830069	3103.64	0.0972738
b3732	-4224.18641152679	8462.37	0.0542899
b3733	-2940.35472208527	5894.71	0.0962726
b3734	-4922.42294566377	9858.85	0.0583402
b3735	-2228.53941359209	4471.08	0.218402
b3736	-1586.42881558673	3186.86	0.12243
b3740	-3353.78290966019	6721.57	0.16137
b3741	-8250.75900603768	16515.5	0.0743346
b3742	-2444.30969871393	4902.62	0.205275
b3743	-1904.29203462034	3822.58	0.0579021
b3750	-5213.24425150417	10440.5	0.181905
b3764	-1464.37422366058	2942.75	0.124511
b3769	-1273.08489333475	2560.17	0.246586
b3770	-3752.91635881558	7519.83	0.0561257
b3771	-7979.08832207858	15972.2	0.0607121
b3772	-7092.47048148355	14198.9	0.0834781
b3773	-4677.66222876298	9369.32	0.0841743
b3774	-5676.87351305482	11367.7	0.0671951
b3778	-9255.79994637889	18525.6	0.0703016
b3779	-7868.27973921995	15750.6	0.152917
b3780	-5178.15282640062	10370.3	0.0721792
b3781	-1319.44227146458	2652.88	0.0947771
b3783	-3897.60567640434	7809.21	0.017319
b3784	-5670.14119244262	11354.3	0.132489
b3785	-5945.81446237819	11905.6	0.168633
b3786	-5754.91877240284	11523.8	0.122465
b3787	-6162.80840892065	12339.6	0.11961
b3790	-3959.68879389886	7933.38	0.341869
b3791	-5238.39470645543	10490.8	0.114548
b3792	-6455.43761347536	12924.9	0.15913
b3793	-6760.93951186958	13535.9	0.120407
b3794	-4015.39424049903	8044.79	0.150641
b3803	-6783.66680996142	13581.3	0.247286
b3804	-4372.36914658009	8758.74	0.277818
b3805	-5106.83732440884	10227.7	0.178887
b3806	-11378.2804414721	22770.6	0.10826
b3809	-3597.82421104217	7209.65	0.0912408
b3810	-4023.40880002844	8060.82	0.221462
b3811	-4737.35465958917	9488.71	0.157444
b3812	-4098.44045039789	8210.88	0.222032
b3813	-8746.78822098003	17507.6	0.0522414
b3816	-3878.18211281248	7770.36	0.0701416
b3819	-5004.85493287085	10023.7	0.166512
b3820	-2592.68131655262	5199.36	0.201305
b3822	-8612.47646222682	17239	0.0992132
b3829	-10357.0552869504	20728.1	0.102983
b3831	-3241.35825581252	6496.72	0.0869757
b3832	-7898.15957937822	15810.3	0.162732
b3833	-3328.11201700715	6670.22	0.0857603
b3834	-3806.48827963521	7626.98	0.321928
b3835	-7664.08463101945	15342.2	0.0983166
b3839	-3799.50683521793	7613.01	0.120443
b3842	-2687.31835620973	5388.64	0.150307
b3843	-6326.57970260609	12667.2	0.0631585
b3844	-3546.39489525181	7106.79	0.114529
b3847	-6706.08566658273	13426.2	0.126003
b3848	-3188.92864071488	6391.86	0.224279
b3849	-6342.65708870573	12699.3	0.0607687
b3850	-3287.9312028538	6589.86	0.212189
b3856	-2939.55335264108	5893.11	0.232301
b3859	-5602.75824649884	11219.5	0.176164
b3860	-3180.59802829847	6375.2	0.150024
b3863	-13329.707193754	26673.4	0.120391
b3865	-2945.53263105235	5905.07	0.122455
b3868	-6380.19140929261	12774.4	0.0785849
b3869	-4743.45064840213	9500.9	0.0754055
b3870	-5451.44543244106	10916.9	0.0855802
b3871	-6823.36104814612	13660.7	0.0913977
b3885	-3231.21215780253	6476.42	0.161578
b3887	-2062.59128781454	4139.18	0.142991
b3908	-2534.3333236146	5082.67	0.0932268
b3911	-5999.10682852379	12012.2	0.0780568
b3912	-2787.52319217153	5589.05	0.0579794
b3916	-3945.41168505905	7904.82	0.0842926
b3917	-4525.09678358	9064.19	0.091468
b3919	-3192.08290720709	6398.17	0.111692
b3920	-3879.45058630572	7772.9	0.334501
b3924	-3854.67408512616	7723.35	0.117857
b3926	-6385.43643642513	12784.9	0.0791918
b3927	-4774.29705853822	9562.59	0.217458
b3928	-1094.39666521717	2202.79	0.170527
b3929	-1947.84043103415	3909.68	0.0865566
b3931	-5087.17520116487	10188.4	0.0818613
b3932	-1973.29875107731	3960.6	0.0544732
b3933	-5325.05805062335	10664.1	0.262244
b3935	-11720.3880751867	23454.8	0.129703
b3936	-792.534123597441	1599.07	0.112654
b3938	-1041.96480214015	2097.93	0.0452296
b3939	-5207.99344117588	10430	0.126843
b3941	-3722.72666000534	7459.45	0.0647277
b3957	-5618.33750651268	11250.7	0.116772
b3959	-3540.17001914197	7094.34	0.110909
b3960	-6141.13151245966	12296.3	0.0994265
b3961	-4013.71526305924	8041.43	0.0664693
b3962	-5978.8934459768	11971.8	0.0794589
b3963	-2801.77268269203	5617.55	0.0759632
b3964	-2066.88183766642	4147.76	0.223748
b3965	-5413.76179015973	10841.5	0.119929
b3967	-4628.10895527619	9270.22	0.190744
b3972	-6126.31617832693	12266.6	0.195243
b3973	-5290.91401846387	10595.8	0.129099
b3974	-4408.77861534579	8831.56	0.0699581
b3981	-1540.21244988585	3094.42	0.179737
b3982	-1742.67497372807	3499.35	0.0314399
b3983	-1245.36528206836	2504.73	0.0803272
b3984	-2253.37247103013	4520.74	0.0891934
b3985	-1362.29251413682	2738.59	0.198312
b3986	-1107.62963337075	2229.26	0.159572
b3987	-12329.1897656278	24672.4	0.0500525
b3988	-13728.8790175808	27471.8	0.070821
b3990	-5550.5287552552	11115.1	0.131727
b3997	-4568.77743290699	9151.55	0.0816102
b3998	-3706.5114971377	7427.02	0.160872
b3999	-2598.11251162583	5210.23	0.0880114
b4000	-928.211792092352	1870.42	0.106994
b4005	-6163.43561952346	12340.9	0.121447
b4006	-6925.2426099424	13864.5	0.0914621
b4013	-4398.51322589248	8811.03	0.0956347
b4024	-6714.94693464384	13443.9	0.166254
b4025	-7023.86136259171	14061.7	0.0845799
b4040	-4416.07561772107	8846.15	0.12646
b4041	-11798.6036413742	23611.2	0.121315
b4043	-2508.54009420093	5031.08	0.0678494
b4046	-2862.98854129798	5739.98	0.158211
b4049	-5245.66908353202	10505.3	0.129917
b4052	-5808.40913105091	11630.8	0.0698095
b4054	-6424.24379574974	12862.5	0.173445
b4058	-11255.0317655384	22524.1	0.042224
b4059	-2242.9371368329	4499.87	0.137021
b4065	-7982.91248594503	15979.8	0.117085
b4135	-3440.63443899932	6895.27	0.236947
b4136	-10324.7681220417	20663.5	0.229993
b4139	-5793.95260128666	11601.9	0.088671
b4142	-1058.99341360663	2131.99	0.125893
b4143	-5530.35339698845	11074.7	0.0877564
b4144	-1931.92064482963	3877.84	0.180428
b4146	-5339.13254077652	10692.3	0.163038
b4147	-2096.64558179493	4207.29	0.0723338
b4151	-2337.70799613888	4689.42	0.224893
b4155	-4557.55720275629	9129.11	0.101497
b4159	-17967.2733693523	35948.5	0.149855
b4160	-4850.62938985679	9715.26	0.168062
b4161	-5143.51621016332	10301	0.122797
b4162	-2413.2077768133	4840.42	0.0793761
b4168	-2400.44861237093	4814.9	0.155103
b4169	-7902.94413593328	15819.9	0.225688
b4170	-10860.8248195022	21735.6	0.211356
b4171	-4204.45508350747	8422.91	0.13543
b4172	-1162.6795179081	2339.36	0.140267
b4173	-5385.78505480589	10785.6	0.0825476
b4174	-5785.09517140618	11584.2	0.155566
b4175	-4458.41105005934	8930.82	0.126213
b4177	-4818.00320872549	9650.01	0.0913563
b4179	-11240.2203805211	22494.4	0.11348
b4180	-3184.39422538899	6382.79	0.0825043
b4200	-1215.78154833676	2445.56	0.172674
b4202	-520.44513022172	1054.89	0.045672
b4203	-1565.414093127	3144.83	0.184972
b4214	-3753.94878945807	7521.9	0.140835
b4217	-1013.99551588589	2041.99	0.124069
b4220	-9240.1851512885	18494.4	0.167262
b4221	-21898.6824114533	43811.4	0.207022
b4222	-1724.58430092316	3463.17	0.166298
b4226	-1915.22408552974	3844.45	0.0584979
b4232	-4120.38433709282	8254.77	0.0735751
b4233	-6241.76345490585	12497.5	0.103724
b4234	-2639.06236572532	5292.12	0.134521
b4243	-1701.7387803711	3417.48	0.0924951
b4244	-2181.8285816925	4377.66	0.129677
b4245	-4038.53566597052	8091.07	0.087317
b4255	-1956.57777987039	3927.16	0.142878
b4258	-11591.0197126971	23196	0.0880172
b4259	-2208.02640106357	4430.05	0.20581
b4260	-6030.71193199066	12075.4	0.0538582
b4261	-5409.02024983248	10832	0.13707
b4262	-5108.05003749364	10230.1	0.0980313
b4371	-5679.22724016449	11372.5	0.188036
b4372	-2645.11462784632	5304.23	0.334249
b4373	-2497.972818785	5009.95	0.173402
b4375	-6262.26245205838	12538.5	0.0609081
b4381	-3724.70615345847	7463.41	0.141827
b4383	-5323.69994000097	10661.4	0.0994731
b4387	-3507.07369892708	7028.15	0.205589
b4388	-4856.09135743274	9726.18	0.138383
b4389	-5613.86250276787	11241.7	0.048027
b4391	-6344.845771754	12703.7	0.0613042
b4393	-1829.25345761099	3672.51	0.172035
b4396	-4722.07141845194	9458.14	0.163839
b4401	-2584.93937166267	5183.88	0.044478
