gene_id	likelihood	aic	w
b0002	-11597.2152971662	23210.4	0.0970869
b0003	-4483.32325257118	8982.65	0.132751
b0004	-6064.95985823992	12145.9	0.117689
b0006	-3923.12421178044	7862.25	0.152029
b0014	-6577.55495569721	13171.1	0.0935675
b0015	-4641.11722645663	9298.23	0.0858524
b0019	-6903.4255679828	13822.9	0.259933
b0023	-763.444031067237	1542.89	0.180008
b0025	-4911.67532066263	9839.35	0.184794
b0026	-12658.3804339092	25332.8	0.145012
b0027	-2485.50562112509	4987.01	0.249244
b0028	-2364.07164066739	4744.14	0.187051
b0029	-4302.25975432592	8620.52	0.0810062
b0031	-4143.01410014174	8302.03	0.131393
b0032	-4980.33888721154	9976.68	0.117388
b0033	-12061.9289383651	24139.9	0.047043
b0048	-2233.7149459681	4483.43	0.090553
b0049	-4346.46086927674	8708.92	0.116479
b0050	-1783.85432593575	3583.71	0.140198
b0051	-3686.02155581498	7388.04	0.11758
b0052	-5241.17021952814	10498.3	0.182933
b0053	-6246.32619198102	12508.7	0.141564
b0054	-12053.8940648162	24123.8	0.145931
b0055	-4049.23210586518	8114.46	0.123055
b0058	-3057.87359532315	6131.75	0.0836039
b0059	-13416.4440751313	26848.9	0.164647
b0066	-4064.36664042276	8144.73	0.165004
b0067	-8728.09789640704	17472.2	0.204962
b0068	-5093.92658759347	10203.9	0.181153
b0071	-2888.46703051347	5792.93	0.0931556
b0072	-6071.35690954514	12158.7	0.0819184
b0073	-4986.56579240199	9989.13	0.0930894
b0074	-7156.73762532775	14329.5	0.0946852
b0080	-4307.9478401672	8631.9	0.065149
b0081	-1914.16597232938	3844.33	0.126291
b0082	-4338.30058464133	8692.6	0.143146
b0083	-1508.88003885231	3033.76	0.156082
b0084	-7336.06372493231	14688.1	0.119328
b0085	-7410.66669988469	14837.3	0.17079
b0086	-7450.42843261681	14916.9	0.231912
b0087	-4047.70680451226	8111.41	0.0669649
b0088	-6935.4678679244	13886.9	0.141707
b0089	-5549.28270124807	11114.6	0.114962
b0090	-5242.33890566069	10500.7	0.15004
b0091	-6450.67238724406	12917.3	0.102701
b0093	-4086.64507181975	8189.29	0.162303
b0094	-4540.71818351741	9097.44	0.0394925
b0096	-3308.56769432	6633.14	0.0697674
b0097	-3358.81768499707	6733.64	0.375622
b0098	-10929.7193876717	21875.4	0.0805572
b0099	-2386.79963431118	4789.6	0.218833
b0102	-4201.96318637115	8419.93	0.219953
b0103	-3809.65786027159	7635.32	0.239267
b0109	-4821.82977538442	9659.66	0.184213
b0112	-6870.88590576092	13757.8	0.157201
b0113	-3353.40729912215	6722.81	0.0870145
b0114	-9596.2715179623	19208.5	0.0917505
b0115	-7519.11516344155	15054.2	0.165238
b0116	-4929.38487040312	9874.77	0.0813865
b0118	-10470.2174970177	20956.4	0.0690479
b0120	-3202.72557510052	6421.45	0.0642022
b0121	-3984.51661813569	7985.03	0.111579
b0125	-2304.31142359349	4624.62	0.141748
b0126	-3096.12473179244	6208.25	0.114777
b0127	-4221.48163051666	8458.96	0.101008
b0128	-3400.52731621014	6817.05	0.0939161
b0131	-1732.92231725816	3481.84	0.0989212
b0133	-4759.02347904938	9534.05	0.156725
b0134	-4221.67622354134	8459.35	0.146289
b0142	-3057.5268301988	6131.05	0.199145
b0143	-6955.8055419691	13927.6	0.183144
b0144	-5389.03363645832	10794.1	0.215531
b0145	-1443.36707970704	2902.73	0.0309223
b0146	-4055.6275492344	8127.26	0.218754
b0149	-12355.518624373	24727	0.126419
b0154	-5670.620154099	11357.2	0.107172
b0156	-1356.13025114591	2728.26	0.0929909
b0159	-3463.60574739086	6943.21	0.169292
b0163	-1608.22915175888	3232.46	0.0780986
b0166	-3449.33562092811	6914.67	0.076165
b0167	-13719.636736906	27455.3	0.158223
b0168	-3425.24328962994	6866.49	0.115613
b0169	-2143.51595422373	4303.03	0.0889296
b0170	-3330.19471234224	6676.39	0.21058
b0171	-2672.91439166783	5361.83	0.0646122
b0172	-2312.04294386677	4640.09	0.123549
b0173	-6473.70270077244	12963.4	0.17699
b0174	-3798.74650094067	7613.49	0.155819
b0175	-4356.55940550525	8729.12	0.211333
b0176	-6738.46557082729	13492.9	0.214469
b0177	-10795.2185043565	21606.4	0.109518
b0178	-2419.06989582403	4854.14	0.232495
b0179	-4386.66417702822	8789.33	0.122866
b0180	-1711.43961248992	3438.88	0.0858514
b0181	-3566.89963912188	7149.8	0.147798
b0182	-5682.15425642059	11380.3	0.123626
b0183	-2862.66513419654	5741.33	0.102421
b0184	-14296.0929010341	28608.2	0.0704535
b0185	-3669.28676714818	7354.57	0.093068
b0188	-9230.12631233933	18476.3	0.314941
b0189	-1467.27641417197	2950.55	0.111792
b0194	-7233.95534717418	14483.9	0.110271
b0195	-3585.54360604392	7187.09	0.16515
b0196	-2338.36399130164	4692.73	0.354083
b0197	-3441.89344603333	6899.79	0.0796835
b0198	-2942.90803705986	5901.82	0.0911906
b0199	-4823.47924718428	9662.96	0.110703
b0200	-2745.02407483251	5506.05	0.125128
b0209	-4682.04737038898	9380.09	0.14792
b0211	-6969.91822476663	13955.8	0.198252
b0212	-4486.05060941585	8988.1	0.197344
b0213	-4155.29729557336	8326.59	0.227678
b0214	-2243.05435269582	4502.11	0.0952284
b0215	-3558.76977199992	7133.54	0.102447
b0222	-2427.13748107959	4870.27	0.0763155
b0223	-3616.59555793793	7249.19	0.0917027
b0237	-7054.04749061162	14124.1	0.134776
b0238	-1746.26606276782	3508.53	0.0558822
b0239	-7094.27911530501	14204.6	0.200923
b0242	-5100.66770181914	10217.3	0.0927339
b0243	-6525.09479483699	13066.2	0.172225
b0369	-5759.66197820868	11535.3	0.202684
b0386	-4946.1894438502	9908.38	0.303551
b0388	-3594.5387912866	7205.08	0.319434
b0393	-4332.27576788686	8680.55	0.145161
b0401	-6612.33308701779	13240.7	0.190303
b0402	-6252.73670566443	12521.5	0.143425
b0405	-4871.42416847515	9758.85	0.0976881
b0406	-4277.98338469443	8571.97	0.0599161
b0407	-1236.16904148354	2488.34	0.197214
b0408	-7781.11368854813	15578.2	0.12881
b0409	-4248.41259255837	8512.83	0.143112
b0414	-6103.49816514692	12223	0.162844
b0415	-1972.10149457573	3960.2	0.156165
b0416	-1774.29645374019	3564.59	0.14051
b0417	-5171.65292720024	10359.3	0.168657
b0418	-2560.81587066855	5137.63	0.119671
b0420	-8493.08242622917	17002.2	0.0824694
b0421	-4896.70790016904	9809.42	0.167538
b0423	-6715.47133988673	13446.9	0.110391
b0425	-5370.79185404379	10757.6	0.213993
b0434	-3148.87980900138	6313.76	0.167051
b0435	-1578.16304234089	3172.33	0.150989
b0436	-4983.2131743426	9982.43	0.152683
b0437	-2285.92754686522	4587.86	0.045588
b0438	-4687.16605838108	9390.33	0.046655
b0439	-9023.39862101551	18062.8	0.0563566
b0440	-1033.46226416119	2082.92	0.0715119
b0441	-10729.4977718169	21475	0.259472
b0444	-3353.12828324532	6722.26	0.10372
b0448	-9441.60187077814	18899.2	0.143596
b0449	-9602.62151953617	19221.2	0.160962
b0450	-1379.59936241868	2775.2	0.0807487
b0451	-6434.72461563271	12885.4	0.171669
b0460	-867.574900332148	1751.15	0.0465462
b0463	-6086.37899923671	12188.8	0.193987
b0464	-3699.27164610259	7414.54	0.198954
b0469	-2678.76237906567	5373.52	0.170053
b0470	-10483.8218832664	20983.6	0.20395
b0471	-1105.65678048785	2227.31	0.0321975
b0472	-2544.94835692033	5105.9	0.064679
b0473	-7832.55496618226	15681.1	0.0834261
b0474	-2701.33651588637	5418.67	0.104014
b0475	-5493.37907635667	11002.8	0.247833
b0482	-5300.74935707146	10617.5	0.323667
b0489	-3947.6266380153	7911.25	0.0799496
b0495	-3249.17830167996	6514.36	0.158505
b0522	-5496.55841916805	11009.1	0.169302
b0523	-2508.88682820271	5033.77	0.143204
b0524	-4062.71681206406	8141.43	0.218792
b0525	-1842.39501357257	3700.79	0.120586
b0526	-6034.75535974651	12085.5	0.0874008
b0529	-3984.58708552387	7985.17	0.117099
b0605	-2886.63773201656	5789.28	0.217072
b0622	-3627.91390270619	7271.83	0.261143
b0628	-3820.35641084863	7656.71	0.0544917
b0630	-3429.63828658575	6875.28	0.185044
b0631	-978.61134313676	1973.22	0.0418758
b0632	-5166.01549213163	10348	0.125906
b0634	-4676.1020396453	9368.2	0.101133
b0635	-8666.66096032909	17349.3	0.0940002
b0636	-1873.46173389913	3762.92	0.0611752
b0639	-3876.62630720813	7769.25	0.24621
b0640	-5692.46974189542	11400.9	0.212797
b0641	-3354.27865636461	6724.56	0.284496
b0642	-10588.1296610757	21192.3	0.101802
b0655	-4140.45975895695	8296.92	0.115036
b0657	-8456.36330038671	16928.7	0.183115
b0658	-3598.01439934377	7212.03	0.0588506
b0659	-2257.19904102474	4530.4	0.11175
b0660	-4475.24907894313	8966.5	0.0850061
b0661	-5720.3236592051	11456.6	0.0677667
b0662	-6434.2181219499	12884.4	0.207025
b0674	-9341.93908173369	18699.9	0.176299
b0676	-5826.01162342487	11668	0.139212
b0677	-5829.88933218916	11675.8	0.178493
b0678	-3700.56630271892	7417.13	0.138318
b0679	-10779.5017639654	21575	0.259679
b0680	-6895.98202637179	13808	0.0955624
b0683	-1872.72058645572	3761.44	0.0604889
b0684	-2115.3309740022	4246.66	0.0915214
b0685	-1534.73348873234	3085.47	0.145866
b0686	-4583.25353784847	9182.51	0.238484
b0687	-2779.34890232453	5574.7	0.213867
b0688	-7366.06885468848	14748.1	0.0961483
b0710	-3619.68169203905	7255.36	0.149243
b0713	-5344.52024063665	10705	0.417352
b0720	-5264.93102807997	10545.9	0.0799593
b0721	-1571.6123238259	3159.22	0.242131
b0722	-1591.0456410442	3198.09	0.183093
b0723	-6460.04765616392	12936.1	0.0551362
b0724	-2802.60916867642	5621.22	0.0592397
b0726	-11509.3101477315	23034.6	0.0943357
b0727	-5002.46879323605	10020.9	0.156695
b0728	-4217.13337054275	8450.27	0.0769633
b0729	-3339.22987607436	6694.46	0.069602
b0733	-6347.92110050093	12711.8	0.107701
b0734	-5125.58278122223	10267.2	0.191039
b0737	-2779.76692111393	5575.53	0.0637163
b0738	-2044.88150938125	4105.76	0.128912
b0739	-7052.25968954352	14120.5	0.28442
b0740	-5559.98768243202	11136	0.134348
b0741	-1880.62240806374	3777.24	0.132746
b0742	-3789.81065258908	7595.62	0.147662
b0754	-4787.38830018023	9590.78	0.0832912
b0755	-3041.654872317	6099.31	0.065007
b0757	-5738.35959720834	11492.7	0.18817
b0758	-4782.96734069262	9581.93	0.166002
b0759	-5484.05142638143	10984.1	0.170105
b0761	-3949.68560076497	7915.37	0.155003
b0767	-5728.91419236636	11473.8	0.209904
b0774	-6754.86100467001	13525.7	0.148125
b0775	-4718.62392705879	9453.25	0.0765113
b0776	-7127.1750251641	14270.4	0.252569
b0777	-5194.67633668975	10405.4	0.329244
b0778	-4177.54709493838	8371.09	0.209133
b0779	-8789.52073657674	17595	0.0660121
b0780	-4678.25896393691	9372.52	0.124688
b0783	-2119.77589629762	4255.55	0.0855115
b0797	-6977.12487794108	13970.2	0.167727
b0812	-2108.66411716841	4233.33	0.110394
b0820	-6216.62852983745	12449.3	0.0858933
b0827	-6919.83593017974	13855.7	0.236966
b0849	-1188.14135724333	2392.28	0.140481
b0861	-3327.62574245919	6671.25	0.108695
b0862	-3531.5030492936	7079.01	0.146507
b0863	-3488.34997582544	6992.7	0.146912
b0864	-3248.38588015521	6512.77	0.137099
b0867	-5159.12851700058	10334.3	0.247867
b0874	-5248.61545287411	10513.2	0.25113
b0878	-7227.91993056577	14471.8	0.263295
b0879	-11842.8137466658	23701.6	0.233498
b0880	-876.004300193634	1768.01	0.109488
b0881	-1385.29045606777	2786.58	0.191081
b0882	-9395.10075222101	18806.2	0.0627457
b0884	-555.226989521802	1126.45	0.00340811
b0886	-10030.329412394	20076.7	0.238761
b0887	-9918.66853407918	19853.3	0.218942
b0888	-4249.54178758506	8515.08	0.0888357
b0889	-1687.83033951278	3391.66	0.0125356
b0890	-22436.6195311543	44889.2	0.241141
b0891	-2968.02539712956	5952.05	0.175779
b0892	-5807.60127195349	11631.2	0.0662181
b0893	-5357.556155727	10731.1	0.125052
b0902	-3143.96207207542	6303.92	0.0740982
b0904	-3950.30007617329	7916.6	0.140444
b0907	-5300.19130333486	10616.4	0.131519
b0908	-6440.79749808215	12897.6	0.166818
b0910	-3144.07209226644	6304.14	0.116387
b0911	-4765.44172557346	9546.88	0.0702397
b0912	-1012.99917186145	2042	0.0652576
b0914	-7600.55303805979	15217.1	0.0876168
b0915	-5606.92901706476	11229.9	0.288584
b0920	-4741.89320822985	9499.79	0.247905
b0921	-4164.89455282012	8345.79	0.209355
b0922	-5424.13452420607	10864.3	0.0987663
b0923	-3062.30683054821	6140.61	0.128157
b0926	-2834.07310356074	5684.15	0.150361
b0927	-3468.68546390275	6953.37	0.205177
b0928	-5487.57030573105	10991.1	0.122825
b0930	-5697.71523184934	11411.4	0.0975191
b0932	-12453.3842327479	24922.8	0.119632
b0945	-4530.88950793164	9077.78	0.0739758
b0947	-6229.970797884	12475.9	0.207133
b0948	-10554.4966668603	21125	0.151396
b0949	-9421.77383061519	18859.5	0.134706
b0950	-6904.15379520712	13824.3	0.20103
b0951	-8700.0195784084	17416	0.159632
b0952	-3629.57037062898	7275.14	0.23668
b0954	-2080.34618833474	4176.69	0.108248
b0956	-2273.32909121897	4562.66	0.0942735
b0957	-4748.34491512743	9512.69	0.316044
b0962	-11425.515193221	22867	0.191524
b0963	-2287.21155871998	4590.42	0.125063
b0966	-1603.25061243708	3222.5	0.111562
b0969	-1738.54349849469	3493.09	0.16591
b1091	-4608.33534733693	9232.67	0.123771
b1092	-4532.95014897468	9081.9	0.160109
b1093	-3161.26561690167	6338.53	0.155207
b1095	-5046.04574538084	10108.1	0.114733
b1096	-5379.5420605063	10775.1	0.282065
b1097	-5991.36319831938	11998.7	0.195763
b1098	-3421.68799142739	6859.38	0.186352
b1099	-6383.05005986369	12782.1	0.348978
b1100	-4006.03376185471	8028.07	0.134182
b1103	-1589.19361000073	3194.39	0.0946188
b1105	-3745.28633185151	7506.57	0.332722
b1106	-5951.99689760882	11920	0.412623
b1107	-7561.86142950913	15139.7	0.269084
b1109	-5857.02845508108	11730.1	0.0919288
b1114	-16089.3051341181	32194.6	0.108512
b1116	-5954.07402210242	11924.1	0.164234
b1117	-3520.11153702742	7056.22	0.107998
b1118	-6188.43954763252	12392.9	0.13008
b1120	-4295.49080297761	8606.98	0.154817
b1128	-5121.26277991352	10258.5	0.127703
b1129	-8239.19350773872	16494.4	0.206465
b1130	-3250.44925151902	6516.9	0.0945815
b1131	-5728.95094447205	11473.9	0.0799887
b1132	-3344.40205558167	6704.8	0.21994
b1133	-4993.97158884309	10003.9	0.088635
b1134	-2359.92283528671	4735.85	0.135729
b1174	-1175.45034912819	2366.9	0.0731639
b1175	-3138.77164480178	6293.54	0.0521965
b1176	-3850.86597958641	7717.73	0.183151
b1179	-1768.18443770736	3552.37	0.180373
b1180	-3421.95430877731	6859.91	0.171295
b1181	-2258.44067370669	4532.88	0.0932455
b1185	-2828.9698331503	5673.94	0.214755
b1203	-4181.90740691133	8379.81	0.0688856
b1204	-2794.18017647384	5604.36	0.136709
b1207	-3147.52179986665	6311.04	0.0451738
b1208	-4505.2078446057	9026.42	0.188118
b1209	-3433.22113383399	6882.44	0.212731
b1210	-5963.0172494944	11942	0.125582
b1211	-4626.59657777123	9269.19	0.0917
b1212	-5128.45444273858	10272.9	0.260536
b1215	-3395.85599802255	6807.71	0.0780787
b1232	-3674.45961149025	7364.92	0.0744597
b1235	-5429.42721407036	10874.9	0.196705
b1236	-4211.47158775759	8438.94	0.0963395
b1237	-1712.88195479973	3441.76	0.145705
b1238	-2962.13653189637	5940.27	0.122678
b1241	-10073.7578504216	20163.5	0.0884392
b1243	-8336.03253333262	16688.1	0.134636
b1244	-3823.78453765842	7663.57	0.060788
b1246	-4881.26380869107	9778.53	0.100978
b1247	-4503.50691765164	9023.01	0.0731806
b1249	-6925.17873063265	13866.4	0.115625
b1252	-4679.93097806891	9375.86	0.298641
b1254	-2605.54242781973	5227.08	0.140948
b1255	-4582.6445176141	9181.29	0.295028
b1260	-4284.53989700403	8585.08	0.156045
b1261	-5107.4478786672	10230.9	0.0644108
b1263	-6781.64827055437	13579.3	0.105726
b1264	-8570.51096772141	17157	0.168121
b1266	-4823.45095548351	9662.9	0.230237
b1267	-2920.99404233608	5857.99	0.103494
b1269	-4442.9121103421	8901.82	0.171003
b1272	-5730.61578624946	11477.2	0.169225
b1274	-11078.3315610862	22172.7	0.0981748
b1275	-4288.87159077626	8593.74	0.0651643
b1277	-2551.31056822211	5118.62	0.0663042
b1279	-1689.17022887289	3394.34	0.175049
b1280	-5693.95269205673	11403.9	0.122199
b1281	-4071.54834354794	8159.1	0.173142
b1286	-9662.64538728718	19341.3	0.167008
b1288	-3218.16289305893	6452.33	0.0922772
b1290	-3987.92237451351	7991.84	0.0893606
b1291	-4295.50468774986	8607.01	0.0932974
b1292	-4489.91512009902	8995.83	0.167439
b1293	-4706.10404059376	9428.21	0.115527
b1294	-8836.05950479597	17688.1	0.144525
b1303	-5741.74825427168	11499.5	0.174563
b1304	-2941.62417461575	5899.25	0.111792
b1306	-2517.07439192708	5050.15	0.333796
b1322	-5988.83013475122	11993.7	0.193254
b1323	-8186.91336457567	16389.8	0.174167
b1329	-8529.3555073436	17074.7	0.13711
b1333	-4666.34146848609	9348.68	0.109513
b1334	-2894.17475658483	5804.35	0.0517861
b1344	-4432.22298376234	8880.45	0.0804249
b1412	-3042.93838428999	6101.88	0.229098
b1413	-18473.7979873058	36963.6	0.0911114
b1539	-3831.13918102909	7678.28	0.146971
b1593	-4740.28414836277	9496.57	0.279313
b1594	-6929.90043761873	13875.8	0.186528
b1599	-1723.65029607703	3463.3	0.146093
b1600	-2101.62381919227	4219.25	0.291256
b1602	-5903.3231393952	11822.6	0.0864114
b1603	-7103.79238522466	14223.6	0.112537
b1604	-5059.36990597686	10134.7	0.211012
b1610	-5944.76227392066	11905.5	0.264156
b1611	-6624.7951407842	13265.6	0.0886002
b1613	-6683.3540119128	13382.7	0.203758
b1614	-10298.1872146956	20612.4	0.359413
b1627	-2464.05698506159	4944.11	0.0594003
b1628	-3033.10468192535	6082.21	0.188215
b1629	-13306.1761623897	26628.4	0.214778
b1630	-6103.12964666774	12222.3	0.218051
b1631	-3541.70325748678	7099.41	0.151577
b1632	-3583.24574034763	7182.49	0.179294
b1633	-2908.81228055795	5833.62	0.0903664
b1637	-5393.41373714703	10802.8	0.0912997
b1638	-3239.91543016699	6495.83	0.100634
b1640	-6223.5902804847	12463.2	0.199853
b1641	-2496.71412571535	5009.43	0.171066
b1642	-2195.06044093167	4406.12	0.138986
b1652	-3235.33459308796	6486.67	0.164639
b1654	-1438.75364778448	2893.51	0.0817639
b1662	-3286.67151632401	6589.34	0.120411
b1676	-5695.58843081047	11407.2	0.117731
b1677	-763.13336158652	1542.27	0.177283
b1679	-2329.83855739597	4675.68	0.218627
b1680	-6746.85803843284	13509.7	0.151479
b1681	-7842.07459072493	15700.1	0.245813
b1682	-3211.74659085997	6439.49	0.0987435
b1683	-6350.78546992913	12717.6	0.0657536
b1688	-6230.22235936981	12476.4	0.283253
b1702	-10256.8745850067	20529.7	0.0801288
b1703	-4054.1915151874	8124.38	0.0978817
b1704	-5520.83597106213	11057.7	0.14815
b1708	-2624.82198872133	5265.64	0.165057
b1709	-5512.13729470857	11040.3	0.427398
b1711	-6344.69016240158	12705.4	0.335272
b1712	-964.841008611856	1945.68	0.0319178
b1713	-11139.2633208722	22294.5	0.149254
b1714	-3879.96935289554	7775.94	0.0818798
b1716	-1005.65996977819	2027.32	0.115536
b1719	-7458.48781922023	14933	0.0813224
b1725	-4488.04523448148	8992.09	0.179226
b1726	-3175.97604282996	6367.95	0.180811
b1728	-3530.54975398033	7077.1	0.276246
b1749	-3977.6259656119	7971.25	0.107548
b1763	-9457.01625442698	18930	0.111533
b1765	-3054.97739858597	6125.95	0.183324
b1766	-10168.7706391312	20353.5	0.196001
b1777	-1512.5087302361	3041.02	0.130098
b1778	-2228.95292016602	4473.91	0.131658
b1779	-3234.36987156589	6484.74	0.0881589
b1789	-2222.11425980725	4460.23	0.162718
b1804	-6399.51100445584	12815	0.22388
b1807	-3983.16973963135	7982.34	0.193208
b1809	-1867.14820650113	3750.3	0.157878
b1812	-8182.14668112316	16380.3	0.231943
b1814	-6153.46952437636	12322.9	0.102194
b1817	-4475.24726570944	8966.49	0.122093
b1818	-4435.28613028591	8886.57	0.171574
b1819	-3615.04620615193	7246.09	0.130429
b1820	-2782.98622273419	5581.97	0.321095
b1822	-4847.19370251038	9710.39	0.265603
b1823	-625.674888526223	1267.35	0.175337
b1829	-3819.05325868409	7654.11	0.117826
b1830	-9919.64652399577	19855.3	0.104009
b1832	-3058.89774257678	6133.8	0.186527
b1839	-2217.57812427104	4451.16	0.206211
b1842	-1291.37669205388	2598.75	0.143291
b1852	-6174.15039436106	12364.3	0.0784387
b1853	-4161.46626996829	8338.93	0.102353
b1854	-6031.19669209326	12078.4	0.0689894
b1855	-5224.99725542111	10466	0.167603
b1856	-6619.1678524235	13254.3	0.185077
b1858	-4076.05947800347	8168.12	0.158608
b1860	-4503.40469498838	9022.81	0.0923739
b1861	-2879.30330827985	5774.61	0.119652
b1863	-2431.95647235548	4879.91	0.0647053
b1864	-3001.91833492596	6019.84	0.0650267
b1865	-2281.55847028985	4579.12	0.178185
b1866	-7817.7764361905	15651.6	0.126032
b1869	-1988.60017730675	3993.2	0.194476
b1870	-3444.91662856792	6905.83	0.115642
b1871	-5020.49503354687	10057	0.118131
b1875	-3499.47166692865	7014.94	0.255279
b1876	-7648.18775038666	15312.4	0.120607
b1905	-2565.73117834568	5147.46	0.15028
b1912	-2510.97468122337	5037.95	0.114004
b1913	-8446.49960410316	16909	0.0949229
b1914	-2903.83765629561	5823.68	0.115467
b1918	-3852.46237217568	7720.92	0.162122
b2007	-1463.58373562071	2943.17	0.149119
b2011	-7726.60790780929	15469.2	0.140692
b2016	-4698.01905371006	9412.04	0.228969
b2019	-3846.34848398355	7708.7	0.0939486
b2020	-8480.08548084963	16976.2	0.145675
b2022	-5110.0835424265	10236.2	0.0951755
b2023	-3007.31989819866	6030.64	0.123339
b2024	-3900.69043703799	7817.38	0.183488
b2025	-3520.56218628729	7057.12	0.0856147
b2026	-3161.54175853149	6339.08	0.115453
b2029	-6150.82788015435	12317.7	0.0562248
b2064	-12190.9803236437	24398	0.292667
b2065	-2426.18492349781	4868.37	0.0609611
b2066	-2815.4810852306	5646.96	0.101242
b2113	-5322.4933853312	10661	0.108049
b2114	-8636.04464667292	17288.1	0.0899797
b2143	-5093.32308975014	10202.6	0.205621
b2144	-3562.48802435289	7140.98	0.134321
b2151	-6139.35170165835	12294.7	0.232062
b2152	-7115.41078402275	14246.8	0.357735
b2153	-2764.87195545366	5545.74	0.0922039
b2156	-6574.24758138345	13164.5	0.114837
b2168	-4202.24392805865	8420.49	0.0879715
b2174	-4508.83876902336	9033.68	0.291281
b2175	-2805.99506918085	5627.99	0.189188
b2181	-1967.25940315539	3950.52	0.229825
b2183	-3570.55184508503	7157.1	0.155043
b2184	-8043.82475017458	16103.6	0.117376
b2185	-1124.75705978351	2265.51	0.35136
b2186	-4629.00847860207	9274.02	0.104179
b2188	-9792.67346285375	19601.3	0.20211
b2214	-6701.89553007891	13419.8	0.282419
b2216	-17632.9291376152	35281.9	0.354368
b2217	-2749.91405532089	5515.83	0.0815249
b2218	-16789.702848307	33595.4	0.21984
b2231	-10827.7005271338	21671.4	0.0920549
b2232	-3598.98252329722	7213.97	0.113019
b2234	-8885.8559850141	17787.7	0.068944
b2235	-4315.8893409893	8647.78	0.0518905
b2253	-6451.53147433813	12919.1	0.216711
b2254	-4987.90561790293	9991.81	0.157387
b2255	-10761.0885259375	21538.2	0.172243
b2256	-5449.35398823856	10914.7	0.335924
b2257	-10477.3810728168	20970.8	0.314498
b2276	-6141.45130037877	12298.9	0.144582
b2277	-6363.02902605122	12742.1	0.100542
b2278	-8071.10226310292	16158.2	0.138851
b2279	-1121.4201327602	2258.84	0.141956
b2280	-2539.74513883309	5095.49	0.253316
b2281	-1879.48662517244	3774.97	0.0689651
b2282	-3609.59769360039	7235.2	0.0832078
b2283	-12029.9938124932	24076	0.139289
b2284	-5223.34994529606	10462.7	0.0736891
b2285	-2163.77774662678	4343.56	0.128571
b2286	-6703.87215954134	13423.7	0.0743449
b2287	-2393.8466415841	4803.69	0.0444843
b2288	-1999.07163703997	4014.14	0.191548
b2290	-4942.27134582997	9900.54	0.048653
b2295	-2231.4273867514	4478.85	0.153323
b2296	-4664.37536676689	9344.75	0.117834
b2297	-8355.41509591606	16726.8	0.126963
b2299	-2764.78868261583	5545.58	0.194379
b2302	-4141.80449689581	8299.61	0.213853
b2304	-5350.3244491124	10716.6	0.24199
b2311	-2825.95297135685	5667.91	0.108146
b2312	-6267.19071826243	12550.4	0.0596865
b2313	-2176.47630132203	4368.95	0.13979
b2314	-4042.59658530358	8101.19	0.236162
b2315	-7215.20421017162	14446.4	0.241092
b2316	-4058.57574122644	8133.15	0.103692
b2317	-3546.58400207399	7109.17	0.0939561
b2318	-3934.36646774257	7884.73	0.126177
b2319	-5284.22971516242	10584.5	0.182427
b2320	-6231.87282206991	12479.7	0.155197
b2323	-5178.33802231126	10372.7	0.104541
b2325	-1455.82753509438	2927.66	0.168003
b2329	-4865.13854039218	9746.28	0.0824394
b2331	-2825.56968373661	5667.14	0.0740195
b2340	-2595.84424465218	5207.69	0.202184
b2346	-3679.34882725322	7374.7	0.123241
b2393	-5245.71092622443	10507.4	0.11273
b2400	-6273.78858023643	12563.6	0.114694
b2410	-5332.9987603623	10682	0.198323
b2411	-10008.0727298147	20032.1	0.132986
b2412	-5814.92094363121	11645.8	0.300762
b2413	-4045.07020397335	8106.14	0.194097
b2414	-4034.22483123796	8084.45	0.0873686
b2415	-807.485645170803	1630.97	0.057968
b2417	-1810.89320344114	3637.79	0.0656756
b2421	-4431.04187359183	8878.08	0.103494
b2422	-5473.13597015211	10962.3	0.123671
b2424	-3843.01057470986	7702.02	0.0821175
b2425	-5175.49001530893	10367	0.128899
b2470	-22570.8021302877	45157.6	0.117692
b2471	-2109.68120585159	4235.36	0.184638
b2472	-5409.99578109365	10836	0.120321
b2474	-14084.2959409564	28184.6	0.351737
b2476	-2838.67366503917	5693.35	0.0801709
b2477	-5995.17204655229	12006.3	0.276257
b2478	-4087.55573090554	8191.11	0.154397
b2480	-1916.78707207686	3849.57	0.0934493
b2494	-8075.43507223004	16166.9	0.168183
b2496	-3273.20106114629	6562.4	0.104772
b2498	-2423.56595161849	4863.13	0.0647842
b2499	-4568.63971407528	9153.28	0.115283
b2501	-9198.83573379375	18413.7	0.0813046
b2502	-7741.66600397378	15499.3	0.136473
b2507	-6063.15793313417	12142.3	0.0808625
b2508	-5606.65373441348	11229.3	0.0681916
b2509	-7558.73015194889	15133.5	0.174117
b2511	-6409.88218191323	12835.8	0.0964325
b2512	-5919.36974950797	11854.7	0.202133
b2513	-3601.69298706902	7219.39	0.255924
b2514	-5721.09250895608	11458.2	0.144248
b2515	-4613.7939555778	9243.59	0.0723882
b2516	-6028.26787106525	12072.5	0.312472
b2517	-4969.6265831415	9955.25	0.074878
b2518	-1785.7946091312	3587.59	0.135728
b2523	-6537.44680846277	13090.9	0.161829
b2530	-5068.46910913469	10152.9	0.110398
b2531	-2137.80095754679	4291.6	0.10686
b2532	-3497.96500970778	7011.93	0.119023
b2533	-3381.93324393215	6779.87	0.107233
b2551	-4566.34738844771	9148.69	0.0879175
b2553	-1155.57726342134	2327.15	0.0294854
b2554	-5635.93498978025	11287.9	0.0845466
b2557	-17846.4633002642	35708.9	0.112032
b2558	-8423.91954065996	16863.8	0.177831
b2559	-2894.32736767436	5804.65	0.229721
b2562	-1299.34934204783	2614.7	0.0662283
b2563	-1960.67952124045	3937.36	0.128475
b2564	-3526.85219350038	7069.7	0.129945
b2565	-3675.70620492681	7367.41	0.140874
b2566	-3786.65885229716	7589.32	0.0759835
b2567	-2592.89870223798	5201.8	0.0601859
b2568	-5173.79874037816	10363.6	0.174005
b2569	-6814.54929754065	13645.1	0.0537663
b2571	-5372.70392866819	10761.4	0.239777
b2572	-3522.00859275173	7060.02	0.232893
b2573	-1982.48043370296	3980.96	0.0564235
b2576	-6212.30742651958	12440.6	0.129289
b2580	-3467.35246893021	6950.7	0.131758
b2581	-5842.10209431558	11700.2	0.237528
b2584	-14124.513591342	28265	0.145947
b2585	-6845.82537591016	13707.7	0.13023
b2592	-10800.3652233553	21616.7	0.0710409
b2594	-4405.93846770845	8827.88	0.0927479
b2595	-3358.91654191074	6733.83	0.118916
b2597	-1552.21696725502	3120.43	0.124188
b2599	-6033.28428735557	12082.6	0.129178
b2600	-5335.69331239608	10687.4	0.111433
b2601	-5056.29387956834	10128.6	0.113586
b2606	-916.43006984483	1848.86	0.113253
b2607	-2711.75610158099	5439.51	0.152265
b2608	-2205.17346461024	4426.35	0.151406
b2609	-868.550621012252	1753.1	0.156461
b2610	-5370.69804360027	10757.4	0.0565415
b2611	-4145.90809928573	8307.82	0.20605
b2614	-2788.00195622978	5592	0.174405
b2615	-4100.34943192746	8216.7	0.106297
b2616	-8698.67409320986	17413.3	0.156501
b2618	-1648.27044566049	3312.54	0.167675
b2619	-2305.44546002878	4626.89	0.118545
b2620	-1976.89413121273	3969.79	0.0520077
b2678	-5215.1154640606	10446.2	0.13127
b2684	-2540.73095898759	5097.46	0.149488
b2687	-2100.43606962757	4216.87	0.0756378
b2688	-8146.08205083063	16308.2	0.141251
b2697	-11882.7715520443	23781.5	0.127054
b2699	-3960.96232930451	7937.92	0.0755113
b2733	-11834.984717129	23686	0.099614
b2742	-6126.49823812429	12269	0.312818
b2743	-2962.80904966346	5941.62	0.136909
b2744	-3936.06245513659	7888.12	0.146027
b2746	-1942.08435943076	3900.17	0.0840791
b2747	-4042.66132680319	8101.32	0.249801
b2748	-1458.72601431239	2933.45	0.165633
b2750	-3193.60738780743	6403.21	0.177871
b2751	-7228.85474949792	14473.7	0.155782
b2752	-3449.8417276629	6915.68	0.0503952
b2762	-3613.62954126376	7243.26	0.125741
b2763	-7903.36137703751	15822.7	0.10151
b2764	-9285.23051413872	18586.5	0.162258
b2765	-1569.7499446854	3155.5	0.0931453
b2777	-3349.57643756532	6715.15	0.125283
b2779	-4275.34969703887	8566.7	0.08718
b2780	-6190.35834266951	12396.7	0.0765037
b2781	-4067.08512684	8150.17	0.15036
b2784	-9631.78521664304	19279.6	0.0751948
b2785	-7267.31108928831	14550.6	0.288508
b2786	-15253.1313217519	30522.3	0.248963
b2790	-2480.97257083881	4977.95	0.177748
b2794	-4459.93158976814	8935.86	0.156345
b2795	-6108.115548196	12232.2	0.102044
b2796	-6061.32404800824	12138.6	0.166899
b2798	-4338.63665184314	8693.27	0.182955
b2805	-3604.9799506566	7225.96	0.179227
b2806	-5277.34935015367	10570.7	0.119642
b2807	-2085.89525047982	4187.79	0.178294
b2808	-3898.53901201881	7813.08	0.0600461
b2810	-6984.90622011704	13985.8	0.234989
b2811	-2778.79677906394	5573.59	0.315419
b2812	-3969.64692984184	7955.29	0.109551
b2817	-6476.52235895401	12969	0.115735
b2819	-11394.376669085	22804.8	0.243424
b2820	-21013.9435012052	42043.9	0.214615
b2821	-16691.4765482917	33399	0.168688
b2822	-19446.0338380677	38908.1	0.198047
b2827	-3287.76211672952	6591.52	0.073845
b2828	-4138.02784771067	8292.06	0.135589
b2829	-11399.2419911369	22814.5	0.151046
b2830	-2148.62627494791	4313.25	0.0801171
b2831	-3631.42926475954	7278.86	0.17476
b2838	-6718.08633543423	13452.2	0.163838
b2890	-6289.68562645989	12595.4	0.119683
b2892	-9119.98179570627	18256	0.154827
b2893	-4139.12572798999	8294.25	0.247217
b2894	-4416.61289050682	8849.23	0.0918937
b2895	-2529.42952126586	5074.86	0.107598
b2896	-2668.73890322681	5353.48	0.303742
b2897	-1193.24934816375	2402.5	0.126666
b2898	-5430.47173305934	10876.9	0.204261
b2903	-12681.4240059286	25378.8	0.116321
b2904	-1817.61795177626	3651.24	0.183911
b2905	-5086.30333737585	10188.6	0.123309
b2906	-6596.81822680753	13209.6	0.184296
b2907	-7182.16665819724	14380.3	0.254685
b2908	-6521.40430231251	13058.8	0.141646
b2909	-3196.90513094482	6409.81	0.192556
b2910	-1391.16016004831	2798.32	0.101986
b2912	-3471.94686201835	6959.89	0.218942
b2913	-5477.52494617283	10971	0.123905
b2914	-2946.03251852403	5908.07	0.109032
b2916	-3769.33142781403	7554.66	0.0557266
b2922	-4001.69985791615	8019.4	0.166425
b2924	-4908.25486537597	9832.51	0.224018
b2925	-3879.46928116421	7774.94	0.114158
b2926	-4308.97162338066	8633.94	0.0980046
b2935	-8613.01933308693	17242	0.107228
b2937	-3867.61644503067	7751.23	0.0676127
b2938	-8231.35252142053	16478.7	0.0762394
b2942	-4315.8978031968	8647.8	0.0630418
b2944	-2895.42252552899	5806.85	0.195033
b2946	-3815.6404078187	7647.28	0.191957
b2948	-3040.31768946907	6096.64	0.166142
b2949	-2141.96348762241	4299.93	0.106532
b2951	-3664.6615724509	7345.32	0.196419
b2952	-3051.69574870863	6119.39	0.286565
b2954	-2862.99309210353	5741.99	0.123614
b2955	-5744.84514578513	11505.7	0.0962447
b2958	-4095.61000179888	8207.22	0.194191
b2960	-3287.95507292921	6591.91	0.159499
b2961	-5427.01395590864	10870	0.163736
b2962	-1115.97252601135	2247.95	0.106663
b2963	-5037.74138375723	10091.5	0.1055
b3005	-2074.80390154895	4165.61	0.151125
b3006	-4404.1265361987	8824.25	0.183084
b3008	-6276.59425734489	12569.2	0.145952
b3012	-5414.60647019186	10845.2	0.246287
b3017	-7232.62185962604	14481.2	0.20186
b3018	-3822.94367960153	7661.89	0.185695
b3019	-10045.2345019028	20106.5	0.0973629
b3030	-7569.25520651141	15154.5	0.0595844
b3031	-2846.2687409069	5708.54	0.159163
b3032	-4243.5716734105	8503.14	0.181717
b3034	-3209.01844588411	6434.04	0.161689
b3035	-7519.31060814577	15054.6	0.156642
b3037	-3337.49611686615	6690.99	0.180921
b3038	-5260.94937578933	10537.9	0.0852406
b3041	-2908.77972839601	5833.56	0.0951542
b3042	-2000.73475505872	4017.47	0.240669
b3052	-6802.07612088287	13620.2	0.0956871
b3053	-15588.2450606541	31192.5	0.16238
b3055	-3190.93801177343	6397.88	0.236098
b3056	-6625.48519487	13267	0.174295
b3058	-1921.38034723527	3858.76	0.146906
b3059	-3038.0418190666	6092.08	0.132034
b3064	-4536.59813858032	9089.2	0.0797229
b3065	-447.182234537619	910.364	0
b3066	-8647.54755359371	17311.1	0.133613
b3067	-6364.06708658994	12744.1	0.049456
b3088	-5024.77621116634	10065.6	0.158338
b3095	-3420.4877469168	6856.98	0.155335
b3114	-11968.6619247115	23953.3	0.11562
b3146	-3953.52418961505	7923.05	0.0990382
b3147	-12655.7977004536	25327.6	0.313555
b3149	-2425.13309235123	4866.27	0.0499148
b3150	-2954.20819883874	5924.42	0.152067
b3154	-2707.19943432655	5430.4	0.253372
b3155	-2017.63634623382	4051.27	0.318256
b3156	-2717.407138747	5450.81	0.248117
b3162	-7479.87024650114	14975.7	0.159965
b3163	-3308.98677631043	6633.97	0.139664
b3164	-8304.64283256732	16625.3	0.122193
b3165	-882.158626648745	1780.32	0.178977
b3166	-5007.67766134421	10031.4	0.160759
b3167	-1824.26564531982	3664.53	0.0934679
b3168	-10574.0572934052	21164.1	0.116845
b3169	-5826.21570465068	11668.4	0.0849183
b3170	-1681.26337320953	3378.53	0.100864
b3175	-1459.26438638185	2934.53	0.213563
b3176	-6045.56081783461	12107.1	0.0781155
b3177	-4396.42860610754	8808.86	0.147855
b3178	-7120.23469665976	14256.5	0.0701024
b3179	-2229.86584990508	4475.73	0.0602889
b3180	-1190.20487110438	2396.41	0.153828
b3181	-2011.82249415427	4039.64	0.0724434
b3183	-5155.9957478951	10328	0.0965717
b3185	-919.233595599232	1854.47	0.123253
b3186	-911.127617426358	1838.26	0.249376
b3187	-4481.20359691433	8978.41	0.0968647
b3188	-1500.89682914625	3017.79	0.133815
b3189	-5342.64455956372	10701.3	0.0769743
b3190	-1108.05880335048	2232.12	0.103523
b3192	-3002.95563206921	6021.91	0.115681
b3193	-2737.74265188371	5491.49	0.139278
b3194	-3373.59312466824	6763.19	0.0932176
b3195	-3941.0539613623	7898.11	0.0903316
b3197	-4800.31939197845	9616.64	0.136022
b3198	-2806.84704282024	5629.69	0.154794
b3199	-3029.201116669	6074.4	0.181276
b3200	-2832.03570842234	5680.07	0.175688
b3201	-2905.98201615329	5827.96	0.051787
b3202	-6430.35368508691	12876.7	0.0991826
b3204	-2278.90408898786	4573.81	0.118327
b3205	-3276.59620710589	6569.19	0.0434444
b3206	-1235.21024789097	2486.42	0.10248
b3209	-3556.74947118514	7129.5	0.18452
b3210	-11362.4704012709	22740.9	0.110531
b3228	-2557.78025549959	5131.56	0.177569
b3229	-2629.22840124466	5274.46	0.148549
b3230	-1093.77918006747	2203.56	0.138166
b3231	-1103.60341997092	2223.21	0.138339
b3232	-6171.45250664238	12358.9	0.194883
b3233	-1817.53826700365	3651.08	0.152691
b3235	-5458.87941386296	10933.8	0.125697
b3237	-2023.96081691928	4063.92	0.0934154
b3244	-6798.9199154647	13613.8	0.119438
b3247	-5943.08229611654	11902.2	0.0545207
b3249	-2330.80895925352	4677.62	0.137733
b3250	-4873.48701022054	9762.97	0.14036
b3251	-3675.14623991408	7366.29	0.0356384
b3255	-1967.27740903759	3950.55	0.251906
b3256	-4997.29951312504	10010.6	0.0611111
b3259	-4034.09329363323	8084.19	0.11191
b3261	-695.511394112549	1407.02	0.0112749
b3281	-5030.11898701174	10076.2	0.176379
b3282	-3356.59188570753	6729.18	0.207026
b3287	-2170.12485091637	4356.25	0.0666743
b3288	-4973.07194045293	9962.14	0.160781
b3289	-7303.91522208502	14623.8	0.163857
b3290	-5968.06167627576	11952.1	0.0440308
b3294	-954.399932594064	1924.8	0.105103
b3295	-2310.13389278064	4636.27	0.0253393
b3296	-1690.28969020837	3396.58	0.0966819
b3298	-1082.54009884253	2181.08	0.167266
b3300	-3780.60942583775	7577.22	0.0421022
b3301	-1375.089299486	2766.18	0.15852
b3302	-487.587943205159	991.176	0.270117
b3303	-1296.43254224196	2608.87	0.104438
b3304	-912.429998798298	1840.86	0.137758
b3305	-1608.33420374804	3232.67	0.191905
b3306	-1030.60944271599	2077.22	0.169527
b3307	-799.50169617091	1615	0.19285
b3308	-1396.75440835942	2809.51	0.0959267
b3309	-887.282454995186	1790.56	0.108926
b3313	-985.262190001621	1986.52	0.0765565
b3314	-1819.36970378223	3654.74	0.0465587
b3315	-788.338572562444	1592.68	0.0938211
b3316	-613.723415157257	1243.45	0.0349603
b3317	-2256.81046704674	4529.62	0.0682927
b3318	-757.080972268012	1530.16	0.179568
b3319	-1615.75053159449	3247.5	0.0762412
b3321	-683.693111283942	1383.39	0.0324261
b3340	-7016.25296636385	14048.5	0.122977
b3341	-1306.27972127629	2628.56	0.0592693
b3342	-1011.60356482087	2039.21	0.042948
b3344	-2224.55256766784	4465.11	0.236462
b3345	-2295.27424339478	4606.55	0.206437
b3346	-3141.18391582412	6298.37	0.0767597
b3347	-4046.08746780332	8108.17	0.187028
b3349	-2219.3034427804	4454.61	0.14174
b3352	-8855.43478522653	17726.9	0.10728
b3354	-1102.53002827762	2221.06	0.264382
b3356	-1833.85006752143	3683.7	0.106744
b3357	-2032.59652225173	4081.19	0.0111195
b3360	-3008.8991100712	6033.8	0.168318
b3363	-2641.32927871023	5298.66	0.139968
b3368	-8076.61292145771	16169.2	0.205819
b3384	-4374.63170293016	8765.26	0.083962
b3386	-2986.71021050509	5989.42	0.09076
b3387	-4247.44565245722	8510.89	0.146925
b3388	-7419.51584070033	14855	0.324839
b3389	-5343.65439049352	10703.3	0.157764
b3396	-12261.0348487935	24538.1	0.121768
b3397	-2901.84086644628	5819.68	0.159299
b3398	-13654.0549614288	27324.1	0.332826
b3400	-1978.17429980032	3972.35	0.15968
b3401	-4490.33755222265	8996.68	0.179818
b3403	-7295.84430888139	14607.7	0.108063
b3404	-6527.82753445302	13071.7	0.118693
b3405	-2760.29723794651	5536.59	0.0542212
b3406	-2270.60821813819	4557.22	0.104227
b3407	-10276.4362195012	20568.9	0.104802
b3412	-4578.39523496783	9172.79	0.252479
b3414	-2279.14664189371	4574.29	0.0603875
b3423	-3481.77672830689	6979.55	0.074857
b3424	-4956.49814750919	9929	0.242636
b3425	-1796.50747929001	3609.01	0.165235
b3426	-7618.44612561445	15252.9	0.115307
b3433	-4756.1187217093	9528.24	0.0933571
b3437	-2595.93756423364	5207.88	0.183195
b3438	-5116.84772678768	10249.7	0.101943
b3439	-3152.18832775954	6320.38	0.136407
b3458	-5955.22716050594	11926.5	0.210096
b3461	-3162.49052461611	6340.98	0.0675146
b3462	-5385.92553565677	10787.9	0.147046
b3463	-2764.19071415653	5544.38	0.086371
b3464	-7862.64267986774	15741.3	0.204019
b3465	-3336.0634134746	6688.13	0.216945
b3466	-1579.41160315152	3174.82	0.367679
b3469	-14870.871888719	29757.7	0.28666
b3470	-1221.64876851086	2459.3	0.1311
b3471	-3355.25446407365	6726.51	0.125948
b3493	-7185.62539801036	14387.3	0.128865
b3495	-1671.82866269357	3359.66	0.0609857
b3498	-9359.86866847209	18735.7	0.114036
b3499	-3923.56533092153	7863.13	0.123686
b3500	-6032.25539567513	12080.5	0.0917874
b3540	-4437.7719534817	8891.54	0.0781544
b3541	-4174.94888237458	8365.9	0.0674864
b3542	-3898.26181971899	7812.52	0.0760824
b3543	-3980.40761469751	7976.82	0.0616176
b3549	-3424.53069286104	6865.06	0.2293
b3559	-9378.66610619816	18773.3	0.123471
b3560	-2978.38212601971	5972.76	0.0336233
b3606	-2185.86725725792	4387.73	0.10951
b3607	-3485.37139319389	6986.74	0.0721545
b3608	-4771.2237494065	9558.45	0.107642
b3609	-1807.33364128173	3630.67	0.0822484
b3611	-2270.03866172564	4556.08	0.215153
b3613	-7271.76043049838	14559.5	0.187779
b3614	-5467.74123282108	10951.5	0.202275
b3619	-3967.19612363487	7950.39	0.0717351
b3620	-5259.82168348921	10535.6	0.158528
b3621	-6076.13062127135	12168.3	0.208049
b3632	-8361.49261691513	16739	0.222943
b3633	-6438.56884020633	12893.1	0.143973
b3634	-2467.74128117348	4951.48	0.126682
b3635	-4130.8349597576	8277.67	0.132762
b3636	-458.639814023423	933.28	0.0512764
b3637	-653.535314978725	1323.07	0.168374
b3639	-6072.81668917342	12161.6	0.14495
b3640	-1967.72023984796	3951.44	0.107804
b3641	-2564.80185910507	5145.6	0.091981
b3642	-2841.75617576586	5699.51	0.0859206
b3643	-3254.42514453168	6524.85	0.119936
b3644	-3830.63994385093	7677.28	0.0839397
b3648	-2598.03087927863	5212.06	0.0997754
b3649	-819.649082732877	1655.3	0.161514
b3650	-8092.30834114952	16200.6	0.0550782
b3652	-10173.2553598549	20362.5	0.116147
b3671	-9594.4042815802	19204.8	0.172113
b3699	-9325.71430531874	18667.4	0.0704662
b3700	-4985.77483292375	9987.55	0.11254
b3701	-4744.49800552526	9505	0.0741508
b3702	-5383.63517100494	10783.3	0.0597172
b3704	-1254.5329393461	2525.07	0.197252
b3705	-7189.6418883092	14395.3	0.173764
b3706	-6208.44634246847	12432.9	0.0837544
b3725	-3037.2526698174	6090.51	0.0624119
b3727	-4017.64417707612	8051.29	0.0785941
b3728	-4688.67066430757	9393.34	0.159575
b3729	-8031.15401857173	16078.3	0.101668
b3730	-6806.63446900179	13629.3	0.131476
b3731	-1544.81567436504	3105.63	0.0962431
b3732	-4221.94018991164	8459.88	0.0631397
b3733	-2940.27363143849	5896.55	0.100411
b3734	-4922.35293606781	9860.71	0.0597848
b3735	-2228.38899037318	4472.78	0.206483
b3736	-1585.87328492895	3187.75	0.106938
b3740	-3352.60021204835	6721.2	0.180137
b3741	-8250.36996887533	16516.7	0.0773594
b3742	-2443.89344735217	4903.79	0.226935
b3743	-1904.09965987088	3824.2	0.0618465
b3750	-5212.59448216221	10441.2	0.196062
b3764	-1460.93587736464	2937.87	0.0912103
b3769	-1273.03173914627	2562.06	0.259965
b3770	-3752.54803895633	7521.1	0.0596762
b3771	-7978.2508206066	15972.5	0.0644955
b3772	-7092.46711027657	14200.9	0.083143
b3773	-4677.13657432811	9370.27	0.089651
b3774	-5676.30251047388	11368.6	0.0717563
b3778	-9255.75365498046	18527.5	0.0695523
b3779	-7867.84212032709	15751.7	0.159852
b3780	-5177.7105548609	10371.4	0.076242
b3781	-1318.48341319699	2652.97	0.115401
b3783	-3896.51048066814	7809.02	0.0190492
b3784	-5668.07220845511	11352.1	0.148756
b3785	-5945.70389040599	11907.4	0.163716
b3786	-5753.73136168629	11523.5	0.133777
b3787	-6162.11298117263	12340.2	0.128538
b3790	-3958.32031875781	7932.64	0.393613
b3791	-5237.89818044336	10491.8	0.107799
b3792	-6453.37791552	12922.8	0.179004
b3793	-6759.54145437025	13535.1	0.131098
b3794	-4015.35746860374	8046.71	0.153368
b3803	-6783.3617093169	13582.7	0.235221
b3804	-4372.01258561575	8760.03	0.293007
b3805	-5105.86202200838	10227.7	0.193069
b3806	-11374.0371681758	22764.1	0.121746
b3809	-3597.60417016167	7211.21	0.0954304
b3810	-4013.22739403359	8042.45	0.297859
b3811	-4736.77296099646	9489.55	0.167207
b3812	-4097.51733961151	8211.03	0.243773
b3813	-8746.67907862997	17509.4	0.053301
b3816	-3877.96061306528	7771.92	0.0673439
b3819	-5003.59864163976	10023.2	0.184489
b3820	-2592.53886003383	5201.08	0.210792
b3822	-8612.40019163524	17240.8	0.100939
b3829	-10356.194868096	20728.4	0.108808
b3831	-3237.04564723681	6490.09	0.111004
b3832	-7898.13553906789	15812.3	0.164457
b3833	-3328.0190225017	6672.04	0.0829023
b3834	-3806.45438028283	7628.91	0.315967
b3835	-7664.06944961069	15344.1	0.0990087
b3839	-3799.415730449	7614.83	0.116929
b3842	-2685.94153975818	5387.88	0.174391
b3843	-6326.50274576811	12669	0.0619585
b3844	-3546.06216494425	7108.12	0.10786
b3847	-6705.71827471519	13427.4	0.119887
b3848	-3188.63838281001	6393.28	0.209038
b3849	-6334.82607612483	12685.7	0.0734461
b3850	-3287.65131323882	6591.3	0.227668
b3856	-2939.35575535635	5894.71	0.247856
b3859	-5602.4270955384	11220.9	0.167859
b3860	-3180.14553646135	6376.29	0.167233
b3863	-13329.7067929864	26675.4	0.120582
b3865	-2942.89433894315	5901.79	0.147631
b3868	-6379.48566936426	12775	0.0743458
b3869	-4741.30801316743	9498.62	0.0849898
b3870	-5451.37691409823	10918.8	0.0876653
b3871	-6823.12725437122	13662.3	0.0950096
b3885	-3230.99207757544	6477.98	0.152544
b3887	-2061.30940569889	4138.62	0.167799
b3908	-2534.14470634117	5084.29	0.0875574
b3911	-5996.83114895477	12009.7	0.0876633
b3912	-2787.06781761673	5590.14	0.0620421
b3916	-3945.08012882519	7906.16	0.0893034
b3917	-4523.6188980399	9063.24	0.0807197
b3919	-3190.58043154651	6397.16	0.129265
b3920	-3879.33632649974	7774.67	0.321141
b3924	-3854.28770465893	7724.58	0.12512
b3926	-6384.80816822806	12785.6	0.0743535
b3927	-4773.96384598494	9563.93	0.230433
b3928	-1092.8501957859	2201.7	0.12862
b3929	-1947.29493949056	3910.59	0.078575
b3931	-5086.87355892709	10189.7	0.0781038
b3932	-1973.29830123807	3962.6	0.0543514
b3933	-5322.4697866	10660.9	0.309849
b3935	-11719.8195312065	23455.6	0.134747
b3936	-790.433979621718	1596.87	0.178907
b3938	-1041.89373147269	2099.79	0.0479057
b3939	-5204.76068388059	10425.5	0.149287
b3941	-3722.64801151484	7461.3	0.0664945
b3957	-5616.82667820222	11249.7	0.12887
b3959	-3539.43925489704	7094.88	0.120771
b3960	-6140.87699453377	12297.8	0.103381
b3961	-4011.39878589806	8038.8	0.0759674
b3962	-5978.78397525305	11973.6	0.077612
b3963	-2801.34763817543	5618.7	0.0816701
b3964	-2065.24157101314	4146.48	0.271516
b3965	-5413.55608866388	10843.1	0.125208
b3967	-4627.21595781417	9270.43	0.209899
b3972	-6126.28983264901	12268.6	0.19286
b3973	-5290.74654607284	10597.5	0.133551
b3974	-4407.94672023293	8831.89	0.0646374
b3981	-1535.64334588427	3087.29	0.251938
b3982	-1742.27588009915	3500.55	0.0347385
b3983	-1245.08989882199	2506.18	0.0895452
b3984	-2253.07716050956	4522.15	0.0966953
b3985	-1362.23054736989	2740.46	0.188012
b3986	-1106.7501086778	2229.5	0.20537
b3987	-12328.6135510128	24673.2	0.052369
b3988	-13710.9660360365	27437.9	0.0902828
b3990	-5548.33608376042	11112.7	0.148078
b3997	-4567.05433611081	9150.11	0.0915671
b3998	-3704.92263073025	7425.85	0.182473
b3999	-2597.43925400482	5210.88	0.0793519
b4000	-928.178998208976	1872.36	0.111748
b4005	-6162.1057898095	12340.2	0.134646
b4006	-6924.4223277132	13864.8	0.0851232
b4013	-4398.15115190683	8812.3	0.101429
b4024	-6705.4949708652	13427	0.211698
b4025	-7023.51753943054	14063	0.0888634
b4040	-4411.14389354478	8838.29	0.156349
b4041	-11795.2070770086	23606.4	0.133989
b4043	-2504.65069715441	5025.3	0.0866225
b4046	-2862.98819205189	5741.98	0.157834
b4049	-5245.64317946552	10507.3	0.127986
b4052	-5807.71418380558	11631.4	0.0655358
b4054	-6423.63683123621	12863.3	0.185126
b4058	-11254.9055079795	22525.8	0.0414569
b4059	-2237.87105435702	4491.74	0.199677
b4065	-7977.59792529274	15971.2	0.136556
b4135	-3440.59328978387	6897.19	0.232114
b4136	-10321.719074647	20659.4	0.258148
b4139	-5791.84683712272	11599.7	0.10178
b4142	-1058.54403716787	2133.09	0.147806
b4143	-5527.46280716358	11070.9	0.102939
b4144	-1931.52223813697	3879.04	0.200746
b4146	-5338.97734219095	10694	0.168066
b4147	-2096.32752614524	4208.66	0.0788339
b4151	-2334.76157443651	4685.52	0.283318
b4155	-4557.50858566509	9131.02	0.10355
b4159	-17966.6760435546	35949.4	0.1551
b4160	-4845.02038310398	9706.04	0.211584
b4161	-5143.12590222179	10302.3	0.116272
b4162	-2412.98371710356	4841.97	0.0845492
b4168	-2400.40582807993	4816.81	0.150892
b4169	-7902.41502669134	15820.8	0.238528
b4170	-10853.9703645925	21723.9	0.249706
b4171	-4203.80293340486	8423.61	0.147405
b4172	-1162.66066555826	2341.32	0.145232
b4173	-5385.41641325773	10786.8	0.0867913
b4174	-5784.34223347813	11584.7	0.167693
b4175	-4457.75879658073	8931.52	0.137606
b4177	-4816.54874638246	9649.1	0.102013
b4179	-11238.3358222615	22492.7	0.122836
b4180	-3181.05773130097	6378.12	0.0993209
b4200	-1215.75088050903	2447.5	0.165174
b4202	-519.998651555907	1056	0.0559647
b4203	-1565.37233091683	3146.74	0.192914
b4214	-3753.90508825864	7523.81	0.137755
b4217	-1013.83146846107	2043.66	0.113746
b4220	-9240.16024805195	18496.3	0.168995
b4221	-21890.0794820411	43796.2	0.236809
b4222	-1724.57547111592	3465.15	0.16864
b4226	-1914.86872155612	3845.74	0.0649042
b4232	-4118.95214184034	8253.9	0.065552
b4233	-6241.75378958763	12499.5	0.102958
b4234	-2638.41150286078	5292.82	0.148981
b4243	-1699.30480157952	3414.61	0.121346
b4244	-2181.81248038966	4379.62	0.127421
b4245	-4037.18866063569	8090.38	0.0975576
b4255	-1951.11299292087	3918.23	0.0960814
b4258	-11591.0197225274	23198	0.088099
b4259	-2207.94040066063	4431.88	0.197675
b4260	-6029.25762760799	12074.5	0.0588467
b4261	-5406.12380039919	10828.2	0.15756
b4262	-5107.4848197273	10231	0.104724
b4371	-5677.18743555592	11370.4	0.214574
b4372	-2643.29161146006	5302.58	0.399758
b4373	-2497.70181883604	5011.4	0.160804
b4375	-6260.62259954226	12537.2	0.0673246
b4381	-3724.67520805664	7465.35	0.139039
b4383	-5321.78493637831	10659.6	0.113401
b4387	-3504.56578397049	7025.13	0.241027
b4388	-4850.28605266844	9716.57	0.176149
b4389	-5612.34836564385	11240.7	0.0526574
b4391	-6344.78165626494	12705.6	0.0602522
b4393	-1829.25075959576	3674.5	0.173883
b4396	-4720.48253781712	9456.97	0.183529
b4401	-2583.10278377255	5182.21	0.0522348
