gene_id	likelihood	aic	w
b0002	-11596.6122512028	23209.2	0.0976788
b0003	-4482.11228229772	8980.22	0.126636
b0004	-6060.26852463904	12136.5	0.0984912
b0006	-3922.40523817477	7860.81	0.142903
b0014	-6577.74677970694	13171.5	0.0827078
b0015	-4636.72351825704	9289.45	0.0727721
b0019	-6911.76863678688	13839.5	0.205638
b0023	-762.643523644217	1541.29	0.164957
b0025	-4911.85762989058	9839.72	0.163606
b0026	-12657.656593112	25331.3	0.135269
b0027	-2494.1163757267	5004.23	0.166509
b0028	-2363.67120608445	4743.34	0.184773
b0029	-4302.57788530375	8621.16	0.0856819
b0031	-4143.4128023883	8302.83	0.139385
b0032	-4980.79344134168	9977.59	0.104189
b0033	-12056.0465869095	24128.1	0.046576
b0048	-2234.98592015532	4485.97	0.105301
b0049	-4345.00743208643	8706.01	0.109491
b0050	-1783.92852020228	3583.86	0.131571
b0051	-3683.2433743091	7382.49	0.112829
b0052	-5243.10558031627	10502.2	0.158954
b0053	-6244.04023086175	12504.1	0.13479
b0054	-12054.0191826537	24124	0.151794
b0055	-4049.3699335372	8114.74	0.113768
b0058	-3062.91144305733	6141.82	0.105919
b0059	-13408.9610682198	26833.9	0.126245
b0066	-4064.37876051396	8144.76	0.166963
b0067	-8738.83067784783	17493.7	0.163459
b0068	-5094.05397638366	10204.1	0.160884
b0071	-2888.3964792441	5792.79	0.107296
b0072	-6067.97881656706	12152	0.0737497
b0073	-4983.74440967805	9983.49	0.0854034
b0074	-7153.651379307	14323.3	0.0945089
b0080	-4302.98155559759	8621.96	0.0567923
b0081	-1914.29963509982	3844.6	0.118799
b0082	-4338.41411334395	8692.83	0.124429
b0083	-1511.10832627023	3038.22	0.105681
b0084	-7336.17520441149	14688.4	0.105281
b0085	-7407.9344607224	14831.9	0.155722
b0086	-7452.80241467841	14921.6	0.191063
b0087	-4045.88825482399	8107.78	0.0525676
b0088	-6931.52486936694	13879	0.126601
b0089	-5552.64361138987	11121.3	0.0981123
b0090	-5240.36802999677	10496.7	0.141318
b0091	-6450.85031544472	12917.7	0.0864044
b0093	-4086.90064783448	8189.8	0.175059
b0094	-4538.04271528889	9092.09	0.0352844
b0096	-3302.1635276068	6620.33	0.0560713
b0097	-3358.38091836738	6732.76	0.382014
b0098	-10913.1898227196	21842.4	0.0718943
b0099	-2386.34200508175	4788.68	0.196458
b0102	-4204.3763193854	8424.75	0.189108
b0103	-3809.93708102169	7635.87	0.21457
b0109	-4819.48881539739	9654.98	0.177661
b0112	-6878.69165170669	13773.4	0.123718
b0113	-3352.38946006734	6720.78	0.0781795
b0114	-9596.61714665645	19209.2	0.0798501
b0115	-7522.67416160477	15061.3	0.140324
b0116	-4930.08135630954	9876.16	0.0591265
b0118	-10463.0142650311	20942	0.0597022
b0120	-3201.51761217805	6419.04	0.0581852
b0121	-3981.34780539402	7978.7	0.11187
b0125	-2302.84383851433	4621.69	0.122192
b0126	-3095.76539192445	6207.53	0.11171
b0127	-4218.36096725144	8452.72	0.0910388
b0128	-3402.33580354858	6820.67	0.0773478
b0131	-1733.27635134766	3482.55	0.109184
b0133	-4751.92751457565	9519.86	0.128521
b0134	-4223.56096263241	8463.12	0.126045
b0142	-3056.33728151576	6128.67	0.190764
b0143	-6963.21242472778	13942.4	0.145807
b0144	-5388.88797392769	10793.8	0.215214
b0145	-1443.84147735372	2903.68	0.0274651
b0146	-4055.42193858103	8126.84	0.210225
b0149	-12353.0645323236	24722.1	0.116026
b0154	-5668.99887231176	11354	0.0957655
b0156	-1356.17203890419	2728.34	0.0595561
b0159	-3463.69030800427	6943.38	0.137055
b0163	-1605.06402680421	3226.13	0.0694711
b0166	-3451.079892229	6918.16	0.0651499
b0167	-13719.0522921993	27454.1	0.126148
b0168	-3421.21356679585	6858.43	0.10518
b0169	-2145.40575546431	4306.81	0.0710157
b0170	-3330.98010791121	6677.96	0.181917
b0171	-2664.17524788057	5344.35	0.0461617
b0172	-2310.51525152928	4637.03	0.116684
b0173	-6473.71013218509	12963.4	0.178146
b0174	-3798.43691574721	7612.87	0.168241
b0175	-4358.80066841953	8733.6	0.174528
b0176	-6740.60027644133	13497.2	0.190045
b0177	-10795.6156861585	21607.2	0.115238
b0178	-2418.85875380585	4853.72	0.223747
b0179	-4387.58338723279	8791.17	0.110873
b0180	-1708.83456016424	3433.67	0.0655116
b0181	-3567.74120071535	7151.48	0.132013
b0182	-5679.22164486721	11374.4	0.113183
b0183	-2861.54082841494	5739.08	0.104189
b0184	-14288.6731235038	28593.3	0.0701553
b0185	-3667.9143749994	7351.83	0.0659178
b0188	-9232.76623398953	18481.5	0.281719
b0189	-1475.06745296881	2966.13	0.185762
b0194	-7234.46799390827	14484.9	0.0908739
b0195	-3583.78795275662	7183.58	0.158304
b0196	-2339.54569407403	4695.09	0.289551
b0197	-3440.04255998874	6896.09	0.0716099
b0198	-2951.00563012895	5918.01	0.0662228
b0199	-4822.5598145856	9661.12	0.0989927
b0200	-2745.78413849603	5507.57	0.141781
b0209	-4683.36007269662	9382.72	0.129507
b0211	-6969.89741174681	13955.8	0.197763
b0212	-4486.19208474958	8988.38	0.207724
b0213	-4155.69488589538	8327.39	0.194013
b0214	-2242.93554612933	4501.87	0.0944075
b0215	-3559.297448579	7134.59	0.110303
b0222	-2425.1114598878	4866.22	0.072101
b0223	-3617.27164378138	7250.54	0.0999162
b0237	-7049.52638045854	14115.1	0.128017
b0238	-1745.75247855788	3507.5	0.0493911
b0239	-7094.35578792744	14204.7	0.182558
b0242	-5098.82514587719	10213.7	0.0826996
b0243	-6517.79081909722	13051.6	0.15252
b0369	-5759.71847811063	11535.4	0.197951
b0386	-4946.14504736833	9908.29	0.302944
b0388	-3594.3837044367	7204.77	0.315863
b0393	-4330.49128410469	8676.98	0.119577
b0401	-6621.73793536807	13259.5	0.143336
b0402	-6251.59448223104	12519.2	0.137753
b0405	-4865.20532215161	9746.41	0.0938327
b0406	-4277.39556287713	8570.79	0.0565619
b0407	-1241.22225689679	2498.44	0.12447
b0408	-7789.19566455526	15594.4	0.103452
b0409	-4249.62960474464	8515.26	0.117112
b0414	-6102.12914949764	12220.3	0.150661
b0415	-1972.07381157139	3960.15	0.136804
b0416	-1774.30552549425	3564.61	0.136736
b0417	-5172.19144361948	10360.4	0.155136
b0418	-2560.47856897477	5136.96	0.096498
b0420	-8489.06141539719	16994.1	0.0787776
b0421	-4893.58100718691	9803.16	0.163489
b0423	-6711.0936911062	13438.2	0.106205
b0425	-5370.65032756131	10757.3	0.213463
b0434	-3148.75248894904	6313.5	0.163395
b0435	-1578.07681082056	3172.15	0.133083
b0436	-4979.36679507315	9974.73	0.12717
b0437	-2284.30068749651	4584.6	0.0449423
b0438	-4680.74567372731	9377.49	0.0420637
b0439	-9012.86000681065	18041.7	0.0491331
b0440	-1031.02766231439	2078.06	0.0847547
b0441	-10728.6417195441	21473.3	0.247986
b0444	-3351.29482792372	6718.59	0.105787
b0448	-9443.57617710903	18903.2	0.12899
b0449	-9610.84020538172	19237.7	0.133134
b0450	-1378.67637875712	2773.35	0.0793426
b0451	-6436.42730260552	12888.9	0.12773
b0460	-866.792893179439	1749.59	0.0532739
b0463	-6086.58065369699	12189.2	0.17516
b0464	-3699.73281046403	7415.47	0.217351
b0469	-2679.93452810858	5375.87	0.135867
b0470	-10480.6310415313	20977.3	0.18436
b0471	-1102.84216882531	2221.68	0.0292168
b0472	-2545.4741322856	5106.95	0.0585756
b0473	-7831.36622769015	15678.7	0.0871613
b0474	-2700.23139630014	5416.46	0.100631
b0475	-5504.39877326827	11024.8	0.181914
b0482	-5301.50022000675	10619	0.290173
b0489	-3942.20704620341	7900.41	0.0816033
b0495	-3248.05950358205	6512.12	0.133911
b0522	-5503.14205485474	11022.3	0.133095
b0523	-2509.08523635712	5034.17	0.135293
b0524	-4062.33055094037	8140.66	0.231475
b0525	-1843.73012254676	3703.46	0.0962363
b0526	-6030.94617489408	12077.9	0.0830297
b0529	-3984.51791117258	7985.04	0.0879905
b0605	-2886.09119314002	5788.18	0.23179
b0622	-3628.21100250718	7272.42	0.241661
b0628	-3817.34660371173	7650.69	0.0466217
b0630	-3428.39669677276	6872.79	0.162429
b0631	-979.00070355887	1974	0.0484569
b0632	-5163.9336591566	10343.9	0.108032
b0634	-4688.31975254438	9392.64	0.0663123
b0635	-8665.74053177796	17347.5	0.0912917
b0636	-1873.54947779978	3763.1	0.0492013
b0639	-3876.44055110417	7768.88	0.22563
b0640	-5694.06881828116	11404.1	0.186136
b0641	-3354.29128974988	6724.58	0.269029
b0642	-10576.1090189191	21168.2	0.0935105
b0655	-4139.74062967787	8295.48	0.110722
b0657	-8456.90201692069	16929.8	0.15786
b0658	-3598.29389045176	7212.59	0.0628024
b0659	-2254.27381456363	4524.55	0.109247
b0660	-4472.21802025236	8960.44	0.0719399
b0661	-5716.8738129633	11449.7	0.0626149
b0662	-6433.26371480381	12882.5	0.193666
b0674	-9342.07365622632	18700.1	0.182736
b0676	-5825.6910130103	11667.4	0.11018
b0677	-5828.43416979092	11672.9	0.172414
b0678	-3700.6730547919	7417.35	0.116776
b0679	-10780.7351928905	21577.5	0.238952
b0680	-6894.33502851992	13804.7	0.0825884
b0683	-1873.76115593038	3763.52	0.0687908
b0684	-2112.83289759248	4241.67	0.0777217
b0685	-1534.82488216092	3085.65	0.134666
b0686	-4581.98512848749	9179.97	0.238469
b0687	-2779.49342252234	5574.99	0.193369
b0688	-7361.29530807478	14738.6	0.0896136
b0710	-3617.84440071331	7251.69	0.141254
b0713	-5344.66872442234	10705.3	0.399938
b0720	-5262.20172746801	10540.4	0.0715717
b0721	-1571.90059050599	3159.8	0.184196
b0722	-1591.04541914799	3198.09	0.181056
b0723	-6459.6242964667	12935.2	0.046189
b0724	-2802.84629798815	5621.69	0.0640853
b0726	-11503.6846899037	23023.4	0.086074
b0727	-5005.7479180191	10027.5	0.120182
b0728	-4213.85734499946	8443.71	0.0648216
b0729	-3341.64676639322	6699.29	0.0512561
b0733	-6346.95227673629	12709.9	0.0956863
b0734	-5127.66898667701	10271.3	0.147149
b0737	-2778.33110654794	5572.66	0.0544541
b0738	-2044.86852524556	4105.74	0.125103
b0739	-7051.41755010873	14118.8	0.284788
b0740	-5562.35368242144	11140.7	0.107487
b0741	-1878.9793377535	3773.96	0.0968703
b0742	-3793.26688813858	7602.53	0.187103
b0754	-4787.23377911382	9590.47	0.0765764
b0755	-3039.7438725492	6095.49	0.0652524
b0757	-5737.23564099255	11490.5	0.163177
b0758	-4779.74349699143	9575.49	0.14698
b0759	-5485.13890545971	10986.3	0.155159
b0761	-3949.02083375691	7914.04	0.157866
b0767	-5728.29346945897	11472.6	0.211223
b0774	-6754.52404173676	13525	0.146261
b0775	-4717.80083559691	9451.6	0.0807007
b0776	-7126.89199529371	14269.8	0.242278
b0777	-5197.19971880547	10410.4	0.28266
b0778	-4177.40453271939	8370.81	0.217808
b0779	-8771.18791429505	17558.4	0.0607182
b0780	-4675.80000483364	9367.6	0.114582
b0783	-2119.68380272582	4255.37	0.0946647
b0797	-6979.06531961851	13974.1	0.143476
b0812	-2108.07422905665	4232.15	0.115323
b0820	-6211.20100270317	12438.4	0.0725019
b0827	-6923.58805831345	13863.2	0.202063
b0849	-1188.05835610814	2392.12	0.133229
b0861	-3325.59198657584	6667.18	0.107789
b0862	-3533.18702499275	7082.37	0.121585
b0863	-3488.59963082122	6993.2	0.131003
b0864	-3251.52996913009	6519.06	0.111183
b0867	-5158.93000576953	10333.9	0.245433
b0874	-5257.46162524228	10530.9	0.19016
b0878	-7227.78050067796	14471.6	0.262528
b0879	-11843.0365357836	23702.1	0.220204
b0880	-875.942512903233	1767.89	0.11579
b0881	-1385.45638721954	2786.91	0.210857
b0882	-9391.85806854709	18799.7	0.0617947
b0884	-555.433277378033	1126.87	0.0039511
b0886	-10032.9621494372	20081.9	0.197611
b0887	-9923.59035891604	19863.2	0.189306
b0888	-4250.14731928189	8516.29	0.0728599
b0889	-1688.08671235041	3392.17	0.0114595
b0890	-22426.4919028326	44869	0.215153
b0891	-2967.63634656282	5951.27	0.153312
b0892	-5805.04050914636	11626.1	0.0652719
b0893	-5353.76052250842	10723.5	0.0990694
b0902	-3143.25586533004	6302.51	0.0651709
b0904	-3952.0553185422	7920.11	0.121853
b0907	-5297.94758431816	10611.9	0.113734
b0908	-6444.47626887217	12905	0.131154
b0910	-3144.19329169157	6304.39	0.127715
b0911	-4766.59363734704	9549.19	0.0538706
b0912	-1012.99259491998	2041.99	0.06503
b0914	-7599.15937160034	15214.3	0.0766941
b0915	-5611.19998878058	11238.4	0.230867
b0920	-4740.81438924766	9497.63	0.229849
b0921	-4164.84496083749	8345.69	0.2104
b0922	-5419.71288851959	10855.4	0.0967985
b0923	-3061.33373572567	6138.67	0.104255
b0926	-2834.2434069475	5684.49	0.142482
b0927	-3467.76478782426	6951.53	0.170114
b0928	-5486.02259212528	10988	0.0998433
b0930	-5698.28284169816	11412.6	0.0825584
b0932	-12438.1291851415	24892.3	0.10638
b0945	-4530.81213958926	9077.62	0.077897
b0947	-6229.75664683866	12475.5	0.199527
b0948	-10550.5551936957	21117.1	0.131064
b0949	-9411.75471020783	18839.5	0.126128
b0950	-6907.56130041665	13831.1	0.173242
b0951	-8699.88742237003	17415.8	0.163165
b0952	-3629.62257142436	7275.25	0.219243
b0954	-2080.34251720598	4176.69	0.081798
b0956	-2274.59980104142	4565.2	0.11058
b0957	-4753.92999233429	9523.86	0.236174
b0962	-11420.6270998777	22857.3	0.173425
b0963	-2287.07486511398	4590.15	0.124029
b0966	-1603.20155844605	3222.4	0.103141
b0969	-1737.53284093302	3491.07	0.129781
b1091	-4608.36080606825	9232.72	0.127265
b1092	-4530.9975189377	9078	0.144464
b1093	-3161.56816933084	6339.14	0.169787
b1095	-5047.30976992564	10110.6	0.098122
b1096	-5379.46980135578	10774.9	0.279984
b1097	-5991.37264568871	11998.7	0.19309
b1098	-3421.49909637744	6859	0.165261
b1099	-6385.12083203222	12786.2	0.292145
b1100	-4005.28031453834	8026.56	0.136011
b1103	-1586.74887054	3189.5	0.0879888
b1105	-3749.4816081543	7514.96	0.248301
b1106	-5951.99674595474	11920	0.411763
b1107	-7561.11818576239	15138.2	0.245652
b1109	-5852.16183248248	11720.3	0.0779898
b1114	-16084.3029485816	32184.6	0.0972489
b1116	-5959.65053399705	11935.3	0.12952
b1117	-3518.31762700193	7052.64	0.095605
b1118	-6188.67766707898	12393.4	0.122562
b1120	-4294.95940443984	8605.92	0.142111
b1128	-5119.05267649586	10254.1	0.126336
b1129	-8239.91746442134	16495.8	0.192737
b1130	-3246.55685170459	6509.11	0.0920457
b1131	-5720.04303647962	11456.1	0.0724255
b1132	-3349.20449515925	6714.41	0.169582
b1133	-4989.77084284246	9995.54	0.0849618
b1134	-2359.97963584331	4735.96	0.147691
b1174	-1174.32894824028	2364.66	0.0706697
b1175	-3136.9451530196	6289.89	0.0480717
b1176	-3851.24471658208	7718.49	0.19699
b1179	-1767.66967698724	3551.34	0.205391
b1180	-3422.38189531782	6860.76	0.156966
b1181	-2258.36967343826	4532.74	0.108004
b1185	-2833.19876800128	5682.4	0.155975
b1203	-4180.58596028401	8377.17	0.0599767
b1204	-2792.95606557057	5601.91	0.122304
b1207	-3150.48520795125	6316.97	0.0352458
b1208	-4505.02634846517	9026.05	0.194536
b1209	-3433.10525437556	6882.21	0.189491
b1210	-5962.7908799931	11941.6	0.116973
b1211	-4623.60253327234	9263.21	0.0894499
b1212	-5129.44001959922	10274.9	0.235844
b1215	-3395.18376596708	6806.37	0.0659324
b1232	-3673.25483108376	7362.51	0.0726608
b1235	-5429.29037715995	10874.6	0.201146
b1236	-4210.60983314689	8437.22	0.0912307
b1237	-1712.97303733435	3441.95	0.15296
b1238	-2960.4799711723	5936.96	0.124053
b1241	-10076.7303589736	20169.5	0.0743246
b1243	-8334.9156196095	16685.8	0.135644
b1244	-3825.6922676638	7667.38	0.0530508
b1246	-4881.23214346419	9778.46	0.0956723
b1247	-4502.41371243256	9020.83	0.0624046
b1249	-6932.48177326532	13881	0.0944184
b1252	-4679.7215988802	9375.44	0.28653
b1254	-2606.69931899448	5229.4	0.110214
b1255	-4582.73553304475	9181.47	0.251297
b1260	-4284.44952346155	8584.9	0.153673
b1261	-5106.20403691579	10228.4	0.0638202
b1263	-6780.50905327956	13577	0.093208
b1264	-8569.28931558059	17154.6	0.162066
b1266	-4824.14072205809	9664.28	0.211962
b1267	-2920.47062161254	5856.94	0.0821175
b1269	-4444.09990223384	8904.2	0.124577
b1272	-5728.89245934963	11473.8	0.172488
b1274	-11071.7213248674	22159.4	0.0938676
b1275	-4283.76054487227	8583.52	0.0627506
b1277	-2551.16110523507	5118.32	0.0667041
b1279	-1687.80940271093	3391.62	0.186151
b1280	-5693.42510218315	11402.9	0.11912
b1281	-4071.54356961025	8159.09	0.159506
b1286	-9660.85100764073	19337.7	0.15369
b1288	-3216.94318464636	6449.89	0.0794991
b1290	-3990.06603871637	7996.13	0.0737086
b1291	-4296.08580422961	8608.17	0.0753237
b1292	-4495.17216760742	9006.34	0.13499
b1293	-4706.67349351925	9429.35	0.105886
b1294	-8835.53561260515	17687.1	0.135354
b1303	-5740.45956367552	11496.9	0.162094
b1304	-2941.633465408	5899.27	0.126334
b1306	-2517.77812923929	5051.56	0.257696
b1322	-5991.14339265368	11998.3	0.171599
b1323	-8187.6872435064	16391.4	0.157689
b1329	-8527.59033947277	17071.2	0.137506
b1333	-4666.32822797468	9348.66	0.110553
b1334	-2894.20329224977	5804.41	0.0463529
b1344	-4429.61150358749	8875.22	0.0786065
b1412	-3045.51146298181	6107.02	0.188683
b1413	-18457.2341872515	36930.5	0.08771
b1539	-3831.6030985632	7679.21	0.13574
b1593	-4742.96367544413	9501.93	0.227136
b1594	-6930.60128131053	13877.2	0.174533
b1599	-1723.66597799038	3463.33	0.154949
b1600	-2102.86194366898	4221.72	0.234688
b1602	-5905.16450705752	11826.3	0.0708778
b1603	-7103.6283038422	14223.3	0.101034
b1604	-5059.52858713079	10135.1	0.191592
b1610	-5944.42039049975	11904.8	0.238648
b1611	-6622.3737988233	13260.7	0.0869834
b1613	-6683.33117534379	13382.7	0.187204
b1614	-10298.5894863429	20613.2	0.337696
b1627	-2463.94285878112	4943.89	0.0527944
b1628	-3033.95165698374	6083.9	0.164189
b1629	-13303.9212348385	26623.8	0.221882
b1630	-6107.57302066611	12231.1	0.181272
b1631	-3540.87199362277	7097.74	0.159699
b1632	-3588.68685060555	7193.37	0.138844
b1633	-2905.39737257759	5826.79	0.0788628
b1637	-5389.58469015979	10795.2	0.089634
b1638	-3236.77114422118	6489.54	0.0887003
b1640	-6227.0870733186	12470.2	0.153095
b1641	-2497.38125974169	5010.76	0.148581
b1642	-2195.08435756799	4406.17	0.135529
b1652	-3237.64482539518	6491.29	0.136651
b1654	-1439.221190758	2894.44	0.0713477
b1662	-3282.49923318889	6581	0.125289
b1676	-5696.50769069536	11409	0.0996903
b1677	-762.960976533538	1541.92	0.191513
b1679	-2330.95707295696	4677.91	0.1779
b1680	-6746.32368958595	13508.6	0.14556
b1681	-7841.66181486483	15699.3	0.242926
b1682	-3210.50146439739	6437	0.0887682
b1683	-6347.64544627372	12711.3	0.0668362
b1688	-6242.2599821937	12500.5	0.20764
b1702	-10253.8864235752	20523.8	0.0751623
b1703	-4055.59340213586	8127.19	0.0859304
b1704	-5519.98464668423	11056	0.128472
b1708	-2623.94942624228	5263.9	0.151323
b1709	-5518.06037122298	11052.1	0.33663
b1711	-6348.87826659488	12713.8	0.285808
b1712	-964.475036784701	1944.95	0.0303148
b1713	-11132.91707433	22281.8	0.131412
b1714	-3873.98827087526	7763.98	0.0684462
b1716	-1005.42587844033	2026.85	0.0922674
b1719	-7450.18577579493	14916.4	0.0759772
b1725	-4488.04565009764	8992.09	0.178771
b1726	-3176.08880462466	6368.18	0.172569
b1728	-3532.48103313339	7080.96	0.227398
b1749	-3974.38216697775	7964.76	0.102969
b1763	-9454.48886890944	18925	0.105909
b1765	-3054.99177881344	6125.98	0.187013
b1766	-10168.1094897928	20352.2	0.180406
b1777	-1509.88554405336	3035.77	0.132093
b1778	-2226.7438485635	4469.49	0.130337
b1779	-3234.57671220532	6485.15	0.0816587
b1789	-2225.59029332301	4467.18	0.132181
b1804	-6395.88672800806	12807.8	0.190577
b1807	-3982.69690649736	7981.39	0.176114
b1809	-1869.07862025749	3754.16	0.201094
b1812	-8180.63655284376	16377.3	0.218249
b1814	-6151.26207084068	12318.5	0.0961265
b1817	-4475.1356119635	8966.27	0.123005
b1818	-4444.11427401293	8904.23	0.124594
b1819	-3621.23038386988	7258.46	0.0977148
b1820	-2784.02541018941	5584.05	0.280026
b1822	-4846.14098954445	9708.28	0.261315
b1823	-627.149672210872	1270.3	0.107542
b1829	-3826.44296547554	7668.89	0.0793138
b1830	-9917.66470269845	19851.3	0.10423
b1832	-3057.3567507051	6130.71	0.206795
b1839	-2215.52829965098	4447.06	0.176316
b1842	-1290.75702470195	2597.51	0.1546
b1852	-6168.78528087294	12353.6	0.0721076
b1853	-4161.17933958025	8338.36	0.103015
b1854	-6028.23533109202	12072.5	0.0625032
b1855	-5221.36815648513	10458.7	0.147212
b1856	-6620.88578324555	13257.8	0.159074
b1858	-4080.74568201595	8177.49	0.129042
b1860	-4500.52170028822	9017.04	0.0823185
b1861	-2879.06848069955	5774.14	0.106631
b1863	-2430.78534662254	4877.57	0.0554069
b1864	-3001.57717513109	6019.15	0.0710842
b1865	-2281.89234293486	4579.78	0.194386
b1866	-7812.09177172069	15640.2	0.102891
b1869	-1988.61475016629	3993.23	0.157477
b1870	-3442.32562733384	6900.65	0.109622
b1871	-5013.37214520204	10042.7	0.108263
b1875	-3499.16699391967	7014.33	0.239633
b1876	-7644.06811009127	15304.1	0.108633
b1905	-2563.75661472712	5143.51	0.145406
b1912	-2510.99324461606	5037.99	0.105125
b1913	-8445.6753011664	16907.4	0.0810539
b1914	-2904.55442068017	5825.11	0.0927786
b1918	-3852.39393916771	7720.79	0.161467
b2007	-1463.41822605355	2942.84	0.133446
b2011	-7727.41329764531	15470.8	0.152224
b2016	-4697.7550058938	9411.51	0.183733
b2019	-3846.43525856469	7708.87	0.0730925
b2020	-8477.23659822913	16970.5	0.151162
b2022	-5108.79113601878	10233.6	0.0963073
b2023	-3007.33643575489	6030.67	0.126232
b2024	-3900.36559516157	7816.73	0.163597
b2025	-3519.64957512005	7055.3	0.0812466
b2026	-3161.32162495173	6338.64	0.123301
b2029	-6150.90807495947	12317.8	0.0574344
b2064	-12190.3297908328	24396.7	0.286755
b2065	-2425.98679635396	4867.97	0.0515534
b2066	-2814.5668979669	5645.13	0.0925333
b2113	-5319.1638765643	10654.3	0.0935882
b2114	-8629.56828325555	17275.1	0.0811121
b2143	-5092.25581044244	10200.5	0.198333
b2144	-3562.01447649349	7140.03	0.113459
b2151	-6138.87875010817	12293.8	0.232666
b2152	-7130.2866024915	14276.6	0.264847
b2153	-2765.63718693451	5547.27	0.0785489
b2156	-6576.11817263496	13168.2	0.0859069
b2168	-4199.23355156395	8414.47	0.0732288
b2174	-4508.85793628754	9033.72	0.250411
b2175	-2805.54912823529	5627.1	0.173777
b2181	-1967.53845947301	3951.08	0.208008
b2183	-3569.44432889679	7154.89	0.132992
b2184	-8042.87985445839	16101.8	0.113764
b2185	-1127.34311286254	2270.69	0.202018
b2186	-4626.92370288127	9269.85	0.0978661
b2188	-9799.06028312434	19614.1	0.166391
b2214	-6702.2672700405	13420.5	0.254596
b2216	-17636.3211563868	35288.6	0.317355
b2217	-2748.26025400222	5512.52	0.0774039
b2218	-16788.5119224197	33593	0.214421
b2231	-10821.3688970671	21658.7	0.0880788
b2232	-3598.63895961648	7213.28	0.10359
b2234	-8880.77042378854	17777.5	0.0615224
b2235	-4305.59709786317	8627.19	0.0446193
b2253	-6457.1705569395	12930.3	0.166961
b2254	-4989.74948206485	9995.5	0.130486
b2255	-10762.1666333642	21540.3	0.149949
b2256	-5456.78512517013	10929.6	0.246036
b2257	-10479.8586152266	20975.7	0.279298
b2276	-6142.74676851713	12301.5	0.118688
b2277	-6358.69870050849	12733.4	0.0842414
b2278	-8071.85220663256	16159.7	0.106533
b2279	-1132.0270313709	2280.05	0.0768242
b2280	-2541.22154850696	5098.44	0.211948
b2281	-1877.77221088499	3771.54	0.0619716
b2282	-3607.49773876418	7231	0.0697764
b2283	-12027.0568604675	24070.1	0.121818
b2284	-5217.49961034436	10451	0.0648888
b2285	-2163.81559237489	4343.63	0.12471
b2286	-6701.51786545128	13419	0.0610369
b2287	-2394.62870972585	4805.26	0.038598
b2288	-1998.85142754086	4013.7	0.183436
b2290	-4938.8415032993	9893.68	0.0463816
b2295	-2229.84852025001	4475.7	0.144154
b2296	-4661.60059898935	9339.2	0.0979965
b2297	-8370.45881087192	16756.9	0.0855775
b2299	-2763.00424706251	5542.01	0.178876
b2302	-4141.69290674709	8299.39	0.201734
b2304	-5354.88725767082	10725.8	0.202408
b2311	-2825.88808019451	5667.78	0.10877
b2312	-6257.38283444866	12530.8	0.0534472
b2313	-2176.63041411015	4369.26	0.130158
b2314	-4043.64050419895	8103.28	0.208325
b2315	-7215.74785629294	14447.5	0.223116
b2316	-4059.03189054284	8134.06	0.0903991
b2317	-3546.7453764937	7109.49	0.0766019
b2318	-3932.23551390595	7880.47	0.133113
b2319	-5280.17102167655	10576.3	0.161553
b2320	-6227.82365015403	12471.6	0.146817
b2323	-5178.83263916413	10373.7	0.096348
b2325	-1456.3498337866	2928.7	0.196489
b2329	-4861.22506117462	9738.45	0.0717877
b2331	-2828.65616121587	5673.31	0.0933826
b2340	-2595.76635755345	5207.53	0.207044
b2346	-3679.51516590251	7375.03	0.11248
b2393	-5247.70355346961	10511.4	0.0861074
b2400	-6272.3149952858	12560.6	0.103548
b2410	-5332.62098254375	10681.2	0.160535
b2411	-10005.0864628018	20026.2	0.124117
b2412	-5812.95806416577	11641.9	0.276631
b2413	-4046.32380078895	8108.65	0.160491
b2414	-4034.20767970258	8084.42	0.0805049
b2415	-807.833560249224	1631.67	0.0509598
b2417	-1810.54964713223	3637.1	0.0515649
b2421	-4427.83179536296	8871.66	0.109086
b2422	-5472.91617008886	10961.8	0.115747
b2424	-3843.69070616528	7703.38	0.0743176
b2425	-5171.98292969894	10360	0.12245
b2470	-22567.0504681041	45150.1	0.108523
b2471	-2110.1874795106	4236.37	0.205338
b2472	-5409.59359451511	10835.2	0.111776
b2474	-14086.7515676069	28189.5	0.315836
b2476	-2836.72539289392	5689.45	0.0720665
b2477	-5997.22317722606	12010.4	0.239058
b2478	-4084.0173001737	8184.03	0.123304
b2480	-1916.50511595209	3849.01	0.0817191
b2494	-8074.62468567818	16165.2	0.16589
b2496	-3274.31897839398	6564.64	0.0942389
b2498	-2424.54612895049	4865.09	0.0511237
b2499	-4567.73330828719	9151.47	0.105751
b2501	-9195.53376136064	18407.1	0.0750027
b2502	-7736.24683564485	15488.5	0.117912
b2507	-6062.3016997561	12140.6	0.0676997
b2508	-5607.02269893632	11230	0.0613004
b2509	-7556.11667453202	15128.2	0.156355
b2511	-6407.75552348043	12831.5	0.0929951
b2512	-5920.08782476298	11856.2	0.152501
b2513	-3602.55920779395	7221.12	0.293839
b2514	-5718.61767571044	11453.2	0.126242
b2515	-4610.16686542049	9236.33	0.060692
b2516	-6028.45399497956	12072.9	0.298793
b2517	-4968.3811680503	9952.76	0.0777544
b2518	-1787.28128805952	3590.56	0.112296
b2523	-6539.24356996092	13094.5	0.1413
b2530	-5062.61884588024	10141.2	0.0993359
b2531	-2137.41586340975	4290.83	0.100813
b2532	-3496.27917311688	7008.56	0.106048
b2533	-3382.44504828618	6780.89	0.0992674
b2551	-4563.53888812355	9143.08	0.0687707
b2553	-1156.26961128936	2328.54	0.0238167
b2554	-5627.88518246082	11271.8	0.0754114
b2557	-17840.6136085576	35697.2	0.0980343
b2558	-8425.81058667366	16867.6	0.198506
b2559	-2894.50439215489	5805.01	0.182865
b2562	-1299.55406211407	2615.11	0.0848781
b2563	-1960.24136878145	3936.48	0.124455
b2564	-3526.4241020783	7068.85	0.131738
b2565	-3673.8074888449	7363.61	0.13189
b2566	-3785.46176092796	7586.92	0.0685594
b2567	-2591.25599886242	5198.51	0.0505978
b2568	-5171.33080222866	10358.7	0.1614
b2569	-6809.42559279248	13634.9	0.0471481
b2571	-5371.06606506062	10758.1	0.21361
b2572	-3521.71533769602	7059.43	0.235497
b2573	-1981.0310130902	3978.06	0.0513384
b2576	-6211.38332937916	12438.8	0.112113
b2580	-3468.22253785367	6952.45	0.118912
b2581	-5842.83692470533	11701.7	0.218393
b2584	-14124.0845727228	28264.2	0.142131
b2585	-6845.73128281899	13707.5	0.128094
b2592	-10790.3875119757	21596.8	0.0652828
b2594	-4406.0241301608	8828.05	0.0956072
b2595	-3358.90614750865	6733.81	0.120774
b2597	-1553.11389331086	3122.23	0.159299
b2599	-6031.93795382872	12079.9	0.130997
b2600	-5335.46942643809	10686.9	0.104834
b2601	-5054.30912437891	10124.6	0.102555
b2606	-916.930003208262	1849.86	0.0846192
b2607	-2711.68431413188	5439.37	0.132827
b2608	-2203.23209942314	4422.46	0.158538
b2609	-868.434287001028	1752.87	0.140574
b2610	-5367.44314288978	10750.9	0.0535737
b2611	-4152.81804481537	8321.64	0.151317
b2614	-2787.37516313121	5590.75	0.171405
b2615	-4100.33692450361	8216.67	0.103658
b2616	-8691.54347655084	17399.1	0.146113
b2618	-1647.65884302078	3311.32	0.166773
b2619	-2302.44278687221	4620.89	0.10884
b2620	-1977.280017969	3970.56	0.0564257
b2678	-5217.42327780458	10450.8	0.112992
b2684	-2543.37762574844	5102.76	0.122012
b2687	-2100.12551572992	4216.25	0.074745
b2688	-8143.24923093939	16302.5	0.132631
b2697	-11880.2680574771	23776.5	0.112309
b2699	-3960.85185048268	7937.7	0.0771462
b2733	-11823.4295617223	23662.9	0.0878573
b2742	-6126.34399164315	12268.7	0.277217
b2743	-2962.96533728549	5941.93	0.130364
b2744	-3935.96958614457	7887.94	0.138015
b2746	-1941.27497289124	3898.55	0.0771267
b2747	-4044.69211665851	8105.38	0.214426
b2748	-1455.67676765533	2927.35	0.148841
b2750	-3191.84470093015	6399.69	0.149981
b2751	-7225.11916399438	14466.2	0.139754
b2752	-3448.37767821098	6912.76	0.0474565
b2762	-3608.51457530521	7233.03	0.10559
b2763	-7892.82745045446	15801.7	0.0922031
b2764	-9282.63533448935	18581.3	0.149907
b2765	-1569.58870359941	3155.18	0.0878536
b2777	-3349.71654559077	6715.43	0.12005
b2779	-4277.56379878882	8571.13	0.0721371
b2780	-6187.91355897844	12391.8	0.0645781
b2781	-4065.77045395227	8147.54	0.152824
b2784	-9625.54184242837	19267.1	0.0746155
b2785	-7269.08786288544	14554.2	0.245185
b2786	-15257.1515118428	30530.3	0.203431
b2790	-2479.01982292734	4974.04	0.182614
b2794	-4454.51265309977	8925.03	0.130066
b2795	-6107.326210603	12230.7	0.088325
b2796	-6072.72955315653	12161.5	0.120155
b2798	-4339.34629585144	8694.69	0.166955
b2805	-3598.72599893459	7213.45	0.163104
b2806	-5276.50801902284	10569	0.102542
b2807	-2087.68633213104	4191.37	0.147054
b2808	-3897.64828241461	7811.3	0.0506293
b2810	-6984.77408573166	13985.5	0.228074
b2811	-2781.19060541803	5578.38	0.250174
b2812	-3968.29684828965	7952.59	0.101836
b2817	-6476.05412461843	12968.1	0.120167
b2819	-11399.04414619	22814.1	0.208904
b2820	-21013.8462337465	42043.7	0.208122
b2821	-16693.2181994988	33402.4	0.185183
b2822	-19440.3596949848	38896.7	0.18046
b2827	-3281.54370502142	6579.09	0.0598443
b2828	-4142.01755365031	8300.04	0.10042
b2829	-11395.9157891526	22807.8	0.125186
b2830	-2148.58061625098	4313.16	0.0824964
b2831	-3637.73264327403	7291.47	0.129459
b2838	-6717.85547763129	13451.7	0.135889
b2890	-6281.5761082707	12579.2	0.0977511
b2892	-9122.59921807933	18261.2	0.133199
b2893	-4141.73556073508	8299.47	0.200169
b2894	-4416.90624644908	8849.81	0.0988908
b2895	-2529.71093151669	5075.42	0.120564
b2896	-2661.69601898525	5339.39	0.302263
b2897	-1192.48782827191	2400.98	0.11832
b2898	-5430.81551457086	10877.6	0.192751
b2903	-12670.9670931649	25357.9	0.108055
b2904	-1818.40891735385	3652.82	0.154014
b2905	-5084.23287775941	10184.5	0.112151
b2906	-6597.91365977726	13211.8	0.155732
b2907	-7186.47070137311	14388.9	0.219498
b2908	-6515.88290908225	13047.8	0.125106
b2909	-3194.37877927624	6404.76	0.178997
b2910	-1391.55447865189	2799.11	0.118694
b2912	-3472.58199319442	6961.16	0.199269
b2913	-5476.99836432111	10970	0.0980782
b2914	-2946.19320659242	5908.39	0.10335
b2916	-3768.96387982339	7553.93	0.0438552
b2922	-4002.24787299039	8020.5	0.182775
b2924	-4908.59846282851	9833.2	0.206881
b2925	-3880.28264822816	7776.57	0.0887597
b2926	-4307.90278443156	8631.81	0.0792336
b2935	-8612.40268162115	17240.8	0.0931767
b2937	-3867.68720222547	7751.37	0.0617989
b2938	-8224.14238913905	16464.3	0.0678483
b2942	-4311.55886155316	8639.12	0.0549103
b2944	-2896.31007271405	5808.62	0.175291
b2946	-3817.51870745093	7651.04	0.169564
b2948	-3041.1171006122	6098.23	0.149957
b2949	-2141.5112831196	4299.02	0.0957098
b2951	-3662.27862252753	7340.56	0.191632
b2952	-3060.39395917273	6136.79	0.198873
b2954	-2859.22540518948	5734.45	0.118178
b2955	-5740.18512219162	11496.4	0.0893157
b2958	-4094.3096882065	8204.62	0.192342
b2960	-3285.17824898606	6586.36	0.134259
b2961	-5426.84173022206	10869.7	0.163589
b2962	-1115.79902319098	2247.6	0.097067
b2963	-5036.68063349141	10089.4	0.100335
b3005	-2074.91413019595	4165.83	0.140143
b3006	-4403.80667338987	8823.61	0.170013
b3008	-6274.89547492751	12565.8	0.143074
b3012	-5413.59125743474	10843.2	0.247649
b3017	-7241.46957427106	14498.9	0.149133
b3018	-3825.41201563666	7666.82	0.140572
b3019	-10040.084519383	20096.2	0.0910914
b3030	-7559.26227670425	15134.5	0.0529456
b3031	-2846.41898072752	5708.84	0.152015
b3032	-4242.73337315819	8501.47	0.16475
b3034	-3208.2063342219	6432.41	0.17361
b3035	-7517.9726294897	15051.9	0.152166
b3037	-3337.37855044944	6690.76	0.161652
b3038	-5256.9102443835	10529.8	0.0838922
b3041	-2908.75371107861	5833.51	0.100015
b3042	-1999.26025906007	4014.52	0.227183
b3052	-6797.56214843698	13611.1	0.0885132
b3053	-15581.5691670321	31179.1	0.158834
b3055	-3190.37863544214	6396.76	0.206415
b3056	-6622.87374639253	13261.7	0.159817
b3058	-1922.34419361368	3860.69	0.178074
b3059	-3040.47797080261	6096.96	0.114441
b3064	-4536.29572398468	9088.59	0.071471
b3065	-446.189364659494	908.379	0
b3066	-8642.80321178412	17301.6	0.127453
b3067	-6363.59384658927	12743.2	0.052023
b3088	-5026.5320742893	10069.1	0.140392
b3095	-3423.41444628624	6862.83	0.124521
b3114	-11957.9441156305	23931.9	0.0961428
b3146	-3951.32267304191	7918.65	0.0944648
b3147	-12656.892784426	25329.8	0.29186
b3149	-2425.03422358426	4866.07	0.0486351
b3150	-2954.19000069168	5924.38	0.151474
b3154	-2706.87325703664	5429.75	0.255754
b3155	-2017.21521457879	4050.43	0.278557
b3156	-2718.21198186008	5452.42	0.198231
b3162	-7487.0607227021	14990.1	0.109086
b3163	-3313.07148621819	6642.14	0.187471
b3164	-8305.75733668627	16627.5	0.100556
b3165	-882.116967294791	1780.23	0.1612
b3166	-4999.82454690859	10015.6	0.126098
b3167	-1820.63661991815	3657.27	0.0970753
b3168	-10572.7065076443	21161.4	0.114491
b3169	-5824.40107666052	11664.8	0.0895163
b3170	-1681.17007155646	3378.34	0.104792
b3175	-1457.78144021123	2931.56	0.160696
b3176	-6044.55898092929	12105.1	0.0720976
b3177	-4394.14566709408	8804.29	0.143913
b3178	-7118.48226520991	14253	0.0605567
b3179	-2229.82818748598	4475.66	0.0620685
b3180	-1190.15979201303	2396.32	0.145527
b3181	-2011.96859392065	4039.94	0.0778925
b3183	-5147.92841758026	10311.9	0.088688
b3185	-919.032816945588	1854.07	0.0612745
b3186	-911.39818956186	1838.8	0.189069
b3187	-4479.59434431223	8975.19	0.0955801
b3188	-1501.32975094954	3018.66	0.149945
b3189	-5342.83863612967	10701.7	0.0623005
b3190	-1107.9368745121	2231.87	0.11039
b3192	-3000.55156480687	6017.1	0.112824
b3193	-2740.64260349209	5497.29	0.171796
b3194	-3375.16799735075	6766.34	0.0811691
b3195	-3941.01912876844	7898.04	0.0905047
b3197	-4800.3707778093	9616.74	0.138952
b3198	-2806.99272046684	5629.99	0.147025
b3199	-3028.15377659314	6072.31	0.202085
b3200	-2832.23892730347	5680.48	0.163783
b3201	-2906.41715260254	5828.83	0.0547867
b3202	-6431.03072111902	12878.1	0.106979
b3204	-2279.02746702298	4574.05	0.103518
b3205	-3272.73671834337	6561.47	0.0325909
b3206	-1234.59984957533	2485.2	0.0899751
b3209	-3556.94582043363	7129.89	0.167245
b3210	-11359.180373515	22734.4	0.106618
b3228	-2558.78330227324	5133.57	0.151497
b3229	-2633.04953066692	5282.1	0.101546
b3230	-1096.18936202731	2208.38	0.0967682
b3231	-1103.52026061298	2223.04	0.138063
b3232	-6172.68754883294	12361.4	0.154703
b3233	-1817.5185920675	3651.04	0.149262
b3235	-5458.5488204916	10933.1	0.12924
b3237	-2024.43995903958	4064.88	0.0843533
b3244	-6796.33733553787	13608.7	0.116917
b3247	-5943.01640730895	11902	0.0537678
b3249	-2330.05716699289	4676.11	0.141061
b3250	-4878.4688905937	9772.94	0.113835
b3251	-3679.02761270883	7374.06	0.0263944
b3255	-1969.30991066144	3954.62	0.191379
b3256	-4997.29674294555	10010.6	0.0609307
b3259	-4031.42041984199	8078.84	0.0952402
b3261	-694.355685710017	1404.71	0.00966939
b3281	-5028.62658669868	10073.3	0.170397
b3282	-3356.55999394779	6729.12	0.208533
b3287	-2168.82001060808	4353.64	0.0673796
b3288	-4972.2642545153	9960.53	0.147559
b3289	-7303.11344556337	14622.2	0.160581
b3290	-5968.24043236974	11952.5	0.0455538
b3294	-956.803049243089	1929.61	0.0719771
b3295	-2310.2924549695	4636.58	0.0239926
b3296	-1690.36199254991	3396.72	0.0924443
b3298	-1083.62791330922	2183.26	0.134472
b3300	-3782.25719392572	7580.51	0.0367172
b3301	-1375.81874951436	2767.64	0.133516
b3302	-489.794249229548	995.588	0.116178
b3303	-1295.54177697068	2607.08	0.0824074
b3304	-912.886659676798	1841.77	0.116771
b3305	-1610.32971134927	3236.66	0.137132
b3306	-1030.37862191235	2076.76	0.136944
b3307	-801.695386239485	1619.39	0.134409
b3308	-1396.80156903744	2809.6	0.0830343
b3309	-887.335084742755	1790.67	0.099184
b3313	-984.451496925146	1984.9	0.0877295
b3314	-1819.37497234693	3654.75	0.0471168
b3315	-788.534341191113	1593.07	0.0788047
b3316	-613.609703300106	1243.22	0.0397067
b3317	-2256.55908508728	4529.12	0.0566301
b3318	-757.355878948828	1530.71	0.143259
b3319	-1615.93426721897	3247.87	0.0667009
b3321	-684.183095184961	1384.37	0.0416172
b3340	-7015.91492953614	14047.8	0.123286
b3341	-1306.26260187343	2628.53	0.0578366
b3342	-1011.43968169424	2038.88	0.0405405
b3344	-2224.16703964966	4464.33	0.221511
b3345	-2293.78256808524	4603.57	0.19372
b3346	-3140.80096702941	6297.6	0.075664
b3347	-4045.86079259818	8107.72	0.184881
b3349	-2218.76460871976	4453.53	0.142456
b3352	-8850.51082541028	17717	0.0988205
b3354	-1102.09914503107	2220.2	0.248366
b3356	-1833.22443387398	3682.45	0.0958569
b3357	-2030.32797130402	4076.66	0.0100197
b3360	-3009.83827693225	6035.68	0.150101
b3363	-2642.23375380006	5300.47	0.122303
b3368	-8072.74090180962	16161.5	0.197186
b3384	-4373.18618327917	8762.37	0.0823166
b3386	-2985.05373008254	5986.11	0.0814463
b3387	-4247.35600983931	8510.71	0.151538
b3388	-7419.7835466403	14855.6	0.303262
b3389	-5345.92149544911	10707.8	0.137739
b3396	-12261.1150629089	24538.2	0.116165
b3397	-2900.62683763122	5817.25	0.146908
b3398	-13658.3821395626	27332.8	0.286198
b3400	-1977.73985409103	3971.48	0.137687
b3401	-4488.42106062749	8992.84	0.158202
b3403	-7289.92174295158	14595.8	0.0892974
b3404	-6529.15365873953	13074.3	0.109001
b3405	-2758.34545376513	5532.69	0.0461079
b3406	-2269.43412373786	4554.87	0.0977458
b3407	-10275.1830019648	20566.4	0.0972754
b3412	-4581.99281576171	9179.99	0.209871
b3414	-2279.23089983614	4574.46	0.0523208
b3423	-3480.59141022954	6977.18	0.0724405
b3424	-4956.69744858456	9929.39	0.227773
b3425	-1796.59646469262	3609.19	0.177952
b3426	-7615.88879808738	15247.8	0.115727
b3433	-4753.09721492298	9522.19	0.0839137
b3437	-2596.57380040543	5209.15	0.155068
b3438	-5116.20081053862	10248.4	0.101433
b3439	-3149.89905473143	6315.8	0.110939
b3458	-5953.36753346752	11922.7	0.190856
b3461	-3162.10059386309	6340.2	0.073269
b3462	-5385.9537502111	10787.9	0.142552
b3463	-2765.38272707824	5546.77	0.0692977
b3464	-7860.54239779364	15737.1	0.216859
b3465	-3335.59004426762	6687.18	0.20447
b3466	-1583.5033982508	3183.01	0.21
b3469	-14870.901922768	29757.8	0.283424
b3470	-1219.19242020398	2454.38	0.118564
b3471	-3355.82829206956	6727.66	0.115269
b3493	-7189.61086706475	14395.2	0.110694
b3495	-1670.78504801399	3357.57	0.0483975
b3498	-9355.21371232755	18726.4	0.103701
b3499	-3920.9889771337	7857.98	0.10035
b3500	-6031.6252717483	12079.3	0.0804284
b3540	-4434.74960216799	8885.5	0.070595
b3541	-4173.68902565692	8363.38	0.0629351
b3542	-3897.19073214434	7810.38	0.0704578
b3543	-3981.29249767662	7978.58	0.0500541
b3549	-3420.75340067569	6857.51	0.235462
b3559	-9371.94203454717	18759.9	0.103721
b3560	-2975.80217675068	5967.6	0.028124
b3606	-2186.75753819749	4389.52	0.0978839
b3607	-3485.70773761428	6987.42	0.0676392
b3608	-4771.18172387861	9558.36	0.097941
b3609	-1806.58175548426	3629.16	0.0926552
b3611	-2269.9971224863	4555.99	0.19711
b3613	-7271.71845034467	14559.4	0.190492
b3614	-5467.02807720738	10950.1	0.199476
b3619	-3965.98338151217	7947.97	0.0726242
b3620	-5261.21566985447	10538.4	0.130374
b3621	-6076.08937319081	12168.2	0.206254
b3632	-8359.29498848749	16734.6	0.221857
b3633	-6447.07081326837	12910.1	0.115281
b3634	-2467.78252580279	4951.57	0.120791
b3635	-4128.53008398474	8273.06	0.103514
b3636	-458.596898698826	933.194	0.0613646
b3637	-652.6828314706	1321.37	0.161372
b3639	-6072.73669154301	12161.5	0.143111
b3640	-1968.79961013804	3953.6	0.0947078
b3641	-2568.24290232492	5152.49	0.0714698
b3642	-2841.3139699488	5698.63	0.0815388
b3643	-3254.47140130535	6524.94	0.101963
b3644	-3827.70634900553	7671.41	0.0766434
b3648	-2596.06733183323	5208.13	0.10138
b3649	-819.789193342461	1655.58	0.116754
b3650	-8089.60479519934	16195.2	0.050789
b3652	-10164.9592308921	20345.9	0.103369
b3671	-9594.03396158053	19204.1	0.172387
b3699	-9321.3877856463	18658.8	0.0735118
b3700	-4985.23987626062	9986.48	0.10623
b3701	-4735.60755288581	9487.22	0.0632217
b3702	-5381.75147181689	10779.5	0.057611
b3704	-1256.4407246804	2528.88	0.143231
b3705	-7194.76370895198	14405.5	0.130315
b3706	-6207.29798975331	12430.6	0.0840884
b3725	-3037.24955894872	6090.5	0.0660686
b3727	-4018.10924599396	8052.22	0.0672283
b3728	-4689.6422970284	9395.28	0.139975
b3729	-8024.74494493408	16065.5	0.0952637
b3730	-6806.55930558321	13629.1	0.128165
b3731	-1544.78346014558	3105.57	0.0982188
b3732	-4221.07687394779	8458.15	0.0493438
b3733	-2940.34914801071	5896.7	0.0964998
b3734	-4918.59108999252	9853.18	0.0540926
b3735	-2228.1087396234	4472.22	0.212571
b3736	-1585.36391899232	3186.73	0.1236
b3740	-3350.491999929	6716.98	0.152086
b3741	-8248.59889944773	16513.2	0.072442
b3742	-2443.09458164659	4902.19	0.197205
b3743	-1904.00100415016	3824	0.0572308
b3750	-5213.17600644975	10442.4	0.182975
b3764	-1464.00445107713	2944.01	0.126905
b3769	-1273.07205255063	2562.14	0.246776
b3770	-3750.99483780026	7517.99	0.0537512
b3771	-7974.31320860325	15964.6	0.0577397
b3772	-7089.09513114602	14194.2	0.0799748
b3773	-4677.1669264067	9370.33	0.0827227
b3774	-5672.53382836062	11361.1	0.063042
b3778	-9253.05726951471	18522.1	0.0684816
b3779	-7867.44112416213	15750.9	0.150513
b3780	-5178.06231993961	10372.1	0.0717178
b3781	-1319.40661530123	2654.81	0.0940275
b3783	-3890.07187598163	7796.14	0.0152821
b3784	-5669.98907073881	11356	0.13343
b3785	-5945.09811116415	11906.2	0.16647
b3786	-5751.619265966	11519.2	0.11832
b3787	-6160.08770781002	12336.2	0.11488
b3790	-3959.49267342484	7934.99	0.338386
b3791	-5235.66877791122	10487.3	0.110201
b3792	-6455.10228982402	12926.2	0.157171
b3793	-6758.17195322049	13532.3	0.115867
b3794	-4014.67833734095	8045.36	0.14672
b3803	-6782.51383242396	13581	0.245374
b3804	-4372.3535315353	8760.71	0.277162
b3805	-5104.87933874243	10225.8	0.171972
b3806	-11374.5300998325	22765.1	0.10538
b3809	-3596.99294607276	7209.99	0.0886006
b3810	-4022.91316316197	8061.83	0.21718
b3811	-4735.76525240774	9487.53	0.153495
b3812	-4098.16353682328	8212.33	0.219616
b3813	-8740.36336895956	17496.7	0.0499521
b3816	-3871.83728098283	7759.67	0.0640287
b3819	-5001.72073198507	10019.4	0.160091
b3820	-2591.39942799075	5198.8	0.206033
b3822	-8607.4393611446	17230.9	0.0961932
b3829	-10349.4675039043	20714.9	0.0984448
b3831	-3239.53923362102	6495.08	0.0839632
b3832	-7892.79035557182	15801.6	0.157496
b3833	-3327.87275419271	6671.75	0.0842445
b3834	-3806.48828534511	7628.98	0.321869
b3835	-7655.32916233525	15326.7	0.0921159
b3839	-3797.72150399264	7611.44	0.11602
b3842	-2687.23823374002	5390.48	0.149403
b3843	-6324.58266547178	12665.2	0.061098
b3844	-3545.61194926438	7107.22	0.116763
b3847	-6704.03404001035	13424.1	0.122514
b3848	-3188.03883616064	6392.08	0.217332
b3849	-6341.17283348798	12698.3	0.0592039
b3850	-3287.34974220068	6590.7	0.208371
b3856	-2938.74454186683	5893.49	0.237696
b3859	-5601.9613967505	11219.9	0.17263
b3860	-3179.89064069041	6375.78	0.145234
b3863	-13321.2621769366	26658.5	0.114944
b3865	-2944.45303481776	5904.91	0.118355
b3868	-6377.80457131618	12771.6	0.0759945
b3869	-4741.88986906507	9499.78	0.0735507
b3870	-5447.37315979711	10910.7	0.0814366
b3871	-6814.51195207672	13645	0.0841318
b3885	-3230.59586627921	6477.19	0.159406
b3887	-2062.3006284608	4140.6	0.141321
b3908	-2534.04885111427	5084.1	0.0912678
b3911	-5996.25998816747	12008.5	0.0752181
b3912	-2782.83610140464	5581.67	0.0546191
b3916	-3944.80331169986	7905.61	0.0816235
b3917	-4521.24201269128	9058.48	0.0862026
b3919	-3191.23430639886	6398.47	0.109081
b3920	-3879.38578898392	7774.77	0.33298
b3924	-3854.56261188521	7725.13	0.116774
b3926	-6385.18151860743	12786.4	0.0784315
b3927	-4772.55228943103	9561.1	0.225098
b3928	-1092.50706008955	2201.01	0.150758
b3929	-1947.779476102	3911.56	0.0853306
b3931	-5084.30210248712	10184.6	0.0777644
b3932	-1972.07448080783	3960.15	0.0516343
b3933	-5324.37014669552	10664.7	0.260009
b3935	-11718.125601057	23452.3	0.127191
b3936	-792.00910657531	1600.02	0.107407
b3938	-1041.78711337612	2099.57	0.0447199
b3939	-5202.23550419505	10420.5	0.119258
b3941	-3722.71789036396	7461.44	0.064542
b3957	-5615.94840294412	11247.9	0.11326
b3959	-3535.67249389729	7087.34	0.104207
b3960	-6139.12907294184	12294.3	0.0964077
b3961	-4011.89959190884	8039.8	0.0637263
b3962	-5978.63526420971	11973.3	0.0786393
b3963	-2799.18097431699	5614.36	0.0733866
b3964	-2064.08602307707	4144.17	0.211729
b3965	-5412.98605811917	10842	0.118095
b3967	-4625.32428706567	9266.65	0.183066
b3972	-6122.75267201246	12261.5	0.188037
b3973	-5290.53831906102	10597.1	0.126585
b3974	-4408.77852728624	8833.56	0.0699673
b3981	-1540.02094234679	3096.04	0.17499
b3982	-1739.53269709503	3495.07	0.0270046
b3983	-1245.20570226808	2506.41	0.0780684
b3984	-2253.21978216089	4522.44	0.0872205
b3985	-1362.25954341923	2740.52	0.196138
b3986	-1107.291858557	2230.58	0.1655
b3987	-12317.7841400382	24651.6	0.045942
b3988	-13710.6131487097	27437.2	0.0633991
b3990	-5550.33539628341	11116.7	0.131129
b3997	-4561.54252023691	9139.09	0.0740232
b3998	-3705.92780245876	7427.86	0.15754
b3999	-2594.43361418074	5204.87	0.0820479
b4000	-927.892902520907	1871.79	0.109491
b4005	-6162.85214812024	12341.7	0.119137
b4006	-6924.27475784483	13864.5	0.0899797
b4013	-4396.7311016284	8809.46	0.0920526
b4024	-6712.43436393981	13440.9	0.161424
b4025	-7019.56724581442	14055.1	0.0808123
b4040	-4415.69920630411	8847.4	0.124629
b4041	-11790.3522683242	23596.7	0.116732
b4043	-2503.61524552955	5023.23	0.059998
b4046	-2861.75628759473	5739.51	0.153348
b4049	-5243.06743765898	10502.1	0.125654
b4052	-5807.94311182731	11631.9	0.0688625
b4054	-6424.09970165742	12864.2	0.172419
b4058	-11249.2206159727	22514.4	0.0404298
b4059	-2242.91793892795	4501.84	0.136122
b4065	-7977.33934546869	15970.7	0.111099
b4135	-3440.41326143651	6896.83	0.239807
b4136	-10324.564588648	20665.1	0.229021
b4139	-5789.67101991753	11595.3	0.0837725
b4142	-1058.92142901207	2133.84	0.128749
b4143	-5530.03207592955	11076.1	0.0893168
b4144	-1931.49689770856	3878.99	0.17612
b4146	-5336.40310624191	10688.8	0.15823
b4147	-2095.30167938464	4206.6	0.067236
b4151	-2335.04713743173	4686.09	0.201022
b4155	-4554.19626826661	9124.39	0.0980783
b4159	-17967.1671209671	35950.3	0.149376
b4160	-4846.3072319139	9708.61	0.158863
b4161	-5142.52265967438	10301	0.120039
b4162	-2412.64002211632	4841.28	0.0769929
b4168	-2400.44556260881	4816.89	0.154806
b4169	-7902.79317520016	15821.6	0.224396
b4170	-10859.9223529237	21735.8	0.208753
b4171	-4203.28921951522	8422.58	0.138422
b4172	-1162.67107249033	2341.34	0.14048
b4173	-5382.59532339393	10781.2	0.0795287
b4174	-5783.39716266631	11582.8	0.151047
b4175	-4455.353669147	8926.71	0.120245
b4177	-4816.10835705602	9648.22	0.0872536
b4179	-11234.0363672317	22484.1	0.107504
b4180	-3178.36445661635	6372.73	0.0754607
b4200	-1215.77691063164	2447.55	0.173206
b4202	-520.331955557842	1056.66	0.0472679
b4203	-1564.69550653308	3145.39	0.19451
b4214	-3753.93884166007	7523.88	0.141051
b4217	-1013.92870799551	2043.86	0.125373
b4220	-9240.0703448916	18496.1	0.166151
b4221	-21895.9588955404	43807.9	0.203446
b4222	-1724.58194045646	3465.16	0.166561
b4226	-1911.82457043021	3839.65	0.0516842
b4232	-4116.96083514987	8249.92	0.0687537
b4233	-6241.74521770498	12499.5	0.103406
b4234	-2634.60703445237	5285.21	0.11915
b4243	-1700.65439133507	3417.31	0.0945766
b4244	-2181.76564775438	4379.53	0.12882
b4245	-4037.83685529218	8091.67	0.0856571
b4255	-1956.3531368229	3928.71	0.138257
b4258	-11586.9162312659	23189.8	0.0848581
b4259	-2207.87536011815	4431.75	0.207886
b4260	-6022.89805046624	12061.8	0.0502825
b4261	-5408.96715650049	10833.9	0.136597
b4262	-5107.3190992063	10230.6	0.0992917
b4371	-5677.71664365883	11371.4	0.183212
b4372	-2645.11308075266	5306.23	0.333997
b4373	-2497.94196224511	5011.88	0.173914
b4375	-6257.29310834884	12530.6	0.0578053
b4381	-3724.68765817792	7465.38	0.142256
b4383	-5321.17080581933	10658.3	0.0942888
b4387	-3505.95151123754	7027.9	0.199604
b4388	-4856.03418750393	9728.07	0.137579
b4389	-5612.70691357794	11241.4	0.0469039
b4391	-6334.91779119719	12685.8	0.054738
b4393	-1828.83896144657	3673.68	0.168389
b4396	-4719.27503011529	9454.55	0.158165
b4401	-2582.22712186871	5180.45	0.04066
