gene_id	psi
b0002	1.59994
b0003	2.55038
b0004	1.07977
b0006	1.53513
b0008	7.34314
b0009	1.03411
b0010	0
b0011	0
b0013	13.1379
b0014	5.20513
b0015	0
b0018	1.49007e-11
b0019	0.2716
b0020	0
b0021	106.082
b0023	4.98214e-09
b0024	6.41359
b0025	0.536993
b0026	57.9695
b0027	4.12458e-11
b0028	5e-09
b0029	5.0131
b0030	1.22466
b0031	4.3052
b0032	0.504809
b0033	0.771257
b0034	0
b0035	0
b0036	0
b0037	0.349657
b0039	5e-09
b0040	0
b0041	0
b0042	0
b0043	0.653451
b0044	289.465
b0046	2.78999
b0047	1.12698
b0048	15.9341
b0049	4.4314
b0050	2e-07
b0051	1.01708
b0052	5.38661
b0053	2.21027
b0054	0.884592
b0055	0
b0058	0.548299
b0059	18.9129
b0060	0.860897
b0061	0
b0062	2.11706
b0063	0
b0064	1.31519
b0065	1.39625
b0066	0.677433
b0067	0.424174
b0068	3.74084
b0069	1.02468
b0070	7.43736
b0071	0
b0072	1.77081
b0073	1.2828
b0074	0.866738
b0076	0
b0077	0.23624
b0078	0
b0080	0.534124
b0081	3.34174e-06
b0082	0
b0083	1.2e-06
b0084	5.97448
b0085	0.36442
b0086	1.31076
b0087	51.4587
b0088	6.56292
b0089	0.67742
b0090	0.292216
b0091	3.12044
b0092	0.830318
b0093	0
b0094	1.99683
b0095	0
b0096	1.2e-06
b0097	1.2e-06
b0098	6.93092
b0099	0.757896
b0101	10000
b0102	2.20008e-06
b0103	0
b0104	10.243
b0106	1.00425
b0108	0.81157
b0109	116.104
b0110	3.24562
b0111	0
b0112	0.190549
b0113	0
b0114	0
b0115	0.218277
b0116	120.767
b0117	2.42219
b0118	7.53949
b0119	0
b0120	2.00117e-07
b0121	4.43731
b0122	0
b0123	0
b0124	5.59884
b0125	0
b0126	6.2681
b0127	0
b0128	1.67654
b0129	0.397189
b0130	0.282919
b0131	2e-07
b0132	0.535826
b0133	1.36823
b0134	0.737156
b0136	1.8753
b0137	0
b0140	2.05156
b0141	1.34027
b0142	4.98728
b0143	1.48661
b0144	1.45036
b0145	2e-07
b0146	0.582701
b0147	0
b0148	0.886732
b0149	1.26664
b0150	2.98621
b0151	0.423228
b0152	0.541792
b0153	0.963085
b0154	1.50128
b0155	0.679978
b0156	1.2e-06
b0157	1.08863
b0158	2.92973
b0159	3.25546
b0161	0.775305
b0162	0
b0163	1.03815
b0164	0.497511
b0166	0
b0167	2.0069
b0168	7.52455
b0169	0
b0170	0
b0171	7.5e-08
b0172	5.00906e-09
b0173	1.04408
b0174	0
b0175	24.6256
b0176	1.4285
b0177	1.28653
b0178	1.65386
b0179	5.14575
b0180	0.162401
b0181	5.69642e-06
b0182	1.55836
b0183	0.157602
b0184	6.93648
b0185	0
b0186	1.30092
b0187	0.573221
b0188	1.99652
b0189	0
b0190	99.617
b0192	0.436976
b0193	0.890979
b0194	5.65575
b0195	0
b0196	0
b0197	0
b0198	0.437563
b0199	0.130958
b0200	0
b0207	0.207286
b0208	4.17484
b0209	5.06657
b0210	0.322189
b0211	0.181252
b0212	0.881933
b0213	2.06948
b0214	11.9593
b0215	2.09567
b0217	0.582014
b0218	8.83864e-11
b0219	0
b0220	0
b0221	0.540059
b0222	48.182
b0223	0
b0224	1.92676
b0225	2.32237
b0226	3.39503
b0227	0.94219
b0228	182.368
b0229	3.91313
b0230	0.266797
b0231	0.309369
b0234	0.687903
b0236	0
b0237	2.03743
b0238	0
b0239	0.256073
b0240	4.73451
b0241	8.78872
b0242	2.12005
b0243	2e-07
b0287	1.06926
b0299	1.85831
b0301	5.05577
b0303	0
b0304	1.79279
b0305	0.884032
b0306	0
b0307	4.65137
b0308	1.47283
b0319	1.98551
b0320	2.95212
b0321	0.15428
b0323	0.154046
b0324	2.52073
b0325	2.61053
b0326	0
b0327	75.5495
b0328	1.34355
b0343	0.85782
b0344	1.04502
b0345	4.35288e-06
b0347	0.727394
b0348	3.38591
b0350	1.864
b0351	1.78965
b0352	0
b0353	0
b0354	0.234874
b0355	0.33581
b0356	3.86711
b0357	0
b0358	1.5085
b0359	0.400504
b0360	0.286849
b0364	1.01003
b0365	0.502966
b0366	1.88376
b0367	0.147285
b0368	1.1072
b0369	0.525165
b0370	0.794566
b0374	0.534857
b0375	2e-07
b0376	2.35301
b0377	0
b0378	0.46502
b0379	2e-07
b0380	0
b0381	0.91732
b0382	7.87036e-06
b0383	0
b0384	0
b0385	0
b0386	0
b0387	0.000401161
b0388	0
b0389	0.736317
b0390	0
b0391	1.53347e-11
b0392	129.724
b0393	12.729
b0394	0.445802
b0396	0.563386
b0397	1.674
b0398	0
b0399	719.855
b0400	0.856614
b0401	3.70559
b0402	0.156205
b0403	1.02924
b0404	2.81948
b0405	3.13551
b0406	8.13348e-11
b0407	5.05312e-09
b0408	9.44907
b0409	0
b0410	148.98
b0411	0
b0412	2.43581
b0413	0
b0414	3.80119
b0415	7.50176e-08
b0416	7.5e-08
b0417	32.0245
b0418	0.707356
b0419	1.73599
b0420	2.82663
b0421	0.372034
b0422	0
b0423	0
b0424	2.80317
b0425	2.2836
b0426	37.7152
b0427	0.677524
b0428	2.59036
b0429	4.72422e-06
b0430	0
b0431	5.34278
b0432	2.16954
b0433	0
b0434	0
b0435	0
b0436	0
b0437	2.00502
b0438	0
b0439	0
b0440	1.13879e-05
b0441	3.02222
b0442	0.562573
b0443	5.69644e-06
b0444	0.891468
b0445	1.95582
b0446	1.07298
b0447	131.125
b0448	1.25973
b0449	0.3018
b0450	2e-07
b0451	0.585395
b0452	5.15172
b0453	0.813067
b0454	1.2e-06
b0456	0
b0457	0.352212
b0458	2e-07
b0459	0
b0460	0
b0461	3.27748e-07
b0463	0.755855
b0464	1.13964
b0465	1.22901
b0467	0
b0468	4.98442e-09
b0469	3.98071e-07
b0470	0
b0471	7.56574e-12
b0472	0
b0473	7.40004
b0474	0
b0475	0.953762
b0476	0.600679
b0477	0
b0478	2.04932
b0479	0.654889
b0480	0
b0481	3.97265
b0482	0.435664
b0483	0
b0484	2.25101
b0485	0
b0486	0.150099
b0487	9.21398e-06
b0488	4.35287e-06
b0489	6.1603
b0490	0
b0491	0
b0492	1.83935
b0493	0
b0494	0
b0495	2e-07
b0496	1.08808
b0503	0.550373
b0508	0
b0519	0.343114
b0520	1.36926
b0521	2.77248
b0522	1.19257
b0523	3.18022
b0524	0
b0525	0.556909
b0526	2.72538
b0527	0
b0528	0
b0529	3.44609
b0533	1.54674
b0534	3.2345
b0543	0.587886
b0544	0.83868
b0545	0.0531546
b0546	1.34855
b0547	2.93746
b0548	3.34231
b0549	2.05524
b0550	1.24972
b0551	5e-09
b0553	0.492441
b0554	5.58181
b0555	6.62525
b0556	1.51126
b0560	9.37846
b0561	0.967829
b0562	0
b0563	0.538803
b0566	147.342
b0567	0.921151
b0568	0.192528
b0570	1.40432
b0571	16.8627
b0572	0.618293
b0573	0
b0574	1.96108
b0575	0.904734
b0576	0
b0577	1.15715
b0578	12.4353
b0579	0
b0581	2.31442
b0583	0.815453
b0584	2.08647
b0585	1.83222
b0586	1.22075
b0587	4.09928
b0588	0
b0589	1.06367
b0590	4.18523
b0591	0
b0592	1.83721
b0593	7.50988
b0594	3.60093
b0595	15.7623
b0596	8.85975
b0597	0.872535
b0598	0.735425
b0599	0.615651
b0600	1.60158
b0601	2.00033e-07
b0604	0
b0605	7.64693e-06
b0606	15.1252
b0607	1.03098
b0608	2.23428
b0609	1.2e-06
b0610	2e-07
b0611	0.564819
b0612	1.02341
b0613	7.23218
b0614	0
b0615	7.8543
b0616	0
b0617	0
b0619	4.08765
b0620	5e-09
b0621	0
b0622	7.89791
b0623	2e-07
b0624	0.978589
b0626	0
b0628	1.2e-06
b0629	0.700305
b0630	4.19842
b0631	0
b0632	0
b0633	0
b0634	0
b0635	1.6816
b0636	32.0228
b0637	8.52272
b0638	0
b0639	0
b0640	6.59658
b0641	0
b0642	0.287639
b0643	514.678
b0644	0.192776
b0645	0.899011
b0646	0.47942
b0647	0.105035
b0648	1.74045
b0649	0.690036
b0650	1.35289
b0651	2.547
b0652	5.29786
b0653	1.49317
b0654	3.99941
b0655	0.749783
b0657	0.635034
b0658	0
b0659	512.466
b0660	0
b0661	1.51559
b0662	0.554763
b0674	4.63119
b0675	0.601431
b0676	5.69645e-06
b0677	9.07229
b0678	1.30863
b0679	1.13093
b0680	10.3511
b0681	0.739506
b0682	4.63753
b0683	0
b0684	33.05
b0685	5e-09
b0686	1.03384
b0687	0.971268
b0688	2.90207
b0692	0.990537
b0693	2.33943
b0694	2.04492
b0695	1.38153
b0696	1.36702
b0697	5.46069
b0698	0.289078
b0699	2.05971e-05
b0700	1.27392
b0705	0
b0707	0
b0708	0
b0709	2.86874
b0710	0
b0711	9.16945
b0712	1.70678
b0713	0.305805
b0714	1.45906
b0715	1.082
b0716	3.53449
b0717	1.22503
b0719	1.67221
b0720	13.4258
b0721	0
b0722	0
b0723	5.11898
b0724	0
b0725	109.04
b0726	0.999735
b0727	18.1793
b0728	0
b0729	103.007
b0730	4.37127
b0731	1.22539
b0733	0.042646
b0734	38.1289
b0735	4.97783e-09
b0736	2e-07
b0737	0
b0738	2e-07
b0739	0.0869112
b0740	3.91783
b0741	1.2e-06
b0742	0
b0751	3.08472
b0752	119.465
b0753	0
b0754	2.71509
b0755	77.1462
b0756	2.21649
b0757	0.38106
b0758	1.57779
b0759	0.570002
b0760	0
b0761	0.926047
b0763	0.0374124
b0764	0
b0765	0
b0767	0
b0768	1.12868
b0771	1.04376
b0772	0
b0773	2.1789e-06
b0774	2.43363
b0775	2.25769
b0776	0.955463
b0777	0.906965
b0778	1.39554
b0779	12.1791
b0780	150.293
b0781	1.14342
b0782	0
b0783	0
b0784	7.99216
b0785	2.09341
b0786	111.342
b0787	0
b0789	1.44875
b0790	1.2e-06
b0791	0
b0792	0
b0793	1.75154
b0794	1.86674
b0795	1.17972
b0796	0.396471
b0797	48.282
b0798	1.61898
b0799	3.88031
b0800	11.1672
b0801	0
b0802	86.5646
b0803	4.72424e-06
b0804	119.145
b0806	0
b0807	0.883837
b0808	0.738752
b0809	0
b0810	0
b0811	65.265
b0812	8.21073e-12
b0813	0
b0814	0
b0815	1.23113
b0817	0.0753098
b0818	28.042
b0819	183.538
b0820	2.10285
b0821	5.4782
b0822	5.04023
b0823	5.3753
b0824	0
b0825	0.429589
b0826	1.07642
b0827	0
b0828	2e-07
b0829	12.4241
b0830	3.04752
b0831	30.3252
b0832	0
b0835	2.75745
b0836	5e-09
b0837	57.3081
b0838	7.5e-08
b0840	0.293034
b0841	0
b0843	0
b0844	0.335466
b0845	0
b0846	131.165
b0847	2.66411
b0848	0
b0849	5.69643e-06
b0850	0.00483606
b0851	0
b0852	0
b0853	1.2e-06
b0854	1.57208
b0855	1.69658
b0856	1.89716
b0857	0.961462
b0858	1.2e-06
b0859	0.311621
b0860	6.02281
b0861	0.776221
b0862	4.99767e-09
b0863	18.6134
b0864	0
b0865	3.79947
b0866	5.69645e-06
b0867	1.37462
b0868	1.17517
b0869	3.60369
b0870	3.70858
b0871	0
b0872	5.42854e-11
b0873	1.45778
b0874	0
b0876	0
b0877	8.77102
b0878	0.667103
b0879	0
b0880	2e-07
b0881	2.81476e-11
b0882	0.56853
b0884	7.5e-08
b0885	3.92612
b0886	3.27654
b0887	0.459164
b0888	2e-07
b0889	8.18035e-07
b0890	3.57028
b0891	2e-07
b0892	0.0739803
b0893	248.959
b0894	2.62813
b0895	0
b0896	0.51323
b0897	0.281547
b0898	1.44004
b0902	5.7231
b0904	2.06731e-11
b0905	0.429869
b0906	0.272165
b0907	0
b0908	0
b0909	0
b0910	0
b0911	2e-07
b0912	4.99078e-09
b0913	0.591547
b0914	1.84598
b0915	6.85915e-08
b0916	0.722788
b0917	0
b0918	0.794139
b0919	285.751
b0920	0.886053
b0921	0
b0922	1.2e-06
b0923	5.67163
b0924	4.37084
b0925	4.10082
b0926	2.17883e-06
b0927	5e-09
b0928	19.4297
b0929	0
b0930	16.2667
b0931	147.851
b0932	1.08712
b0933	0.34132
b0934	0.437205
b0936	0.15467
b0937	0.580585
b0938	3.62165
b0939	0
b0941	0.836641
b0942	2.44161
b0943	0
b0944	2.04304
b0945	2e-07
b0946	0.000782578
b0947	0
b0948	0.915482
b0949	0.796277
b0950	307.572
b0951	0
b0952	3.00672
b0953	0.0649196
b0954	14.8646
b0955	2.99518
b0956	23.817
b0957	0
b0958	1.99989e-07
b0959	2e-07
b0960	1.00185
b0961	0
b0962	0
b0963	0
b0964	814.351
b0965	6.49037
b0966	0
b0968	3.28062e-07
b0969	5.69645e-06
b0970	12.042
b0972	0.812467
b0973	3.47206
b0975	11.1321
b0976	0
b0977	9.23027
b0978	0.23609
b0979	1.02084
b0980	4.35287e-06
b0981	7.713
b0982	6.8423
b0983	2e-07
b0984	1.07757
b0985	0
b0986	67.7505
b0989	5e-09
b0990	5e-09
b0991	5.03779e-09
b0993	1.63952
b0994	0
b0995	0
b0996	0.194329
b0999	0
b1000	0
b1001	0.753318
b1002	1.71069
b1003	0
b1004	4.3312
b1005	0
b1006	0.717999
b1007	0
b1008	1.54796
b1009	4.42726
b1011	0
b1013	115.352
b1014	0.807926
b1015	0
b1017	2.07744
b1018	2.79414
b1019	0.755222
b1020	0
b1033	0.00121804
b1034	6.9942
b1035	0.999975
b1036	139.543
b1037	1.44792
b1038	1.1388e-05
b1039	0.000952384
b1041	58.5174
b1042	0
b1043	0.449485
b1044	7.03011
b1045	0
b1046	0
b1047	0
b1048	0.265917
b1049	0.81004
b1050	0
b1051	0
b1053	4.91894
b1054	0.0895893
b1055	0
b1056	3.68678e-11
b1057	10.4054
b1059	1.15684
b1060	2123.16
b1061	0
b1062	10.9688
b1063	2.50028
b1064	656.577
b1065	4.73187
b1066	7.5e-08
b1067	0.224081
b1068	2.46596
b1069	114.068
b1070	0
b1071	2.02611
b1072	1.99611
b1073	1.1388e-05
b1074	0
b1075	0
b1076	1.04389
b1077	0
b1079	0.177579
b1080	1.47475
b1081	0.922767
b1082	1.93162
b1083	0.36592
b1084	1.30161
b1085	2e-07
b1086	7.62742
b1087	0
b1088	5e-09
b1089	5e-09
b1090	0
b1091	0
b1092	1.14174
b1093	0
b1094	2e-07
b1095	2.59778
b1096	0.98786
b1097	0
b1098	0
b1099	0.323701
b1100	0
b1101	0
b1102	0
b1103	24.0017
b1104	25.6594
b1105	131.439
b1106	0.259734
b1107	2.88806
b1108	2.77639
b1109	0
b1110	0.150644
b1111	0
b1112	0
b1113	2.29572
b1114	0.803952
b1115	163.666
b1116	2.31193
b1117	2.68042
b1118	1.61529
b1119	4.38458
b1120	2.67812
b1123	4.92841
b1124	0.457161
b1125	10.1593
b1126	5.16418
b1127	0
b1128	0.61308
b1129	5e-09
b1130	2.41614
b1131	7.05578
b1132	0
b1133	10.339
b1134	0
b1135	0.361129
b1136	0
b1140	1.0008
b1149	1.09212
b1151	1.84489
b1152	1.48816
b1153	1.64932
b1160	1.20778
b1161	114.886
b1162	0
b1171	0
b1174	2.17893e-06
b1175	8.97799
b1176	1.15848
b1177	1.05395
b1178	1.15351
b1179	253.789
b1180	0
b1181	2e-07
b1183	7.5e-08
b1185	0
b1186	0
b1187	2.2e-06
b1188	0.640729
b1189	1.6305
b1190	0.451534
b1191	2.21804
b1192	7.12319
b1193	0
b1194	588.786
b1195	0.430985
b1203	6.16626
b1204	68.8824
b1205	0
b1206	5.48211
b1207	18.7378
b1208	0
b1209	275.467
b1210	0
b1211	446.536
b1212	2.31302
b1213	11.1279
b1215	2.2e-06
b1216	1.47891
b1217	4.9846e-09
b1218	0.795662
b1219	0
b1220	0.39494
b1221	0
b1222	2.87306
b1223	1.20479
b1224	2.38556
b1225	4.42162
b1226	2.61913
b1227	0.0367321
b1232	0.537991
b1233	0
b1234	1.69876
b1235	1.20005e-06
b1236	0.0406668
b1237	0
b1238	0
b1241	0
b1242	1.29588
b1243	0
b1244	0.764268
b1245	2.54566
b1246	0.843033
b1247	2.18838
b1248	0.898295
b1249	1.69022
b1250	6.44249
b1251	1.19995e-06
b1252	0.101222
b1253	1.2e-06
b1254	0
b1255	0
b1256	0.347079
b1260	0
b1261	0.154933
b1262	1.05864
b1263	1.2753
b1264	2.29451
b1266	0
b1267	559.203
b1269	12.9044
b1270	5.30557
b1271	0.721057
b1272	192.623
b1273	4.15873e-09
b1274	11.9711
b1275	4.35297
b1276	0.933047
b1277	7.8704e-06
b1278	0
b1279	35.4645
b1280	0
b1281	0
b1282	1.99982e-07
b1284	5.62507
b1286	0
b1288	2.00041e-07
b1289	1.0631
b1290	0
b1291	1.9999e-07
b1292	0
b1293	4.96541e-09
b1294	1.288
b1295	5.69646e-06
b1296	1.20833
b1297	6.72498
b1298	0
b1299	2e-07
b1300	1.74417
b1301	17.7549
b1303	3.006
b1304	0
b1305	1.49778
b1306	2.66798e-11
b1307	0
b1308	4.95759e-09
b1310	1.68184
b1311	2.14294
b1313	0.51857
b1314	0.952917
b1315	6.78068
b1316	2.66006
b1317	0.878264
b1320	1.98227
b1321	1.27907
b1322	0
b1323	0
b1325	0.463165
b1326	2.21222
b1327	17.634
b1328	48.5141
b1329	3.63087
b1332	10000
b1333	0.485529
b1334	0.701822
b1335	0
b1337	0
b1338	3.32274
b1339	0
b1340	1.03263
b1341	0.79209
b1342	1.7437
b1343	1.19318
b1344	124.03
b1358	3.61343
b1360	5.63882
b1361	0.918783
b1371	0.504727
b1372	0.932605
b1374	1.06338
b1376	0
b1377	27.8753
b1378	3.73619
b1379	0
b1380	0.638125
b1381	1.69152
b1382	0.0132072
b1410	1.14983
b1411	0.492714
b1412	1.52082
b1413	1.10613
b1414	18.0915
b1418	3.65211
b1419	7.5e-08
b1420	79.2166
b1421	0
b1422	2.05122
b1423	34.1472
b1424	56.0529
b1425	2e-07
b1426	1.1388e-05
b1427	9.41981
b1428	9.17298
b1429	1.05119
b1430	0
b1432	1.36009
b1434	1.21252e-06
b1435	0
b1436	18.9604
b1438	0.84806
b1439	4.52537
b1440	8.64255
b1441	0
b1443	0
b1444	0
b1445	3.03585e-07
b1446	227.553
b1447	0
b1448	0
b1449	0.384952
b1451	0
b1452	0
b1453	0
b1454	7.07997
b1455	4.69566
b1461	47.4564
b1462	1.21309
b1463	0.543146
b1464	0.238291
b1465	0
b1466	80.651
b1467	0.850878
b1469	0.552449
b1471	0.352225
b1473	3.50222
b1475	265.266
b1476	5.41094
b1477	1.15565
b1479	1.51838
b1482	129.152
b1483	0
b1484	1.16855
b1485	1.78581
b1486	2.39683
b1487	0
b1488	0.813253
b1489	1.03887
b1490	0
b1491	0.652775
b1492	0.322685
b1493	3.72094
b1494	1.44039
b1495	2.31644
b1496	1.13159
b1497	13.5399
b1498	0.91534
b1499	2.25671
b1501	0.354807
b1502	14.4753
b1508	2.05006
b1510	0.235655
b1521	0
b1522	52.0694
b1524	1.16442
b1525	2.26044
b1526	0
b1527	0.183858
b1528	2.29955
b1529	0
b1530	0.362961
b1531	7.87039e-06
b1532	0
b1535	0
b1536	0
b1537	216.399
b1538	2.02396
b1539	0
b1540	175.569
b1541	2e-07
b1542	0.171544
b1549	0.789707
b1555	1.25611
b1559	1.32905
b1560	1.4863
b1579	1.2014
b1589	0
b1590	11.5495
b1591	0
b1592	0.241978
b1593	2.12476
b1594	0
b1595	3.58992
b1596	1.63286
b1598	0
b1599	847.034
b1600	0
b1601	0
b1602	2.97714
b1603	1.32774
b1604	2.88118
b1605	0.992694
b1606	0.67392
b1607	0
b1608	0
b1609	5.84981
b1610	0.34984
b1611	2.95091
b1612	4.60476
b1613	0.60502
b1614	7.84375
b1615	0
b1616	0.735849
b1617	1.73472e-18
b1618	7.01147
b1619	0.32401
b1620	4.93613
b1621	5.88715
b1622	3.41348
b1623	1.56446
b1624	17.7785
b1625	1.99968e-07
b1626	0
b1627	92.8689
b1628	0
b1629	1.19324
b1630	0.506946
b1631	1.53316
b1632	141.818
b1633	56.5287
b1634	8.06017
b1636	0.782036
b1637	7.89531
b1638	2.63893
b1639	1.98965
b1640	2.40214
b1641	92.2742
b1642	0
b1643	2e-07
b1644	0.444079
b1645	1.26919
b1646	0
b1647	0
b1648	48.3964
b1649	0.897759
b1650	2.17728
b1651	1.61782e-05
b1652	7.77144
b1654	0
b1655	2.17896e-06
b1656	2e-07
b1657	0
b1658	1.84678
b1659	4.35287e-06
b1660	0.868511
b1661	1.07287
b1662	4.21111
b1663	0.850459
b1664	0.782207
b1667	7.49676e-08
b1668	0.991452
b1669	0
b1670	2.40387
b1671	0.502619
b1672	0
b1673	1.0831
b1674	57.0718
b1675	2e-07
b1676	0
b1677	2e-07
b1678	2.82975
b1679	3.53036
b1680	7.56284
b1681	0.903104
b1682	0
b1683	0
b1684	0.0274414
b1685	34.8148
b1686	268.16
b1687	1.13857
b1688	0
b1689	0
b1691	0
b1692	0
b1693	2.04406
b1702	0.582084
b1703	306.88
b1704	0
b1705	1.45753
b1706	0.516162
b1707	0.238096
b1708	0.274119
b1709	2.13862
b1710	0
b1711	0
b1712	1.49056e-05
b1713	1.20611
b1714	4.75509
b1716	1.2e-06
b1718	1.19999e-06
b1719	0
b1722	0
b1723	49.045
b1724	0
b1725	0.156975
b1726	0.4378
b1727	0
b1728	2e-07
b1729	0
b1731	4.27935e-12
b1732	3.0508
b1733	0.564515
b1734	1.60404
b1735	0.761878
b1736	0
b1737	0.558635
b1738	3.7227e-11
b1739	4.35291e-06
b1740	2.45319
b1741	0.771641
b1742	0.507346
b1743	0
b1744	0
b1745	1.4962
b1747	1.69465
b1748	1.40794
b1749	94.1957
b1750	2.15637
b1751	0.221909
b1752	2.55342
b1753	0.256561
b1754	0
b1756	2.9256
b1757	0.319509
b1759	1.13205
b1760	45.7022
b1761	1.09682
b1763	1.11389
b1764	0.279649
b1765	0.807756
b1766	7.15289
b1767	2.27166
b1768	25.2305
b1777	57.981
b1778	0
b1779	2e-07
b1780	2.57689
b1781	0.71804
b1782	1.26348
b1783	0.70429
b1784	0.65997
b1785	0
b1786	2.06461
b1787	1.57352
b1789	2.19699
b1790	1.84535
b1791	1.03606
b1792	5.98764
b1793	0.751375
b1794	1.83623
b1795	2e-07
b1797	1.74503
b1798	0
b1799	4.90491
b1800	0.713326
b1801	0.591832
b1802	5.17449
b1803	8.86643
b1804	2.66716
b1805	1.88453
b1806	0.845008
b1807	0.233321
b1808	0.776197
b1809	0
b1810	4505.33
b1811	7.5e-08
b1812	1.10567
b1813	0
b1814	16.5846
b1815	0
b1816	78.6821
b1817	9.62037
b1818	0.0535916
b1819	0
b1820	2e-07
b1821	9.91777
b1822	0
b1823	2e-07
b1825	2.94685
b1827	0
b1829	0
b1830	1.57872
b1832	2.71771
b1833	0.850178
b1834	1.79457
b1835	0.67266
b1837	0
b1839	1.2e-06
b1840	1.06751
b1841	0
b1842	1.99968e-07
b1843	96.1624
b1844	1.68673
b1845	1.60401
b1846	34.0618
b1847	50.7852
b1848	1.40072e-12
b1849	0
b1850	10000
b1851	7.67833
b1852	0
b1853	1.2408
b1854	0
b1855	11.1111
b1856	0.923697
b1857	0
b1858	0
b1859	0.292255
b1860	1.68362
b1861	3.94635
b1862	0
b1863	0.470632
b1864	0
b1865	0.527817
b1866	1.79343
b1867	22.2678
b1869	0
b1870	0.546657
b1871	2.82965
b1872	0.196799
b1873	1.65554
b1874	5.69643e-06
b1875	0
b1876	0
b1880	1.4422
b1881	174.496
b1882	5.90555e-12
b1883	0
b1884	0
b1885	0.539252
b1886	2.79296
b1887	4.24384
b1888	0.270338
b1889	0
b1890	7.7796
b1891	0
b1892	5.01018e-09
b1895	0
b1896	1.99935e-07
b1897	0.00129603
b1899	0.550269
b1900	0.446389
b1901	3.96252
b1902	5.94945e-06
b1903	975.803
b1904	1846.22
b1905	818.635
b1906	5.08865e-09
b1907	0.626691
b1908	0
b1912	1.4249
b1913	3.98885
b1914	2e-07
b1915	0
b1916	0.428785
b1917	3.53048
b1918	0.703926
b1919	1.91116
b1920	0.671392
b1922	0
b1923	1.30106
b1925	2.01173
b1926	2.78622
b1927	1.02205
b1928	1.53121
b1929	4.25557
b1930	0
b1931	1.18746
b1937	0.356009
b1938	0.96638
b1939	5.43272
b1940	0.722076
b1941	3.90759
b1942	4.42709
b1943	0.423121
b1944	0.112505
b1945	0
b1946	0.409118
b1947	0.859922
b1948	0
b1949	10000
b1950	0.184928
b1951	0
b1952	5.01339e-09
b1953	0.0724385
b1955	0.90134
b1956	0.462898
b1957	177.662
b1958	0.747008
b1960	1.53184
b1961	5.19968
b1962	22.8397
b1963	6.23745
b1967	5.89149
b1968	0.584918
b1969	0.417515
b1970	1.42638
b1971	1.95284
b1972	2.29059
b1973	0.40421
b1976	3.09536
b1979	7.49958e-08
b1981	1.2002
b1982	4.25768
b1983	0
b1985	0
b1987	2.97992
b1988	0.405462
b1991	0.417686
b1992	1.89536
b1993	1.31726
b2007	347.245
b2008	0.649135
b2009	2.40984
b2010	0
b2011	0.91813
b2012	3.3118
b2013	0
b2014	0
b2015	2.64939
b2016	0.676025
b2017	0
b2019	74.2926
b2020	0.310607
b2021	1.92909
b2022	2.57882
b2023	0
b2024	3.23113
b2025	8.5412
b2026	0.171644
b2027	0.979195
b2028	0.612149
b2029	0.793403
b2048	2.82989
b2049	0.0800752
b2050	1.54171
b2051	0
b2052	11.4888
b2053	49.9027
b2054	5.55112e-17
b2055	0
b2056	0.677134
b2057	0.651201
b2058	0
b2059	0.166172
b2060	0.749057
b2061	2.3109
b2062	0.465757
b2063	0
b2064	0
b2065	0
b2066	362.303
b2067	0.603341
b2068	2.3766
b2069	2.65623
b2070	1.73266
b2072	0.856284
b2073	1.16062
b2074	4.00143
b2075	2.6742
b2076	0
b2077	1.00103
b2078	4.68941e-06
b2079	0
b2080	1.00552
b2081	0.866189
b2085	1.61205
b2086	0.358143
b2087	6.88138
b2091	0
b2092	2.55305
b2093	43.8454
b2096	0
b2097	2.44408
b2098	0
b2099	0
b2100	0.528288
b2101	0
b2102	1.37961
b2103	0
b2104	0
b2105	2e-07
b2106	0.42763
b2107	0
b2108	0
b2109	1.41165
b2110	0
b2111	0
b2112	0
b2113	0.485847
b2114	0.94224
b2115	0.36702
b2122	1.01353
b2123	6.71128e-11
b2124	0
b2125	2.12308e-06
b2126	0.246868
b2127	0
b2128	1.55225
b2129	0.607365
b2130	1.55845
b2131	0.160079
b2132	0.298287
b2133	12.8331
b2134	1.20148
b2135	0
b2136	0
b2137	0.958619
b2138	0
b2140	0
b2141	0
b2142	0
b2143	0
b2144	0
b2145	0
b2147	1.90204
b2148	0
b2149	0.768935
b2150	39.8861
b2151	5.18015
b2152	0.443079
b2153	1.69638
b2154	0.385404
b2155	0
b2156	3.68302
b2157	0
b2158	0
b2159	1.76142
b2160	0.862024
b2161	0.379054
b2162	2.13576
b2163	89.103
b2164	0.84279
b2165	0.518169
b2166	0.927343
b2167	0.121583
b2168	105.674
b2169	2.34983
b2170	2.23252
b2171	2e-07
b2172	2.63047
b2173	0
b2174	0
b2175	842.357
b2176	1.03519
b2177	2.39063
b2178	1.64702
b2179	1.8797
b2180	1.16689
b2181	0
b2183	0.59852
b2184	1.85699
b2185	5.02043e-09
b2186	4.33456
b2187	2e-07
b2188	0.822359
b2193	0
b2194	0
b2195	0
b2196	1.05993
b2197	0
b2199	0.0426238
b2200	5e-09
b2201	0
b2202	0
b2203	0
b2204	2.94776
b2205	0
b2206	0
b2207	1.19997e-06
b2208	0
b2209	39.128
b2210	0.169998
b2211	1.32167
b2212	1.88315
b2213	0
b2214	3.55509
b2215	1.6628
b2216	0.899383
b2217	28.7965
b2218	2.90416
b2219	9.32999
b2220	0
b2221	1.2e-06
b2222	31.5373
b2223	0
b2224	5.38513
b2225	0.615434
b2226	0.200783
b2230	0.668274
b2231	0.202076
b2232	0
b2234	6.64299
b2235	33.6653
b2236	488.022
b2237	0.267317
b2239	1.48692
b2240	3.68134
b2241	4.55301
b2242	1.31914
b2243	0
b2244	3.61039
b2245	1.36751
b2246	0.569132
b2247	1.48924
b2248	0
b2249	0.580196
b2250	0
b2251	104.606
b2252	0.906662
b2253	1.17111
b2254	154.766
b2255	1.86353
b2256	0
b2257	1.24103
b2258	2e-07
b2259	1.9999e-07
b2260	0.512683
b2261	0.290735
b2262	0.555139
b2263	0.843003
b2264	0.52973
b2265	1.07539
b2266	1.99931e-07
b2267	2.19113
b2268	3.96844
b2272	1.62249
b2276	3.18921
b2277	165.272
b2278	0
b2279	138.389
b2280	4.96708e-12
b2281	5.76087
b2282	7.5e-08
b2283	9.81722
b2284	0.294365
b2285	0
b2286	1.51895
b2287	5.69648e-06
b2288	7.87039e-06
b2289	0
b2290	0
b2291	5.451
b2292	2.13097
b2294	7.5e-08
b2295	1.65049
b2296	0
b2297	55.9285
b2298	1.86016
b2299	2.25886
b2300	0
b2301	0
b2302	9.53795
b2303	1064.88
b2304	0.322868
b2306	1.67047
b2307	4.4587
b2308	0
b2309	0
b2310	0.819607
b2311	0
b2312	0
b2313	4.07708
b2314	8.52771
b2315	5.96517
b2316	0.939393
b2317	1.34483
b2318	164.822
b2319	9.50375
b2320	1.76417
b2321	0
b2322	1.77404
b2323	0.520891
b2324	0
b2325	1.1388e-05
b2326	0.637905
b2327	0
b2328	0
b2329	2.65155
b2330	0.894948
b2331	1.63585
b2332	1.2109
b2333	2.2374
b2334	0.507538
b2336	0.927728
b2338	1.90655
b2339	5.26093
b2340	19.5369
b2341	0.219683
b2342	1.37487
b2343	0
b2344	0.353114
b2346	2e-07
b2347	3.49558
b2349	3.01974
b2366	0.773628
b2367	0
b2368	0
b2369	44.2905
b2370	1.21897
b2371	0.619836
b2372	2.14187
b2373	2.17893e-06
b2374	134.819
b2375	0.503595
b2376	0.763691
b2377	0
b2378	0.00101703
b2379	0
b2381	2.17893e-06
b2382	2.40957
b2384	0.818992
b2386	1.89857
b2387	0.914827
b2388	2.19169
b2389	0.505861
b2390	0.850051
b2391	2.10337
b2392	0.778225
b2393	0
b2398	0
b2399	57.6548
b2400	0.492927
b2409	0.504772
b2410	0
b2411	0
b2412	1.46371
b2413	2e-07
b2414	1.40654
b2415	3.18142e-12
b2416	13.0518
b2417	10000
b2418	0.14701
b2419	2.01754
b2421	2.22689
b2422	0.857987
b2423	2.28406
b2424	1.01612
b2425	3.59768
b2426	1.42264
b2427	1.08729
b2428	1.26623
b2430	1.93863
b2431	1.30731
b2432	0
b2433	0
b2434	0
b2435	3.09277
b2436	7.66235
b2437	0.871357
b2438	0
b2439	0.445442
b2440	1.85501
b2451	0.988636
b2452	1.59963
b2453	0.337821
b2454	0.973045
b2455	2.78171
b2456	1.2e-06
b2457	0.679284
b2458	2.05666
b2459	0.893816
b2460	137.796
b2461	0
b2462	0
b2463	3.20653
b2464	5.4558
b2465	3.05241
b2466	0
b2467	0.743475
b2468	1.43285
b2469	3.68431
b2470	1.26725
b2471	1.45113
b2472	2.985
b2473	0.682644
b2474	1.17262
b2475	1.53225
b2476	0.776598
b2477	1.49055e-05
b2478	143.462
b2479	0
b2480	4.97119e-09
b2481	0
b2482	0.124715
b2483	1.39314
b2484	0.324121
b2485	0
b2486	2.17907
b2487	0.921758
b2488	0
b2489	1.53447
b2490	1.07639
b2491	1.02463
b2493	0.880227
b2494	4.0263
b2495	1012.61
b2496	0
b2497	0
b2498	1.61077
b2499	1.01078
b2500	190.544
b2501	1.32255
b2502	2.60323
b2503	1.66392
b2504	2.00047e-07
b2505	0.247413
b2506	0
b2507	6.05485
b2508	0
b2509	0
b2510	0.760059
b2511	0
b2512	9.91968
b2513	310.31
b2514	0.558122
b2515	0
b2516	0
b2517	6.95858
b2518	2e-07
b2519	1.63751
b2520	0.311181
b2521	0
b2522	4.40243
b2523	2.97151
b2524	2e-07
b2525	3.4213
b2526	2.93243
b2527	1.07925
b2528	0
b2529	2e-07
b2530	70.7242
b2531	0
b2532	0
b2533	2.32743
b2534	2.52661
b2535	7.40054
b2536	0
b2538	1.64675
b2539	82.8188
b2540	0
b2541	1.12405
b2542	83.3475
b2544	0
b2545	3.37664
b2546	0.234554
b2547	1.66952
b2548	1.44096
b2551	6.0548
b2552	2.33614
b2553	1.60358e-11
b2554	0
b2555	163.158
b2556	0.68323
b2557	0.523363
b2558	0
b2559	0
b2560	0
b2561	0
b2562	279.746
b2563	0.120287
b2564	0.324437
b2565	0
b2566	45.1743
b2567	1.99998e-07
b2568	0.235449
b2569	0
b2570	0
b2571	19.2741
b2572	9.2574
b2573	1223.31
b2575	3.4779
b2576	3.57003
b2577	0.766387
b2578	571.596
b2579	0
b2580	2.48313
b2581	246.101
b2582	1.1388e-05
b2583	0
b2584	1.20062
b2585	0.145111
b2586	2.17893e-06
b2587	0
b2592	2.78153
b2593	2.43397
b2594	0
b2595	1.86479
b2596	0
b2597	4.80439e-07
b2599	1.64416
b2600	1.01449
b2601	3.85601
b2602	8.10982
b2603	1.99988e-07
b2604	1.12735
b2605	1.66179
b2606	1.99958e-07
b2607	2.17893e-06
b2608	5.69644e-06
b2609	4.99144e-09
b2610	0
b2611	0
b2613	0
b2614	71.1386
b2615	0.042612
b2616	0.971893
b2617	696.184
b2618	0
b2619	0
b2620	0
b2649	0.416671
b2657	0
b2659	1.29746
b2660	0.717649
b2661	0.0727892
b2662	1.55203
b2663	0.857588
b2664	0
b2665	0
b2666	0
b2667	1.2e-06
b2668	0.331764
b2669	0
b2670	0
b2671	392.668
b2672	0
b2673	10000
b2675	1.20568
b2676	1.33943
b2677	3.55042
b2678	0.703896
b2679	1.98058
b2681	1.26093
b2682	35.3726
b2683	0
b2684	9.21398e-06
b2685	1.32597
b2686	0
b2687	2e-07
b2688	0
b2689	2e-07
b2690	33.8998
b2696	5.11973e-09
b2697	1.0165
b2698	0
b2699	0
b2700	1.49055e-05
b2701	0.140663
b2702	0
b2703	0.326825
b2704	2.36048
b2706	2.37717
b2707	6.72753
b2708	5.09009
b2709	6.32355
b2710	0.316101
b2711	0.877582
b2712	0.472548
b2713	0
b2714	7.22146
b2715	0.884649
b2716	1.101
b2717	3.61446
b2718	0
b2719	2.34596
b2720	1.86952
b2721	1.12944
b2722	4.60708
b2723	0.565393
b2724	4.10985
b2725	0
b2726	0
b2727	0
b2728	0
b2729	0.786483
b2730	2.52092
b2732	0
b2733	2.21958
b2735	0
b2736	4.41313
b2737	3.6905
b2738	1.2e-06
b2739	0
b2740	0.736295
b2741	1.33501
b2742	0.543686
b2743	0
b2744	0
b2745	0
b2746	114.96
b2747	4.24086
b2748	6.29456e-11
b2749	0
b2750	0
b2751	0
b2752	2.08228
b2753	0.22691
b2754	0.745769
b2758	0.881183
b2761	1.17084
b2762	4.99988
b2763	0.87179
b2764	1.31717
b2765	0
b2766	0.786797
b2767	1.85473
b2768	5.31655
b2769	1.20001e-06
b2770	0.0880229
b2771	165.81
b2772	2.21717
b2775	0.863231
b2777	0
b2778	0.0766249
b2779	1.90568
b2780	0
b2781	2.34564
b2782	0.0274848
b2783	1.2e-06
b2784	4.54189
b2785	4.01662
b2786	1.49705
b2787	1.09826
b2788	7.64539
b2789	3.62688
b2790	1.03828
b2791	0
b2792	0
b2793	0
b2794	0
b2795	0.557455
b2796	6.61265
b2797	4.72887
b2798	0
b2799	0
b2800	0.356928
b2801	0
b2803	0
b2804	3.214
b2805	0.079178
b2806	5.67185
b2807	0
b2808	6.29688
b2809	4.35286e-06
b2810	1.88852
b2811	8.42146
b2812	6.66306
b2813	41.7514
b2817	0
b2818	1.6024
b2819	1.4663
b2820	0.447875
b2821	1.9344
b2822	0.780403
b2823	0
b2824	4.47138
b2825	0
b2826	7.49921e-08
b2827	5.53061
b2828	0
b2829	2.38925
b2830	0
b2831	0
b2832	53.2209
b2833	2e-07
b2834	0.578848
b2835	1.88622
b2836	1.90852
b2837	10.1299
b2838	0
b2839	0.0441907
b2841	1.87199
b2842	0
b2843	0.587917
b2844	0.882317
b2845	3.60393
b2846	0.967447
b2848	0
b2850	0.916098
b2851	0
b2863	0.362211
b2865	0
b2866	0.830479
b2867	3.53616
b2868	0
b2869	0
b2870	0.624893
b2871	0
b2872	8.61638
b2874	9.65585
b2875	0
b2876	1.2e-06
b2877	1.15535
b2879	0.389144
b2880	7.32708
b2881	0.528452
b2883	1.2128
b2886	0
b2887	8.42977
b2888	0
b2889	1.66848
b2890	0
b2892	0.874862
b2893	3.20001e-06
b2894	0
b2895	3.03283e-11
b2896	1.00421e-12
b2897	0
b2898	0
b2899	0
b2900	6.33087
b2901	1.30489
b2902	2.06758
b2903	2.59519
b2904	0
b2905	0.0968646
b2906	1.34764
b2907	1.28499
b2908	1.23106
b2909	0
b2910	0
b2912	0.934196
b2913	0
b2914	0
b2916	1.06578
b2917	0
b2918	0.19143
b2919	0.437636
b2920	0.934837
b2922	3.38471
b2923	1.0717
b2924	2.20124
b2925	0
b2926	0
b2927	0.177694
b2928	1.28981
b2931	1.60595
b2934	3.10532
b2935	59.2034
b2936	0
b2937	2.43664
b2938	4.63859
b2940	1.40751e-05
b2941	0
b2942	0
b2943	2.16845
b2944	0
b2945	180.207
b2946	0.986693
b2947	2.60533
b2948	0
b2949	0
b2950	0.323552
b2951	26.2802
b2952	0.389551
b2953	41.4659
b2954	2.54142
b2955	0.354342
b2957	0.32409
b2958	4.00077
b2959	5e-09
b2960	0
b2961	0.996938
b2962	2e-07
b2963	0
b2964	0.311545
b2965	0.713495
b2966	0
b2983	0.740728
b2984	0.433084
b2985	0.129232
b2986	1.71952
b2987	0
b2988	0
b2989	0
b2990	1.99957e-07
b2991	5.69642e-06
b2992	2.2e-06
b2993	0.633815
b2994	0.254725
b2995	1.88291
b2996	0
b2997	16.7081
b2998	4.64876e-12
b2999	0
b3001	0
b3002	1.2e-06
b3003	0
b3005	7.8704e-06
b3006	1137.68
b3007	66.4142
b3008	3.68537
b3009	4.42844
b3010	1.28018
b3011	0
b3012	0
b3013	0.316317
b3014	7.22463
b3015	1.78164
b3017	2.61543
b3018	0
b3019	0
b3023	10.2465
b3024	5e-09
b3025	2.93812
b3026	0.348605
b3028	8.33946
b3029	1.4e-06
b3030	2.18939
b3031	0
b3032	3.50767
b3033	4.35285e-06
b3034	0
b3035	2.08788
b3037	3.67511
b3038	1.61238
b3039	1.46599
b3040	63.534
b3041	3.24988
b3042	0.422504
b3043	1.20431
b3045	0.251866
b3047	0.150301
b3048	0.980729
b3049	178.705
b3050	1.71516
b3051	0.678843
b3052	5.61661
b3053	0.998926
b3054	0.661295
b3055	2e-07
b3056	1.42478
b3057	1.2996
b3058	0
b3059	502.174
b3061	0
b3062	0
b3063	0
b3064	0.39669
b3065	9.96993e-05
b3066	2.31136
b3067	2.37108
b3068	0
b3070	1.49279
b3071	4.39416
b3072	0
b3073	0
b3074	0.618757
b3075	0.89476
b3076	0.751918
b3077	7.8704e-06
b3078	0
b3079	0
b3080	7.51317
b3081	1.50546
b3082	0
b3083	2.41148e-05
b3084	0.38516
b3085	0.886834
b3086	0.592366
b3087	2.4527
b3088	1.2407
b3089	0
b3090	0
b3091	0.950591
b3092	0
b3093	1.45044
b3094	5.65893
b3095	1.87217
b3096	2.84138
b3097	4.8776
b3098	0.821115
b3099	1.77082
b3100	0
b3101	0.540564
b3102	1.64392
b3103	0
b3104	183.788
b3106	0
b3107	0
b3108	8.58636
b3110	1.25541
b3111	2.02405
b3113	0
b3114	2.00385
b3115	2.40333
b3116	2.68122
b3117	105.839
b3118	0
b3119	19.0717
b3124	1.78764
b3125	5.35294
b3126	17.4182
b3127	1.47765
b3128	0.964196
b3130	0
b3144	0.241139
b3145	1.19882
b3146	1.94498
b3147	0.548655
b3148	102.795
b3149	0
b3150	0.436259
b3151	0.545201
b3152	2.90481
b3153	0.24579
b3154	0
b3155	0
b3156	3.6842e-05
b3157	28.2318
b3158	1.8396
b3159	0.682928
b3160	1.25813
b3161	0.490372
b3162	0
b3163	1.40751e-05
b3164	2.97364
b3165	5e-09
b3166	5.68939
b3167	0.0299513
b3168	0.624357
b3169	0
b3170	0
b3172	1.56715
b3173	4.27901
b3175	1013.85
b3176	1.68938
b3177	0
b3178	2.25789
b3179	1.19998e-06
b3180	5e-09
b3181	0
b3182	1.06261
b3183	0
b3184	0.73546
b3185	0.000476468
b3186	3.88622
b3187	1.31807
b3188	0
b3189	2.2135
b3190	2e-07
b3191	0.295184
b3192	0
b3193	4.76966e-11
b3194	0
b3195	2e-07
b3196	0.269595
b3197	0.512409
b3198	4.6301e-12
b3199	0
b3200	2.66213
b3201	2e-07
b3202	0.327439
b3203	0.000563436
b3204	5e-09
b3205	0.030013
b3206	0
b3207	0
b3208	0.363385
b3209	0.0958378
b3210	0
b3211	5.24987
b3212	1.4781
b3213	1.44391
b3221	0
b3222	0.123681
b3223	1.00411
b3224	0.521311
b3225	2.28396
b3226	3.60643
b3227	0.422709
b3228	2.2e-06
b3229	5e-09
b3230	103.284
b3231	0.58058
b3232	0
b3233	0
b3234	0
b3235	0
b3236	0
b3237	30.514
b3238	25.1658
b3239	231.465
b3240	0.933101
b3241	2.63732
b3242	0
b3244	0
b3245	0.822566
b3247	2.27034
b3248	0
b3249	2e-07
b3250	0.790371
b3251	0
b3252	4.51388
b3253	186.974
b3255	3.20001e-06
b3256	7.97968
b3257	0
b3258	1.33941
b3259	4.68253
b3260	0.0203764
b3261	4.9669e-09
b3262	0.341389
b3264	0.998176
b3265	0.445492
b3268	1.36619
b3270	0.918569
b3271	0.907866
b3279	2.59152
b3280	274.009
b3281	12.4773
b3282	0
b3284	29.2042
b3286	1.38007
b3287	0.407247
b3288	0.095182
b3289	1.04721
b3290	0
b3291	0
b3292	0
b3293	4.35289e-06
b3294	2e-07
b3295	5.69645e-06
b3296	0.0426395
b3297	2.05971e-05
b3298	7.87038e-06
b3300	2.00752
b3301	40.889
b3302	0
b3303	28.5069
b3304	5e-09
b3305	5e-09
b3306	2.00024e-07
b3307	5.04856e-09
b3308	2e-07
b3309	1.19999e-06
b3310	4.9735e-09
b3311	4.35285e-06
b3313	4.94999e-11
b3314	0.0426744
b3315	0
b3316	10000
b3317	1.99973e-07
b3318	1.2e-06
b3319	2e-07
b3320	3.48166
b3321	0.0944349
b3322	1.15156
b3339	0
b3340	10000
b3341	2.41148e-05
b3342	1.2e-06
b3343	0
b3344	2.07532
b3345	3.71204
b3346	0
b3347	0
b3348	6.62113e-12
b3349	0
b3350	2.01758
b3351	0
b3352	0.499933
b3353	1.06844
b3354	5.69641e-06
b3355	1.03861e-10
b3356	63.4598
b3357	1.67937e-11
b3358	0
b3359	0
b3360	0
b3361	0
b3363	0
b3364	0.823113
b3365	1.27846
b3366	0.244801
b3367	0.70028
b3368	3.24378
b3370	4.35287e-06
b3371	0.39031
b3372	22.1897
b3374	0
b3375	6.11236
b3376	0.469759
b3377	0.319009
b3378	0.96193
b3379	0.388156
b3382	0
b3383	0.56917
b3384	0
b3385	14.2373
b3386	0
b3387	0
b3388	0.801921
b3389	12.4867
b3390	0
b3391	0
b3392	8.70898e-09
b3393	1.9551
b3395	1.10422
b3396	0.200798
b3397	0
b3398	1.64992
b3399	7.87039e-06
b3400	0
b3401	20.6376
b3403	0
b3404	1.29936
b3405	0
b3406	1.20945
b3407	1.83008
b3408	3.80583e-11
b3409	1.85637
b3410	0
b3412	0.472121
b3413	146.953
b3414	1.99999e-06
b3415	1.15494
b3416	0.451616
b3417	7.15
b3418	1.24512
b3419	13.7311
b3421	0.47728
b3423	1.0283
b3424	1.59276
b3425	0
b3426	1.25525
b3427	0.0904722
b3428	0.184853
b3429	3.75322
b3430	0
b3431	0.253235
b3432	0
b3433	11.15
b3434	0
b3436	1.99305
b3437	1.25935
b3438	1.06222
b3439	32.5003
b3440	2.12989
b3441	1.23682
b3447	2.23442
b3448	0
b3449	2.15042
b3450	0.743983
b3451	0.578169
b3452	1.21335
b3454	2.26753
b3455	2.67718
b3456	2.11119
b3457	3.82587
b3458	3.83644
b3459	0
b3460	0.840548
b3461	61.5291
b3462	0.458671
b3463	2.09099
b3464	5.02207
b3465	3.11112
b3466	0
b3467	7.63434
b3468	1.11304
b3469	3.08322
b3470	209.343
b3471	2.23973
b3472	1.09067
b3473	0.551102
b3474	0
b3475	0
b3476	6.46484
b3477	0
b3478	0
b3479	0.606724
b3480	3.52431
b3481	110.987
b3484	0
b3485	0
b3486	5.21078
b3487	1.18257
b3488	2.23259
b3490	1.28104
b3491	0
b3492	1.52656
b3493	0
b3494	1.0306e-05
b3495	10000
b3496	0.816754
b3497	2.03988
b3498	2.45602
b3499	28.5396
b3500	1.14025
b3501	1.53097
b3502	2.5493
b3503	5.69644e-06
b3504	0.32769
b3506	0
b3507	5.89104
b3508	5e-09
b3509	2.66967e-07
b3510	3.24938e-05
b3511	0
b3512	2.17891e-06
b3513	10.4442
b3515	1.17821
b3516	0
b3517	1.99999e-07
b3518	0
b3519	1.05955
b3520	234.936
b3521	1.10367
b3522	0
b3523	0
b3524	1.31116
b3525	2.32965
b3526	2.14357
b3527	1.87114
b3528	2e-07
b3529	2.12013
b3531	5.17775
b3532	0.796428
b3534	1.2e-06
b3535	1.99982e-07
b3536	0
b3537	928.428
b3538	0.217154
b3539	0
b3540	0
b3541	0.580546
b3542	1.01197
b3543	2.90087
b3544	2.2298
b3546	0.919441
b3547	2.93509
b3548	3.00757
b3549	0
b3550	1.30769
b3551	4.33296
b3552	0.457655
b3553	5.00885
b3554	0
b3555	0
b3556	1.2e-06
b3558	0.877379
b3559	2.14463
b3560	6.07605
b3561	7.55548e-11
b3563	0
b3564	1.06024
b3565	2.83828
b3579	1.10252
b3590	2.22744
b3591	0.152367
b3592	0
b3597	1.19183
b3598	1.53223
b3599	2.02911
b3600	5.16812
b3601	1.60633
b3602	27.5323
b3603	0
b3604	0
b3605	1.29521
b3606	0
b3607	1.02868
b3608	7.99548
b3609	0
b3610	2e-07
b3611	0
b3612	0
b3613	1.09293
b3614	1.52127
b3616	3.73457
b3617	1.27514
b3619	0.827514
b3620	3.41486
b3621	0.270074
b3622	1.18772
b3625	1.71516
b3626	1.19614
b3627	1.40241
b3630	2.23474
b3631	1.57536
b3632	1.02835
b3633	6.87197
b3634	1.98755
b3635	13.4923
b3636	5.03397e-09
b3637	0
b3639	0
b3640	0
b3641	2.86852
b3642	0.525944
b3643	0.593827
b3644	3.36819
b3645	0.786129
b3646	6.76284
b3647	0.571473
b3648	1.2e-06
b3649	4.17306e-06
b3650	0.51533
b3651	0
b3652	2.86002
b3653	5.53188
b3654	101.351
b3655	1.46434
b3657	0.56284
b3661	1.63933
b3662	0.631748
b3663	0
b3665	14.1698
b3666	0
b3667	0.370026
b3668	157.674
b3669	1.07497e-06
b3670	4.92139e-09
b3671	2.29042
b3673	0.376916
b3674	1.99973e-07
b3675	3.57545e-11
b3676	0
b3677	0
b3683	0
b3684	3.68687
b3685	0.26826
b3686	2e-07
b3687	2e-07
b3688	1.06258
b3689	3.08573
b3690	2.16122
b3691	1.32585
b3693	0.995642
b3694	0
b3696	1.12877
b3697	0.447118
b3698	0
b3699	14.0631
b3700	0
b3701	1.81939
b3702	0
b3704	2e-07
b3705	2.79355
b3706	11.0167
b3710	0.866014
b3711	0.614448
b3712	0.103557
b3714	2.00856
b3715	9.21836
b3716	0.26486
b3720	0.903991
b3722	0.733747
b3723	0
b3724	0.819737
b3725	0
b3726	4.26599
b3727	1.2e-06
b3728	0
b3729	0.873387
b3730	0
b3731	4.35287e-06
b3732	0
b3733	0
b3734	1.19998e-06
b3735	31.9916
b3736	0
b3738	1.2e-06
b3739	5e-09
b3740	0
b3741	2.76532
b3742	14.4033
b3743	0.783661
b3744	1.81572
b3745	0.35576
b3746	3.88659
b3747	1.00983
b3748	0
b3749	5.55621
b3750	3.99242
b3752	5.71603
b3753	2.69469e-07
b3754	0
b3755	0.747938
b3762	0.665133
b3764	2.53939e-07
b3767	0
b3769	0.00172058
b3770	3.38787
b3771	3.99914
b3772	3.62499
b3773	2.2834
b3774	2.32003
b3775	3.45049
b3778	0.702775
b3779	3.1489
b3780	4.64996
b3781	2e-07
b3783	12.0653
b3784	0
b3785	1.54537
b3786	0
b3787	0.101672
b3788	0.828312
b3789	3.46714
b3790	1.72662
b3791	0
b3792	0
b3793	3.28859
b3794	2.25372
b3795	0.671304
b3800	0.684374
b3802	7.3375
b3803	4.42086
b3804	0.814843
b3805	3.53188
b3806	1.54416
b3807	7.3521
b3808	130.31
b3809	0.0100971
b3810	809.776
b3811	0
b3812	0
b3813	13.0462
b3816	5.885
b3819	0.482403
b3820	6.69643e-06
b3821	0
b3822	2.05252
b3823	0
b3824	7.5e-08
b3825	0.0889659
b3826	0.595214
b3827	0
b3828	2.68452
b3829	2.11292
b3830	1.16996
b3831	3.75315
b3832	0.74076
b3833	0
b3834	0
b3835	3.0151
b3836	5e-09
b3838	5.69648e-06
b3839	0
b3840	2.14167
b3842	0.540105
b3843	0.836703
b3844	0.271896
b3845	1.48413
b3846	5.76914
b3847	0.593777
b3848	0.812328
b3849	1.36917
b3850	0.893456
b3856	0
b3857	0.955702
b3858	1.81805e-06
b3859	2.98759
b3860	21.2189
b3862	0
b3863	0
b3865	2e-07
b3866	772.689
b3867	38.7879
b3868	3.62181
b3869	0
b3870	0
b3871	4.00718
b3878	1.59163
b3881	1.25884
b3882	1.55199
b3883	1.74724
b3884	1.14311
b3885	7.49854e-08
b3886	25.4259
b3887	0.763547
b3888	4.3492
b3890	0
b3891	0
b3892	1.19999e-06
b3893	3.64137
b3895	0
b3897	1.81702
b3898	1.4764
b3899	0
b3900	0
b3901	1.02676
b3902	1.30255
b3903	0.46494
b3904	0
b3905	47.5739
b3907	0
b3908	41.716
b3909	13.4685
b3910	0
b3911	52.501
b3912	2.00003e-07
b3914	4.98091e-09
b3915	113.881
b3916	0
b3917	0
b3918	194.549
b3919	0
b3920	1.31351
b3921	0
b3922	0
b3923	2e-07
b3924	0
b3925	13.2126
b3926	1.6187
b3927	0
b3928	7.5e-08
b3929	0.107418
b3930	1.39958
b3931	3.52596
b3932	1.99985e-07
b3933	0.832019
b3934	0
b3935	2.07656
b3936	2.99503e-11
b3937	0.107898
b3938	1.2e-06
b3939	1.01094
b3940	0.717127
b3941	0.543813
b3942	2.4555
b3943	0.297881
b3944	0.412608
b3945	9.01092
b3946	0
b3947	1.33013
b3949	1.6406
b3952	1.37088
b3953	690.636
b3954	0.31742
b3955	0.283356
b3956	2.22776
b3957	0.643535
b3958	0.629286
b3959	0
b3960	0.58172
b3961	4.23032
b3962	0.755977
b3963	217.393
b3964	4.97854e-09
b3965	1.46905
b3966	3.13674
b3967	109.351
b3972	4.29752
b3973	4.79929
b3974	2.00532
b3975	0
b3980	127.103
b3981	1.19997e-06
b3982	0
b3983	1.2e-06
b3984	0
b3985	0.930865
b3986	0
b3987	0.99526
b3988	17.5013
b3990	1.26773
b3991	0.353711
b3992	0.796186
b3993	0
b3994	0.793296
b3995	1.99995e-07
b3996	34.1616
b3997	5.7223
b3998	3.79202
b3999	2e-07
b4000	5.06942e-09
b4001	0.0536101
b4002	6.23837e-11
b4003	0.990432
b4004	1.02112
b4005	1.00262
b4006	5.70821
b4012	0.365946
b4013	0
b4014	1.0773
b4015	12.9846
b4018	1.30194
b4019	1.24913
b4020	0.722644
b4021	6.18003
b4022	0.15447
b4023	330.451
b4024	4.74929
b4025	110.427
b4027	13.2564
b4028	0.867991
b4029	1.8438
b4030	5.69645e-06
b4031	0.365186
b4032	2.91434
b4033	0
b4034	2.5972
b4035	0
b4036	0.270381
b4037	0.849969
b4039	0
b4040	0.530962
b4041	2.32882
b4042	1.30595
b4043	59.1381
b4044	0.531853
b4045	2e-07
b4046	1.21646
b4047	0
b4048	0.56953
b4049	0
b4050	2e-07
b4051	0
b4052	1.19796
b4053	2.96345
b4054	2.17059
b4055	0.195492
b4056	24.4241
b4057	0
b4058	1.39966
b4059	0.535064
b4061	1.24945
b4062	4.99998e-09
b4063	0
b4064	0
b4065	0
b4067	6.45608
b4069	0.776693
b4070	0
b4071	0
b4072	0.888401
b4073	3.00853
b4074	0.375005
b4075	0
b4076	0.947871
b4077	0
b4078	0.000781576
b4080	0.618042
b4081	0.705709
b4082	10.8549
b4083	4.13212
b4092	6.02997
b4093	13.4399
b4094	4.71738
b4095	1.08363
b4096	0.653792
b4097	1.708
b4098	1.41574
b4099	4.99126
b4100	8.19462
b4101	2.59481
b4102	0.0228145
b4104	1.58292
b4105	0
b4106	9.22983
b4108	1.2e-06
b4109	1.53991
b4110	0.259335
b4111	1.72
b4112	3.21038
b4113	0.887541
b4114	2.16696
b4115	0.518289
b4116	1.72328
b4117	1.44505
b4118	131.357
b4119	0.16209
b4121	0
b4122	0
b4123	0
b4124	0
b4125	3.50636
b4126	0
b4127	16.7859
b4128	0
b4129	3.62231
b4130	0.736714
b4135	0.633024
b4136	0.787554
b4137	1.42639
b4138	0
b4139	2286.86
b4140	0.663776
b4141	0.984323
b4142	4.35287e-06
b4143	0.587304
b4144	0
b4145	0
b4146	12.297
b4147	4.96168e-09
b4149	54.7884
b4150	0.863743
b4151	17.1333
b4152	0
b4153	4.52457
b4154	0
b4155	235.652
b4159	3.05628
b4160	0
b4161	7.092
b4162	0
b4166	0.340129
b4167	1.40833
b4168	417.508
b4169	0.293049
b4170	0.691779
b4171	0
b4172	7.87039e-06
b4173	0
b4174	213.386
b4175	1.20003e-06
b4177	3.21636
b4178	2.51082
b4179	1.34233
b4180	0.904915
b4186	0.179535
b4187	1.43795
b4188	2.98065e-05
b4189	2.14385
b4190	0
b4191	1.74566
b4192	1.56928
b4194	1.23017
b4195	0.604115
b4196	1.08411
b4197	0.852141
b4198	0.13576
b4199	0.459352
b4200	7.87049e-06
b4201	1355.94
b4202	4.98489e-09
b4203	0
b4205	603.263
b4206	2.64364
b4208	1.7735
b4209	2.41132
b4210	0.586244
b4211	2.71831
b4212	0
b4213	0.798537
b4214	3.72905
b4215	0.311317
b4216	0
b4217	2e-07
b4218	1.49556
b4219	0
b4220	0.860636
b4221	1.82023
b4222	0.325384
b4226	6.66442
b4227	3.45842
b4228	0.795749
b4230	0.335392
b4231	1.28357
b4232	9.96644
b4233	0
b4234	22.7591
b4235	1.49593
b4236	3.15264
b4237	0
b4238	0.291398
b4239	1.64802
b4240	0.420387
b4241	0.694575
b4242	1.63568
b4243	10000
b4244	0
b4245	0.856242
b4248	0
b4249	0
b4251	0.724649
b4254	2.73719
b4255	0
b4256	0
b4257	0.87172
b4258	1.3682
b4259	0.636914
b4260	2.88141
b4261	0
b4262	2.2158
b4263	3.68563
b4264	0.29859
b4265	0.597548
b4266	0
b4267	0.130487
b4268	0.727568
b4269	2.05543
b4278	0.223497
b4285	1.93997
b4287	7.20208
b4288	0
b4289	0
b4290	0
b4291	0
b4292	0
b4293	0
b4294	0
b4308	1.10708
b4309	0.956854
b4310	1.51943
b4311	62.6322
b4322	89.9073
b4323	3.23844
b4324	1.60076
b4325	0.543771
b4352	6.5946
b4353	0
b4354	2.1066
b4357	19.0006
b4358	2.61602
b4359	0
b4360	0
b4361	544.201
b4362	0
b4363	193.166
b4364	0.218365
b4366	0
b4371	4.74051
b4372	3.91452
b4373	0.98308
b4374	2.57183
b4375	1.23171
b4376	39.8904
b4377	8.69876
b4378	2.19116
b4379	0.276273
b4380	0
b4381	0.509808
b4382	8.76627
b4383	6.47319
b4384	651.415
b4386	1.77062
b4387	1.28243
b4388	16.3611
b4389	1.44409
b4390	0.901857
b4391	15.993
b4392	0.160237
b4393	1.273
b4394	20.5621
b4395	0
b4396	0.369093
b4397	53.539
b4398	0.774536
b4399	0
b4400	0.783416
b4401	0
b4405	1.76246
